**********************
Windows PowerShell transcript start
Start time: 20250122040459
Username: DESKTOP-IO2J2VQ\AliAmani
RunAs User: DESKTOP-IO2J2VQ\AliAmani
Configuration Name: 
Machine: DESKTOP-IO2J2VQ (Microsoft Windows NT 10.0.26100.0)
Host Application: powershell -NoExit -Command [Console]::OutputEncoding = [System.Text.Encoding]::UTF8; [Console]::InputEncoding = [System.Text.Encoding]::UTF8; $OutputEncoding = [System.Text.Encoding]::UTF8; $host.ui.RawUI.WindowTitle = "Scraper - 01_BuySpeed_01.py"; Start-Transcript -Path "scrapers\logs\01_BuySpeed_01_IN_PROGRESS.log" -Append; Write-Host "`n=== Scraper Status ===" -ForegroundColor Cyan; Write-Host "Script: 01_BuySpeed_01.py" -ForegroundColor Yellow; Write-Host "Status: Running" -ForegroundColor Green; Write-Host "Start Time: 04:04:56" -ForegroundColor Yellow; Write-Host "Log File: scrapers\logs\01_BuySpeed_01_IN_PROGRESS.log" -ForegroundColor Cyan; Write-Host "==============================`n"; function Format-ScraperOutput {     param($Message)     $timestamp = Get-Date -Format "HH:mm:ss";     if ($Message -match "^ERROR|FAILED|CRITICAL") {         Write-Host "[$timestamp] " -NoNewline;         Write-Host $Message -ForegroundColor Red;     }     elseif ($Message -match "^WARNING") {         Write-Host "[$timestamp] " -NoNewline;         Write-Host $Message -ForegroundColor Yellow;     }     elseif ($Message -match "^SUCCESS|COMPLETED|✓") {         Write-Host "[$timestamp] " -NoNewline;         Write-Host $Message -ForegroundColor Green;     }     elseif ($Message -match "^INFO|PROGRESS") {         Write-Host "[$timestamp] " -NoNewline;         Write-Host $Message -ForegroundColor Cyan;     }     else {         Write-Host "[$timestamp] $Message";     } }; & "C:\Users\AliAmani\Miniconda3\envs\bids\python.exe" "scrapers/01_BuySpeed_01.py" --days 1 2>&1 | ForEach-Object {     Format-ScraperOutput $_;     $host.ui.RawUI.WindowTitle = "Scraper - 01_BuySpeed_01.py - Running..."; }; $exitCode = $LASTEXITCODE; Stop-Transcript; if ($exitCode -eq 0) {     Rename-Item -Path "scrapers\logs\01_BuySpeed_01_IN_PROGRESS.log" -NewName "scrapers\logs\01_BuySpeed_01_COMPLETED.log" -Force; } else {     Rename-Item -Path "scrapers\logs\01_BuySpeed_01_IN_PROGRESS.log" -NewName "scrapers\logs\01_BuySpeed_01_FAILED.log" -Force; } Write-Host "`n=== Final Status ===" -ForegroundColor Cyan; Write-Host "End Time: " -NoNewline; Write-Host $(Get-Date -Format "HH:mm:ss") -ForegroundColor Yellow; Write-Host "Duration: " -NoNewline; Write-Host $([math]::Round(((Get-Date) - (Get-Date "04:04:56")).TotalMinutes, 2)) -NoNewline -ForegroundColor Yellow; Write-Host " minutes"; if ($exitCode -eq 0) {     Write-Host "Status: " -NoNewline;     Write-Host "Completed Successfully" -ForegroundColor Green;     $host.ui.RawUI.WindowTitle = "Scraper - 01_BuySpeed_01.py - Completed ✓"; } else {     Write-Host "Status: " -NoNewline;     Write-Host "Failed" -ForegroundColor Red;     $host.ui.RawUI.WindowTitle = "Scraper - 01_BuySpeed_01.py - Failed ✗";     Write-Host "Exit Code: $exitCode" -ForegroundColor Red; } Write-Host "==============================" -ForegroundColor Cyan; exit $exitCode; 
Process ID: 21104
PSVersion: 5.1.26100.2161
PSEdition: Desktop
PSCompatibleVersions: 1.0, 2.0, 3.0, 4.0, 5.0, 5.1.26100.2161
BuildVersion: 10.0.26100.2161
CLRVersion: 4.0.30319.42000
WSManStackVersion: 3.0
PSRemotingProtocolVersion: 2.3
SerializationVersion: 1.1.0.1
**********************
Transcript started, output file is scrapers\logs\01_BuySpeed_01_IN_PROGRESS.log

=== Scraper Status ===
Script: 01_BuySpeed_01.py
Status: Running
Start Time: 04:04:56
Log File: scrapers\logs\01_BuySpeed_01_IN_PROGRESS.log
==============================
[04:05:00] 📅 Date range calculated: 2025-01-21 to 2025-01-22
[04:05:00] 🚀 Multi-Site Bids Extraction Started
[04:05:00] 📅 Looking for bids from 2025-01-21 to 2025-01-22
[04:05:00]
📁 Saving data in folder: D:\PPH\web-scraping\2025-01-21\01_BuySpeed_01_IN_PROGRESS
[04:05:00]
📁 Temporary download folder: D:\PPH\web-scraping\2025-01-21\01_BuySpeed_01_IN_PROGRESS\01_BuySpeed_01
PS>TerminatingError(): "The pipeline has been stopped."
>> TerminatingError(): "The pipeline has been stopped."
PS D:\PPH\web-scraping>
**********************
Windows PowerShell transcript start
Start time: 20250122042953
Username: DESKTOP-IO2J2VQ\AliAmani
RunAs User: DESKTOP-IO2J2VQ\AliAmani
Configuration Name: 
Machine: DESKTOP-IO2J2VQ (Microsoft Windows NT 10.0.26100.0)
Host Application: powershell -NoExit -Command [Console]::OutputEncoding = [System.Text.Encoding]::UTF8; [Console]::InputEncoding = [System.Text.Encoding]::UTF8; $OutputEncoding = [System.Text.Encoding]::UTF8; $host.ui.RawUI.WindowTitle = "Scraper - 01_BuySpeed_01.py"; Start-Transcript -Path "scrapers\logs\01_BuySpeed_01_IN_PROGRESS.log" -Append; Write-Host "`n=== Scraper Status ===" -ForegroundColor Cyan; Write-Host "Script: 01_BuySpeed_01.py" -ForegroundColor Yellow; Write-Host "Status: Running" -ForegroundColor Green; Write-Host "Start Time: 04:29:50" -ForegroundColor Yellow; Write-Host "Log File: scrapers\logs\01_BuySpeed_01_IN_PROGRESS.log" -ForegroundColor Cyan; Write-Host "==============================`n"; function Format-ScraperOutput {     param($Message)     $timestamp = Get-Date -Format "HH:mm:ss";     if ($Message -match "^ERROR|FAILED|CRITICAL") {         Write-Host "[$timestamp] " -NoNewline;         Write-Host $Message -ForegroundColor Red;     }     elseif ($Message -match "^WARNING") {         Write-Host "[$timestamp] " -NoNewline;         Write-Host $Message -ForegroundColor Yellow;     }     elseif ($Message -match "^SUCCESS|COMPLETED|✓") {         Write-Host "[$timestamp] " -NoNewline;         Write-Host $Message -ForegroundColor Green;     }     elseif ($Message -match "^INFO|PROGRESS") {         Write-Host "[$timestamp] " -NoNewline;         Write-Host $Message -ForegroundColor Cyan;     }     else {         Write-Host "[$timestamp] $Message";     } }; & "C:\Users\AliAmani\Miniconda3\envs\bids\python.exe" "scrapers/01_BuySpeed_01.py" --days 2 2>&1 | ForEach-Object {     Format-ScraperOutput $_;     $host.ui.RawUI.WindowTitle = "Scraper - 01_BuySpeed_01.py - Running..."; }; $exitCode = $LASTEXITCODE; Stop-Transcript; if ($exitCode -eq 0) {     Rename-Item -Path "scrapers\logs\01_BuySpeed_01_IN_PROGRESS.log" -NewName "scrapers\logs\01_BuySpeed_01_COMPLETED.log" -Force; } else {     Rename-Item -Path "scrapers\logs\01_BuySpeed_01_IN_PROGRESS.log" -NewName "scrapers\logs\01_BuySpeed_01_FAILED.log" -Force; } Write-Host "`n=== Final Status ===" -ForegroundColor Cyan; Write-Host "End Time: " -NoNewline; Write-Host $(Get-Date -Format "HH:mm:ss") -ForegroundColor Yellow; Write-Host "Duration: " -NoNewline; Write-Host $([math]::Round(((Get-Date) - (Get-Date "04:29:50")).TotalMinutes, 2)) -NoNewline -ForegroundColor Yellow; Write-Host " minutes"; if ($exitCode -eq 0) {     Write-Host "Status: " -NoNewline;     Write-Host "Completed Successfully" -ForegroundColor Green;     $host.ui.RawUI.WindowTitle = "Scraper - 01_BuySpeed_01.py - Completed ✓"; } else {     Write-Host "Status: " -NoNewline;     Write-Host "Failed" -ForegroundColor Red;     $host.ui.RawUI.WindowTitle = "Scraper - 01_BuySpeed_01.py - Failed ✗";     Write-Host "Exit Code: $exitCode" -ForegroundColor Red; } Write-Host "==============================" -ForegroundColor Cyan; exit $exitCode; 
Process ID: 2648
PSVersion: 5.1.26100.2161
PSEdition: Desktop
PSCompatibleVersions: 1.0, 2.0, 3.0, 4.0, 5.0, 5.1.26100.2161
BuildVersion: 10.0.26100.2161
CLRVersion: 4.0.30319.42000
WSManStackVersion: 3.0
PSRemotingProtocolVersion: 2.3
SerializationVersion: 1.1.0.1
**********************
Transcript started, output file is scrapers\logs\01_BuySpeed_01_IN_PROGRESS.log

=== Scraper Status ===
Script: 01_BuySpeed_01.py
Status: Running
Start Time: 04:29:50
Log File: scrapers\logs\01_BuySpeed_01_IN_PROGRESS.log
==============================
[04:29:54] 📅 Date range calculated: 2025-01-20 to 2025-01-22
[04:29:54] 🚀 Multi-Site Bids Extraction Started
[04:29:54] 📅 Looking for bids from 2025-01-20 to 2025-01-22
[04:29:54]
📁 Saving data in folder: D:\PPH\web-scraping\2025-01-21\01_BuySpeed_01_IN_PROGRESS
[04:29:54]
📁 Temporary download folder: D:\PPH\web-scraping\2025-01-21\01_BuySpeed_01_IN_PROGRESS\01_BuySpeed_01
[04:30:35] ✅ Successfully loaded site: https://www.commbuys.com/bso/view/search/external/advancedSearchBid.xhtml?openBids=true
[04:30:47] Element click was intercepted. The page might not be in the expected state.
[04:30:47]
✅ Completed advanced search
[04:30:47] 📄 Processing Page 1
[04:30:50] 🔗 Found bid link: https://www.commbuys.com/bso/external/bidDetail.sdo?docId=BD-25-1142-30000-300-111741&external=true&parentUrl=close
[04:30:50] 🔗 Found bid link: https://www.commbuys.com/bso/external/bidDetail.sdo?docId=BD-23-1163-PD888-PD888-111731&external=true&parentUrl=close
[04:30:50] 🔗 Found bid link: https://www.commbuys.com/bso/external/bidDetail.sdo?docId=BD-25-1030-0H100-0H002-111721&external=true&parentUrl=close
[04:30:50] 🔗 Found bid link: https://www.commbuys.com/bso/external/bidDetail.sdo?docId=BD-25-1030-0H100-0H002-111716&external=true&parentUrl=close
[04:30:50] 🔗 Found bid link: https://www.commbuys.com/bso/external/bidDetail.sdo?docId=BD-23-1163-PD888-PD888-111715&external=true&parentUrl=close
[04:30:50] 🔗 Found bid link: https://www.commbuys.com/bso/external/bidDetail.sdo?docId=BD-22-1221-P0001-P0001-111713&external=true&parentUrl=close
[04:30:50] 🔗 Found bid link: https://www.commbuys.com/bso/external/bidDetail.sdo?docId=BD-25-1167-PUR02-PUR01-111712&external=true&parentUrl=close
[04:30:50] 🔗 Found bid link: https://www.commbuys.com/bso/external/bidDetail.sdo?docId=BD-25-1167-PUR02-PUR01-111711&external=true&parentUrl=close
[04:30:50] 🔗 Found bid link: https://www.commbuys.com/bso/external/bidDetail.sdo?docId=BD-25-1030-0H100-0H002-111709&external=true&parentUrl=close
[04:30:50] 🔗 Found bid link: https://www.commbuys.com/bso/external/bidDetail.sdo?docId=BD-25-1030-0H100-0H002-111705&external=true&parentUrl=close
[04:30:50] 🔗 Found bid link: https://www.commbuys.com/bso/external/bidDetail.sdo?docId=BD-25-1030-0H100-0H002-111704&external=true&parentUrl=close
[04:30:50] 🔗 Found bid link: https://www.commbuys.com/bso/external/bidDetail.sdo?docId=BD-25-1020-DCRCU-DC250-111702&external=true&parentUrl=close
[04:30:50] 🔗 Found bid link: https://www.commbuys.com/bso/external/bidDetail.sdo?docId=BD-25-1142-101-101-111699&external=true&parentUrl=close
[04:30:50] 🔗 Found bid link: https://www.commbuys.com/bso/external/bidDetail.sdo?docId=BD-25-1030-0H100-0H002-111698&external=true&parentUrl=close
[04:30:50] 🔗 Found bid link: https://www.commbuys.com/bso/external/bidDetail.sdo?docId=BD-25-1142-143-143-111697&external=true&parentUrl=close
[04:30:50] 🔗 Found bid link: https://www.commbuys.com/bso/external/bidDetail.sdo?docId=BD-25-1142-143-143-111695&external=true&parentUrl=close
[04:30:50] 🔗 Found bid link: https://www.commbuys.com/bso/external/bidDetail.sdo?docId=BD-25-1142-311-311-111693&external=true&parentUrl=close
[04:30:50] 🔗 Found bid link: https://www.commbuys.com/bso/external/bidDetail.sdo?docId=BD-25-1143-PRO15-PRO15-111691&external=true&parentUrl=close
[04:30:50] 🔗 Found bid link: https://www.commbuys.com/bso/external/bidDetail.sdo?docId=BD-25-1255-FD220-PFS10-111682&external=true&parentUrl=close
[04:30:50] 🔗 Found bid link: https://www.commbuys.com/bso/external/bidDetail.sdo?docId=BD-25-1002-1003-001-111680&external=true&parentUrl=close
[04:30:50] 🔗 Found bid link: https://www.commbuys.com/bso/external/bidDetail.sdo?docId=BD-24-1206-MBTA-MBTA-111667&external=true&parentUrl=close
[04:30:50] 🔗 Found bid link: https://www.commbuys.com/bso/external/bidDetail.sdo?docId=BD-25-1175-1175C-1175L-111666&external=true&parentUrl=close
[04:30:50] 🔗 Found bid link: https://www.commbuys.com/bso/external/bidDetail.sdo?docId=BD-25-2233-SCTM-SCTM-111665&external=true&parentUrl=close
[04:30:50] 🔗 Found bid link: https://www.commbuys.com/bso/external/bidDetail.sdo?docId=BD-25-1166-COS01-COS01-111663&external=true&parentUrl=close
[04:30:50] 🔗 Found bid link: https://www.commbuys.com/bso/external/bidDetail.sdo?docId=BD-25-1020-DCRCU-DC250-111661&external=true&parentUrl=close
[04:30:54] 📄 Processing Page 2
**********************
Windows PowerShell transcript start
Start time: 20250122102958
Username: DESKTOP-IO2J2VQ\AliAmani
RunAs User: DESKTOP-IO2J2VQ\AliAmani
Configuration Name: 
Machine: DESKTOP-IO2J2VQ (Microsoft Windows NT 10.0.26100.0)
Host Application: powershell -NoExit -Command [Console]::OutputEncoding = [System.Text.Encoding]::UTF8; [Console]::InputEncoding = [System.Text.Encoding]::UTF8; $OutputEncoding = [System.Text.Encoding]::UTF8; $host.ui.RawUI.WindowTitle = "Scraper - 01_BuySpeed_01.py"; Start-Transcript -Path "scrapers\logs\01_BuySpeed_01_IN_PROGRESS.log" -Append; Write-Host "`n=== Scraper Status ===" -ForegroundColor Cyan; Write-Host "Script: 01_BuySpeed_01.py" -ForegroundColor Yellow; Write-Host "Status: Running" -ForegroundColor Green; Write-Host "Start Time: 10:29:55" -ForegroundColor Yellow; Write-Host "Log File: scrapers\logs\01_BuySpeed_01_IN_PROGRESS.log" -ForegroundColor Cyan; Write-Host "==============================`n"; function Format-ScraperOutput {     param($Message)     $timestamp = Get-Date -Format "HH:mm:ss";     if ($Message -match "^ERROR|FAILED|CRITICAL") {         Write-Host "[$timestamp] " -NoNewline;         Write-Host $Message -ForegroundColor Red;     }     elseif ($Message -match "^WARNING") {         Write-Host "[$timestamp] " -NoNewline;         Write-Host $Message -ForegroundColor Yellow;     }     elseif ($Message -match "^SUCCESS|COMPLETED|✓") {         Write-Host "[$timestamp] " -NoNewline;         Write-Host $Message -ForegroundColor Green;     }     elseif ($Message -match "^INFO|PROGRESS") {         Write-Host "[$timestamp] " -NoNewline;         Write-Host $Message -ForegroundColor Cyan;     }     else {         Write-Host "[$timestamp] $Message";     } }; & "C:\Users\AliAmani\Miniconda3\envs\bids\python.exe" "scrapers/01_BuySpeed_01.py" --days 1 2>&1 | ForEach-Object {     Format-ScraperOutput $_;     $host.ui.RawUI.WindowTitle = "Scraper - 01_BuySpeed_01.py - Running..."; }; $exitCode = $LASTEXITCODE; Stop-Transcript; if ($exitCode -eq 0) {     Rename-Item -Path "scrapers\logs\01_BuySpeed_01_IN_PROGRESS.log" -NewName "scrapers\logs\01_BuySpeed_01_COMPLETED.log" -Force; } else {     Rename-Item -Path "scrapers\logs\01_BuySpeed_01_IN_PROGRESS.log" -NewName "scrapers\logs\01_BuySpeed_01_FAILED.log" -Force; } Write-Host "`n=== Final Status ===" -ForegroundColor Cyan; Write-Host "End Time: " -NoNewline; Write-Host $(Get-Date -Format "HH:mm:ss") -ForegroundColor Yellow; Write-Host "Duration: " -NoNewline; Write-Host $([math]::Round(((Get-Date) - (Get-Date "10:29:55")).TotalMinutes, 2)) -NoNewline -ForegroundColor Yellow; Write-Host " minutes"; if ($exitCode -eq 0) {     Write-Host "Status: " -NoNewline;     Write-Host "Completed Successfully" -ForegroundColor Green;     $host.ui.RawUI.WindowTitle = "Scraper - 01_BuySpeed_01.py - Completed ✓"; } else {     Write-Host "Status: " -NoNewline;     Write-Host "Failed" -ForegroundColor Red;     $host.ui.RawUI.WindowTitle = "Scraper - 01_BuySpeed_01.py - Failed ✗";     Write-Host "Exit Code: $exitCode" -ForegroundColor Red; } Write-Host "==============================" -ForegroundColor Cyan; exit $exitCode; 
Process ID: 32228
PSVersion: 5.1.26100.2161
PSEdition: Desktop
PSCompatibleVersions: 1.0, 2.0, 3.0, 4.0, 5.0, 5.1.26100.2161
BuildVersion: 10.0.26100.2161
CLRVersion: 4.0.30319.42000
WSManStackVersion: 3.0
PSRemotingProtocolVersion: 2.3
SerializationVersion: 1.1.0.1
**********************
Transcript started, output file is scrapers\logs\01_BuySpeed_01_IN_PROGRESS.log

=== Scraper Status ===
Script: 01_BuySpeed_01.py
Status: Running
Start Time: 10:29:55
Log File: scrapers\logs\01_BuySpeed_01_IN_PROGRESS.log
==============================
[10:29:59] 📅 Date range calculated: 2025-01-21 to 2025-01-22
[10:29:59] 🚀 Multi-Site Bids Extraction Started
[10:29:59] 📅 Looking for bids from 2025-01-21 to 2025-01-22
[10:29:59]
📁 Saving data in folder: D:\PPH\web-scraping\2025-01-21\01_BuySpeed_01_IN_PROGRESS
[10:29:59]
📁 Temporary download folder: D:\PPH\web-scraping\2025-01-21\01_BuySpeed_01_IN_PROGRESS\01_BuySpeed_01
[10:30:23] ✅ Successfully loaded site: https://www.commbuys.com/bso/view/search/external/advancedSearchBid.xhtml?openBids=true
PS>TerminatingError(): "The pipeline has been stopped."
>> TerminatingError(): "The pipeline has been stopped."
PS D:\PPH\web-scraping>
**********************
Windows PowerShell transcript start
Start time: 20250122104046
Username: DESKTOP-IO2J2VQ\AliAmani
RunAs User: DESKTOP-IO2J2VQ\AliAmani
Configuration Name: 
Machine: DESKTOP-IO2J2VQ (Microsoft Windows NT 10.0.26100.0)
Host Application: powershell -NoExit -Command [Console]::OutputEncoding = [System.Text.Encoding]::UTF8; [Console]::InputEncoding = [System.Text.Encoding]::UTF8; $OutputEncoding = [System.Text.Encoding]::UTF8; $host.ui.RawUI.WindowTitle = "Scraper - 01_BuySpeed_01.py"; Start-Transcript -Path "scrapers\logs\01_BuySpeed_01_IN_PROGRESS.log" -Append; Write-Host "`n=== Scraper Status ===" -ForegroundColor Cyan; Write-Host "Script: 01_BuySpeed_01.py" -ForegroundColor Yellow; Write-Host "Status: Running" -ForegroundColor Green; Write-Host "Start Time: 10:40:43" -ForegroundColor Yellow; Write-Host "Log File: scrapers\logs\01_BuySpeed_01_IN_PROGRESS.log" -ForegroundColor Cyan; Write-Host "==============================`n"; function Format-ScraperOutput {     param($Message)     $timestamp = Get-Date -Format "HH:mm:ss";     if ($Message -match "^ERROR|FAILED|CRITICAL") {         Write-Host "[$timestamp] " -NoNewline;         Write-Host $Message -ForegroundColor Red;     }     elseif ($Message -match "^WARNING") {         Write-Host "[$timestamp] " -NoNewline;         Write-Host $Message -ForegroundColor Yellow;     }     elseif ($Message -match "^SUCCESS|COMPLETED|✓") {         Write-Host "[$timestamp] " -NoNewline;         Write-Host $Message -ForegroundColor Green;     }     elseif ($Message -match "^INFO|PROGRESS") {         Write-Host "[$timestamp] " -NoNewline;         Write-Host $Message -ForegroundColor Cyan;     }     else {         Write-Host "[$timestamp] $Message";     } }; & "C:\Users\AliAmani\Miniconda3\envs\bids\python.exe" "scrapers/01_BuySpeed_01.py" --days 1 2>&1 | ForEach-Object {     Format-ScraperOutput $_;     $host.ui.RawUI.WindowTitle = "Scraper - 01_BuySpeed_01.py - Running..."; }; $exitCode = $LASTEXITCODE; Stop-Transcript; if ($exitCode -eq 0) {     Rename-Item -Path "scrapers\logs\01_BuySpeed_01_IN_PROGRESS.log" -NewName "scrapers\logs\01_BuySpeed_01_COMPLETED.log" -Force; } else {     Rename-Item -Path "scrapers\logs\01_BuySpeed_01_IN_PROGRESS.log" -NewName "scrapers\logs\01_BuySpeed_01_FAILED.log" -Force; } Write-Host "`n=== Final Status ===" -ForegroundColor Cyan; Write-Host "End Time: " -NoNewline; Write-Host $(Get-Date -Format "HH:mm:ss") -ForegroundColor Yellow; Write-Host "Duration: " -NoNewline; Write-Host $([math]::Round(((Get-Date) - (Get-Date "10:40:43")).TotalMinutes, 2)) -NoNewline -ForegroundColor Yellow; Write-Host " minutes"; if ($exitCode -eq 0) {     Write-Host "Status: " -NoNewline;     Write-Host "Completed Successfully" -ForegroundColor Green;     $host.ui.RawUI.WindowTitle = "Scraper - 01_BuySpeed_01.py - Completed ✓"; } else {     Write-Host "Status: " -NoNewline;     Write-Host "Failed" -ForegroundColor Red;     $host.ui.RawUI.WindowTitle = "Scraper - 01_BuySpeed_01.py - Failed ✗";     Write-Host "Exit Code: $exitCode" -ForegroundColor Red; } Write-Host "==============================" -ForegroundColor Cyan; exit $exitCode; 
Process ID: 18048
PSVersion: 5.1.26100.2161
PSEdition: Desktop
PSCompatibleVersions: 1.0, 2.0, 3.0, 4.0, 5.0, 5.1.26100.2161
BuildVersion: 10.0.26100.2161
CLRVersion: 4.0.30319.42000
WSManStackVersion: 3.0
PSRemotingProtocolVersion: 2.3
SerializationVersion: 1.1.0.1
**********************
Transcript started, output file is scrapers\logs\01_BuySpeed_01_IN_PROGRESS.log

=== Scraper Status ===
Script: 01_BuySpeed_01.py
Status: Running
Start Time: 10:40:43
Log File: scrapers\logs\01_BuySpeed_01_IN_PROGRESS.log
==============================
[10:40:46] 📅 Date range calculated: 2025-01-21 to 2025-01-22
[10:40:46] 🚀 Multi-Site Bids Extraction Started
[10:40:46] 📅 Looking for bids from 2025-01-21 to 2025-01-22
[10:40:46]
📁 Saving data in folder: D:\PPH\web-scraping\2025-01-21\01_BuySpeed_01_IN_PROGRESS
[10:40:46]
📁 Temporary download folder: D:\PPH\web-scraping\2025-01-21\01_BuySpeed_01_IN_PROGRESS\01_BuySpeed_01
PS>TerminatingError(): "The pipeline has been stopped."
>> TerminatingError(): "The pipeline has been stopped."
PS D:\PPH\web-scraping>
**********************
Windows PowerShell transcript start
Start time: 20250122105054
Username: DESKTOP-IO2J2VQ\AliAmani
RunAs User: DESKTOP-IO2J2VQ\AliAmani
Configuration Name: 
Machine: DESKTOP-IO2J2VQ (Microsoft Windows NT 10.0.26100.0)
Host Application: powershell -NoExit -Command [Console]::OutputEncoding = [System.Text.Encoding]::UTF8; [Console]::InputEncoding = [System.Text.Encoding]::UTF8; $OutputEncoding = [System.Text.Encoding]::UTF8; $host.ui.RawUI.WindowTitle = "Scraper - 01_BuySpeed_01.py"; Start-Transcript -Path "scrapers\logs\01_BuySpeed_01_IN_PROGRESS.log" -Append; Write-Host "`n=== Scraper Status ===" -ForegroundColor Cyan; Write-Host "Script: 01_BuySpeed_01.py" -ForegroundColor Yellow; Write-Host "Status: Running" -ForegroundColor Green; Write-Host "Start Time: 10:50:50" -ForegroundColor Yellow; Write-Host "Log File: scrapers\logs\01_BuySpeed_01_IN_PROGRESS.log" -ForegroundColor Cyan; Write-Host "==============================`n"; function Format-ScraperOutput {     param($Message)     $timestamp = Get-Date -Format "HH:mm:ss";     if ($Message -match "^ERROR|FAILED|CRITICAL") {         Write-Host "[$timestamp] " -NoNewline;         Write-Host $Message -ForegroundColor Red;     }     elseif ($Message -match "^WARNING") {         Write-Host "[$timestamp] " -NoNewline;         Write-Host $Message -ForegroundColor Yellow;     }     elseif ($Message -match "^SUCCESS|COMPLETED|✓") {         Write-Host "[$timestamp] " -NoNewline;         Write-Host $Message -ForegroundColor Green;     }     elseif ($Message -match "^INFO|PROGRESS") {         Write-Host "[$timestamp] " -NoNewline;         Write-Host $Message -ForegroundColor Cyan;     }     else {         Write-Host "[$timestamp] $Message";     } }; & "C:\Users\AliAmani\Miniconda3\envs\bids\python.exe" "scrapers/01_BuySpeed_01.py" --days 1 2>&1 | ForEach-Object {     Format-ScraperOutput $_;     $host.ui.RawUI.WindowTitle = "Scraper - 01_BuySpeed_01.py - Running..."; }; $exitCode = $LASTEXITCODE; Stop-Transcript; if ($exitCode -eq 0) {     Rename-Item -Path "scrapers\logs\01_BuySpeed_01_IN_PROGRESS.log" -NewName "scrapers\logs\01_BuySpeed_01_COMPLETED.log" -Force; } else {     Rename-Item -Path "scrapers\logs\01_BuySpeed_01_IN_PROGRESS.log" -NewName "scrapers\logs\01_BuySpeed_01_FAILED.log" -Force; } Write-Host "`n=== Final Status ===" -ForegroundColor Cyan; Write-Host "End Time: " -NoNewline; Write-Host $(Get-Date -Format "HH:mm:ss") -ForegroundColor Yellow; Write-Host "Duration: " -NoNewline; Write-Host $([math]::Round(((Get-Date) - (Get-Date "10:50:50")).TotalMinutes, 2)) -NoNewline -ForegroundColor Yellow; Write-Host " minutes"; if ($exitCode -eq 0) {     Write-Host "Status: " -NoNewline;     Write-Host "Completed Successfully" -ForegroundColor Green;     $host.ui.RawUI.WindowTitle = "Scraper - 01_BuySpeed_01.py - Completed ✓"; } else {     Write-Host "Status: " -NoNewline;     Write-Host "Failed" -ForegroundColor Red;     $host.ui.RawUI.WindowTitle = "Scraper - 01_BuySpeed_01.py - Failed ✗";     Write-Host "Exit Code: $exitCode" -ForegroundColor Red; } Write-Host "==============================" -ForegroundColor Cyan; exit $exitCode; 
Process ID: 33224
PSVersion: 5.1.26100.2161
PSEdition: Desktop
PSCompatibleVersions: 1.0, 2.0, 3.0, 4.0, 5.0, 5.1.26100.2161
BuildVersion: 10.0.26100.2161
CLRVersion: 4.0.30319.42000
WSManStackVersion: 3.0
PSRemotingProtocolVersion: 2.3
SerializationVersion: 1.1.0.1
**********************
Transcript started, output file is scrapers\logs\01_BuySpeed_01_IN_PROGRESS.log

=== Scraper Status ===
Script: 01_BuySpeed_01.py
Status: Running
Start Time: 10:50:50
Log File: scrapers\logs\01_BuySpeed_01_IN_PROGRESS.log
==============================
[10:50:55] 📅 Date range calculated: 2025-01-21 to 2025-01-22
[10:50:55] 🚀 Multi-Site Bids Extraction Started
[10:50:55] 📅 Looking for bids from 2025-01-21 to 2025-01-22
[10:50:55]
📁 Saving data in folder: D:\PPH\web-scraping\2025-01-21\01_BuySpeed_01_IN_PROGRESS
[10:50:55]
📁 Temporary download folder: D:\PPH\web-scraping\2025-01-21\01_BuySpeed_01_IN_PROGRESS\01_BuySpeed_01
[10:51:26] ✅ Successfully loaded site: https://www.commbuys.com/bso/view/search/external/advancedSearchBid.xhtml?openBids=true
[10:51:37] Element click was intercepted. The page might not be in the expected state.
[10:51:37]
✅ Completed advanced search
[10:51:37] 📄 Processing Page 1
[10:51:40] 🔗 Found bid link: https://www.commbuys.com/bso/external/bidDetail.sdo?docId=BD-24-1627-BOS17-BOS17-111756&external=true&parentUrl=close
[10:51:40] 🔗 Found bid link: https://www.commbuys.com/bso/external/bidDetail.sdo?docId=BD-24-1270-TOF01-TOF01-111754&external=true&parentUrl=close
[10:51:40] 🔗 Found bid link: https://www.commbuys.com/bso/external/bidDetail.sdo?docId=BD-25-1166-COS01-COS01-111749&external=true&parentUrl=close
[10:51:40] 🔗 Found bid link: https://www.commbuys.com/bso/external/bidDetail.sdo?docId=BD-25-1507-FHA01-JJB01-111744&external=true&parentUrl=close
[10:51:40] 🔗 Found bid link: https://www.commbuys.com/bso/external/bidDetail.sdo?docId=BD-25-1059-MAOIG-MAOIG-111742&external=true&parentUrl=close
[10:51:40] 🔗 Found bid link: https://www.commbuys.com/bso/external/bidDetail.sdo?docId=BD-25-1142-30000-300-111741&external=true&parentUrl=close
[10:51:40] 🔗 Found bid link: https://www.commbuys.com/bso/external/bidDetail.sdo?docId=BD-24-1154-PUCH1-PUCH1-111738&external=true&parentUrl=close
[10:51:40] 🔗 Found bid link: https://www.commbuys.com/bso/external/bidDetail.sdo?docId=BD-23-1163-PD888-PD888-111731&external=true&parentUrl=close
[10:51:40] 🔗 Found bid link: https://www.commbuys.com/bso/external/bidDetail.sdo?docId=BD-25-1290-LFDPW-DPW-111729&external=true&parentUrl=close
[10:51:40] 🔗 Found bid link: https://www.commbuys.com/bso/external/bidDetail.sdo?docId=BD-25-1019-DCP04-BID01-111726&external=true&parentUrl=close
[10:51:40] 🔗 Found bid link: https://www.commbuys.com/bso/external/bidDetail.sdo?docId=BD-25-1019-DCP04-BID01-111723&external=true&parentUrl=close
[10:51:40] 🔗 Found bid link: https://www.commbuys.com/bso/external/bidDetail.sdo?docId=BD-25-1030-0H100-0H002-111721&external=true&parentUrl=close
[10:51:40] 🔗 Found bid link: https://www.commbuys.com/bso/external/bidDetail.sdo?docId=BD-25-1429-TABOS-TABOS-111717&external=true&parentUrl=close
[10:51:40] 🔗 Found bid link: https://www.commbuys.com/bso/external/bidDetail.sdo?docId=BD-25-1030-0H100-0H002-111716&external=true&parentUrl=close
[10:51:40] 🔗 Found bid link: https://www.commbuys.com/bso/external/bidDetail.sdo?docId=BD-23-1163-PD888-PD888-111715&external=true&parentUrl=close
[10:51:40] 🔗 Found bid link: https://www.commbuys.com/bso/external/bidDetail.sdo?docId=BD-22-1221-P0001-P0001-111713&external=true&parentUrl=close
[10:51:40] 🔗 Found bid link: https://www.commbuys.com/bso/external/bidDetail.sdo?docId=BD-25-1167-PUR02-PUR01-111712&external=true&parentUrl=close
[10:51:40] 🔗 Found bid link: https://www.commbuys.com/bso/external/bidDetail.sdo?docId=BD-25-1167-PUR02-PUR01-111711&external=true&parentUrl=close
[10:51:40] 🔗 Found bid link: https://www.commbuys.com/bso/external/bidDetail.sdo?docId=BD-25-1030-0H100-0H002-111709&external=true&parentUrl=close
[10:51:40] 🔗 Found bid link: https://www.commbuys.com/bso/external/bidDetail.sdo?docId=BD-25-1030-0H100-0H002-111705&external=true&parentUrl=close
[10:51:40] 🔗 Found bid link: https://www.commbuys.com/bso/external/bidDetail.sdo?docId=BD-25-1030-0H100-0H002-111704&external=true&parentUrl=close
[10:51:40] 🔗 Found bid link: https://www.commbuys.com/bso/external/bidDetail.sdo?docId=BD-25-1020-DCRCU-DC250-111702&external=true&parentUrl=close
[10:51:40] 🔗 Found bid link: https://www.commbuys.com/bso/external/bidDetail.sdo?docId=BD-25-2021-NSRSD-NSRSD-111700&external=true&parentUrl=close
[10:51:41] 🔗 Found bid link: https://www.commbuys.com/bso/external/bidDetail.sdo?docId=BD-25-1142-101-101-111699&external=true&parentUrl=close
[10:51:41] 🔗 Found bid link: https://www.commbuys.com/bso/external/bidDetail.sdo?docId=BD-25-1030-0H100-0H002-111698&external=true&parentUrl=close
[10:51:45] 📄 Processing Page 2
[10:51:52] 📄 Processing Page 3
[10:51:55] 🔗 Found bid link: https://www.commbuys.com/bso/external/bidDetail.sdo?docId=BD-25-1142-143-143-111697&external=true&parentUrl=close
[10:51:55] 🔗 Found bid link: https://www.commbuys.com/bso/external/bidDetail.sdo?docId=BD-25-1158-NBPT3-NBPT3-111696&external=true&parentUrl=close
[10:51:55] 🔗 Found bid link: https://www.commbuys.com/bso/external/bidDetail.sdo?docId=BD-25-1142-143-143-111695&external=true&parentUrl=close
[10:51:55] 🔗 Found bid link: https://www.commbuys.com/bso/external/bidDetail.sdo?docId=BD-25-1436-HHA01-HHA01-111694&external=true&parentUrl=close
[10:51:55] 🔗 Found bid link: https://www.commbuys.com/bso/external/bidDetail.sdo?docId=BD-25-1142-311-311-111693&external=true&parentUrl=close
[10:51:55] 🔗 Found bid link: https://www.commbuys.com/bso/external/bidDetail.sdo?docId=BD-25-1143-PRO15-PRO15-111691&external=true&parentUrl=close
[10:51:55] 🔗 Found bid link: https://www.commbuys.com/bso/external/bidDetail.sdo?docId=BD-25-1608-WHA00-WHA00-111690&external=true&parentUrl=close
[10:51:55] 🔗 Found bid link: https://www.commbuys.com/bso/external/bidDetail.sdo?docId=BD-25-1255-FD220-PFS10-111682&external=true&parentUrl=close
[10:51:55] 🔗 Found bid link: https://www.commbuys.com/bso/external/bidDetail.sdo?docId=BD-25-1002-1003-001-111680&external=true&parentUrl=close
[10:51:55] 🔗 Found bid link: https://www.commbuys.com/bso/external/bidDetail.sdo?docId=BD-25-1412-PRCH1-PRCH1-111679&external=true&parentUrl=close
[10:51:55] 🔗 Found bid link: https://www.commbuys.com/bso/external/bidDetail.sdo?docId=BD-24-1206-MBTA-MBTA-111667&external=true&parentUrl=close
[10:51:55] 🔗 Found bid link: https://www.commbuys.com/bso/external/bidDetail.sdo?docId=BD-25-1175-1175C-1175L-111666&external=true&parentUrl=close
[10:51:55] 🔗 Found bid link: https://www.commbuys.com/bso/external/bidDetail.sdo?docId=BD-25-2233-SCTM-SCTM-111665&external=true&parentUrl=close
[10:51:55] 🔗 Found bid link: https://www.commbuys.com/bso/external/bidDetail.sdo?docId=BD-25-1166-COS01-COS01-111663&external=true&parentUrl=close
[10:51:55] 🔗 Found bid link: https://www.commbuys.com/bso/external/bidDetail.sdo?docId=BD-25-1020-DCRCU-DC250-111661&external=true&parentUrl=close
[10:51:55] 🔗 Found bid link: https://www.commbuys.com/bso/external/bidDetail.sdo?docId=BD-25-1793-SSRSD-SSRD2-111659&external=true&parentUrl=close
[10:51:55] 🔗 Found bid link: https://www.commbuys.com/bso/external/bidDetail.sdo?docId=BD-25-1109-UMBOS-BOS-111656&external=true&parentUrl=close
[10:51:55] 🔗 Found bid link: https://www.commbuys.com/bso/external/bidDetail.sdo?docId=BD-25-1076-OCDDE-OCD01-111648&external=true&parentUrl=close
[10:51:56] 🔗 Found bid link: https://www.commbuys.com/bso/external/bidDetail.sdo?docId=BD-25-1342-WAYFA-02-111645&external=true&parentUrl=close
[10:51:56] 🔗 Found bid link: https://www.commbuys.com/bso/external/bidDetail.sdo?docId=BD-25-1301-2-2-111643&external=true&parentUrl=close
[10:51:56] 🔗 Found bid link: https://www.commbuys.com/bso/external/bidDetail.sdo?docId=BD-25-1610-WHAMD-WHAMD-111642&external=true&parentUrl=close
[10:51:56] 🔗 Found bid link: https://www.commbuys.com/bso/external/bidDetail.sdo?docId=BD-25-1022-DMH08-8210C-111641&external=true&parentUrl=close
[10:51:56] 🔗 Found bid link: https://www.commbuys.com/bso/external/bidDetail.sdo?docId=BD-22-2061-HWRSD-HWRSD-111639&external=true&parentUrl=close
[10:51:56] 🔗 Found bid link: https://www.commbuys.com/bso/external/bidDetail.sdo?docId=BD-25-1037-2CTF0-CTF00-111637&external=true&parentUrl=close
[10:51:56] 🔗 Found bid link: https://www.commbuys.com/bso/external/bidDetail.sdo?docId=BD-25-1268-TNM02-TNM02-111636&external=true&parentUrl=close
[10:51:56]
[10:51:56] 📊 Found 50 bids
[10:51:56]
[10:51:56] 🔍 Processing bid 1/50
[10:51:56] 🔗 URL: https://www.commbuys.com/bso/external/bidDetail.sdo?docId=BD-24-1627-BOS17-BOS17-111756&external=true&parentUrl=close
[10:51:56]
[10:51:56] 📄 Processing bid page: https://www.commbuys.com/bso/external/bidDetail.sdo?docId=BD-24-1627-BOS17-BOS17-111756&external=true&parentUrl=close
PS>TerminatingError(): "The pipeline has been stopped."
>> TerminatingError(): "The pipeline has been stopped."
PS D:\PPH\web-scraping>
**********************
Windows PowerShell transcript start
Start time: 20250122110224
Username: DESKTOP-IO2J2VQ\AliAmani
RunAs User: DESKTOP-IO2J2VQ\AliAmani
Configuration Name: 
Machine: DESKTOP-IO2J2VQ (Microsoft Windows NT 10.0.26100.0)
Host Application: powershell -NoExit -Command [Console]::OutputEncoding = [System.Text.Encoding]::UTF8; [Console]::InputEncoding = [System.Text.Encoding]::UTF8; $OutputEncoding = [System.Text.Encoding]::UTF8; $host.ui.RawUI.WindowTitle = "Scraper - 01_BuySpeed_01.py"; Start-Transcript -Path "scrapers\logs\01_BuySpeed_01_IN_PROGRESS.log" -Append; Write-Host "`n=== Scraper Status ===" -ForegroundColor Cyan; Write-Host "Script: 01_BuySpeed_01.py" -ForegroundColor Yellow; Write-Host "Status: Running" -ForegroundColor Green; Write-Host "Start Time: 11:02:21" -ForegroundColor Yellow; Write-Host "Log File: scrapers\logs\01_BuySpeed_01_IN_PROGRESS.log" -ForegroundColor Cyan; Write-Host "==============================`n"; function Format-ScraperOutput {     param($Message)     $timestamp = Get-Date -Format "HH:mm:ss";     if ($Message -match "^ERROR|FAILED|CRITICAL") {         Write-Host "[$timestamp] " -NoNewline;         Write-Host $Message -ForegroundColor Red;     }     elseif ($Message -match "^WARNING") {         Write-Host "[$timestamp] " -NoNewline;         Write-Host $Message -ForegroundColor Yellow;     }     elseif ($Message -match "^SUCCESS|COMPLETED|✓") {         Write-Host "[$timestamp] " -NoNewline;         Write-Host $Message -ForegroundColor Green;     }     elseif ($Message -match "^INFO|PROGRESS") {         Write-Host "[$timestamp] " -NoNewline;         Write-Host $Message -ForegroundColor Cyan;     }     else {         Write-Host "[$timestamp] $Message";     } }; & "C:\Users\AliAmani\Miniconda3\envs\bids\python.exe" "scrapers/01_BuySpeed_01.py" --days 1 2>&1 | ForEach-Object {     Format-ScraperOutput $_;     $host.ui.RawUI.WindowTitle = "Scraper - 01_BuySpeed_01.py - Running..."; }; $exitCode = $LASTEXITCODE; Stop-Transcript; if ($exitCode -eq 0) {     Rename-Item -Path "scrapers\logs\01_BuySpeed_01_IN_PROGRESS.log" -NewName "scrapers\logs\01_BuySpeed_01_COMPLETED.log" -Force; } else {     Rename-Item -Path "scrapers\logs\01_BuySpeed_01_IN_PROGRESS.log" -NewName "scrapers\logs\01_BuySpeed_01_FAILED.log" -Force; } Write-Host "`n=== Final Status ===" -ForegroundColor Cyan; Write-Host "End Time: " -NoNewline; Write-Host $(Get-Date -Format "HH:mm:ss") -ForegroundColor Yellow; Write-Host "Duration: " -NoNewline; Write-Host $([math]::Round(((Get-Date) - (Get-Date "11:02:21")).TotalMinutes, 2)) -NoNewline -ForegroundColor Yellow; Write-Host " minutes"; if ($exitCode -eq 0) {     Write-Host "Status: " -NoNewline;     Write-Host "Completed Successfully" -ForegroundColor Green;     $host.ui.RawUI.WindowTitle = "Scraper - 01_BuySpeed_01.py - Completed ✓"; } else {     Write-Host "Status: " -NoNewline;     Write-Host "Failed" -ForegroundColor Red;     $host.ui.RawUI.WindowTitle = "Scraper - 01_BuySpeed_01.py - Failed ✗";     Write-Host "Exit Code: $exitCode" -ForegroundColor Red; } Write-Host "==============================" -ForegroundColor Cyan; exit $exitCode; 
Process ID: 31964
PSVersion: 5.1.26100.2161
PSEdition: Desktop
PSCompatibleVersions: 1.0, 2.0, 3.0, 4.0, 5.0, 5.1.26100.2161
BuildVersion: 10.0.26100.2161
CLRVersion: 4.0.30319.42000
WSManStackVersion: 3.0
PSRemotingProtocolVersion: 2.3
SerializationVersion: 1.1.0.1
**********************
Transcript started, output file is scrapers\logs\01_BuySpeed_01_IN_PROGRESS.log

=== Scraper Status ===
Script: 01_BuySpeed_01.py
Status: Running
Start Time: 11:02:21
Log File: scrapers\logs\01_BuySpeed_01_IN_PROGRESS.log
==============================
[11:02:25] 📅 Date range calculated: 2025-01-21 to 2025-01-22
[11:02:25] 🚀 Multi-Site Bids Extraction Started
[11:02:25] 📅 Looking for bids from 2025-01-21 to 2025-01-22
[11:02:25]
📁 Saving data in folder: D:\PPH\web-scraping\2025-01-21\01_BuySpeed_01_IN_PROGRESS
[11:02:25]
📁 Temporary download folder: D:\PPH\web-scraping\2025-01-21\01_BuySpeed_01_IN_PROGRESS\01_BuySpeed_01
**********************
Windows PowerShell transcript start
Start time: 20250122110506
Username: DESKTOP-IO2J2VQ\AliAmani
RunAs User: DESKTOP-IO2J2VQ\AliAmani
Configuration Name: 
Machine: DESKTOP-IO2J2VQ (Microsoft Windows NT 10.0.26100.0)
Host Application: powershell -NoExit -Command [Console]::OutputEncoding = [System.Text.Encoding]::UTF8; [Console]::InputEncoding = [System.Text.Encoding]::UTF8; $OutputEncoding = [System.Text.Encoding]::UTF8; $host.ui.RawUI.WindowTitle = "Scraper - 01_BuySpeed_01.py"; Start-Transcript -Path "scrapers\logs\01_BuySpeed_01_IN_PROGRESS.log" -Append; Write-Host "`n=== Scraper Status ===" -ForegroundColor Cyan; Write-Host "Script: 01_BuySpeed_01.py" -ForegroundColor Yellow; Write-Host "Status: Running" -ForegroundColor Green; Write-Host "Start Time: 11:05:04" -ForegroundColor Yellow; Write-Host "Log File: scrapers\logs\01_BuySpeed_01_IN_PROGRESS.log" -ForegroundColor Cyan; Write-Host "==============================`n"; function Format-ScraperOutput {     param($Message)     $timestamp = Get-Date -Format "HH:mm:ss";     if ($Message -match "^ERROR|FAILED|CRITICAL") {         Write-Host "[$timestamp] " -NoNewline;         Write-Host $Message -ForegroundColor Red;     }     elseif ($Message -match "^WARNING") {         Write-Host "[$timestamp] " -NoNewline;         Write-Host $Message -ForegroundColor Yellow;     }     elseif ($Message -match "^SUCCESS|COMPLETED|✓") {         Write-Host "[$timestamp] " -NoNewline;         Write-Host $Message -ForegroundColor Green;     }     elseif ($Message -match "^INFO|PROGRESS") {         Write-Host "[$timestamp] " -NoNewline;         Write-Host $Message -ForegroundColor Cyan;     }     else {         Write-Host "[$timestamp] $Message";     } }; & "C:\Users\AliAmani\Miniconda3\envs\bids\python.exe" "scrapers/01_BuySpeed_01.py" --days 1 2>&1 | ForEach-Object {     Format-ScraperOutput $_;     $host.ui.RawUI.WindowTitle = "Scraper - 01_BuySpeed_01.py - Running..."; }; $exitCode = $LASTEXITCODE; Stop-Transcript; if ($exitCode -eq 0) {     Rename-Item -Path "scrapers\logs\01_BuySpeed_01_IN_PROGRESS.log" -NewName "scrapers\logs\01_BuySpeed_01_COMPLETED.log" -Force; } else {     Rename-Item -Path "scrapers\logs\01_BuySpeed_01_IN_PROGRESS.log" -NewName "scrapers\logs\01_BuySpeed_01_FAILED.log" -Force; } Write-Host "`n=== Final Status ===" -ForegroundColor Cyan; Write-Host "End Time: " -NoNewline; Write-Host $(Get-Date -Format "HH:mm:ss") -ForegroundColor Yellow; Write-Host "Duration: " -NoNewline; Write-Host $([math]::Round(((Get-Date) - (Get-Date "11:05:04")).TotalMinutes, 2)) -NoNewline -ForegroundColor Yellow; Write-Host " minutes"; if ($exitCode -eq 0) {     Write-Host "Status: " -NoNewline;     Write-Host "Completed Successfully" -ForegroundColor Green;     $host.ui.RawUI.WindowTitle = "Scraper - 01_BuySpeed_01.py - Completed ✓"; } else {     Write-Host "Status: " -NoNewline;     Write-Host "Failed" -ForegroundColor Red;     $host.ui.RawUI.WindowTitle = "Scraper - 01_BuySpeed_01.py - Failed ✗";     Write-Host "Exit Code: $exitCode" -ForegroundColor Red; } Write-Host "==============================" -ForegroundColor Cyan; exit $exitCode; 
Process ID: 10396
PSVersion: 5.1.26100.2161
PSEdition: Desktop
PSCompatibleVersions: 1.0, 2.0, 3.0, 4.0, 5.0, 5.1.26100.2161
BuildVersion: 10.0.26100.2161
CLRVersion: 4.0.30319.42000
WSManStackVersion: 3.0
PSRemotingProtocolVersion: 2.3
SerializationVersion: 1.1.0.1
**********************
Transcript started, output file is scrapers\logs\01_BuySpeed_01_IN_PROGRESS.log

=== Scraper Status ===
Script: 01_BuySpeed_01.py
Status: Running
Start Time: 11:05:04
Log File: scrapers\logs\01_BuySpeed_01_IN_PROGRESS.log
==============================
[11:05:07] 📅 Date range calculated: 2025-01-21 to 2025-01-22
[11:05:07] 🚀 Multi-Site Bids Extraction Started
[11:05:07] 📅 Looking for bids from 2025-01-21 to 2025-01-22
[11:05:07]
📁 Saving data in folder: D:\PPH\web-scraping\2025-01-21\01_BuySpeed_01_IN_PROGRESS
[11:05:07]
📁 Temporary download folder: D:\PPH\web-scraping\2025-01-21\01_BuySpeed_01_IN_PROGRESS\01_BuySpeed_01
PS>TerminatingError(): "The pipeline has been stopped."
>> TerminatingError(): "The pipeline has been stopped."
PS D:\PPH\web-scraping>
﻿**********************
Windows PowerShell transcript start
Start time: 20250122111617
Username: DESKTOP-IO2J2VQ\AliAmani
RunAs User: DESKTOP-IO2J2VQ\AliAmani
Configuration Name: 
Machine: DESKTOP-IO2J2VQ (Microsoft Windows NT 10.0.26100.0)
Host Application: powershell -NoExit -Command [Console]::OutputEncoding = [System.Text.Encoding]::UTF8; [Console]::InputEncoding = [System.Text.Encoding]::UTF8; $OutputEncoding = [System.Text.Encoding]::UTF8; $host.ui.RawUI.WindowTitle = "Scraper - 01_BuySpeed_01.py"; Start-Transcript -Path "scrapers\logs\01_BuySpeed_01_IN_PROGRESS.log" -Append; Write-Host "`n=== Scraper Status ===" -ForegroundColor Cyan; Write-Host "Script: 01_BuySpeed_01.py" -ForegroundColor Yellow; Write-Host "Status: Running" -ForegroundColor Green; Write-Host "Start Time: 11:16:14" -ForegroundColor Yellow; Write-Host "Log File: scrapers\logs\01_BuySpeed_01_IN_PROGRESS.log" -ForegroundColor Cyan; Write-Host "==============================`n"; function Format-ScraperOutput {     param($Message)     $timestamp = Get-Date -Format "HH:mm:ss";     if ($Message -match "^ERROR|FAILED|CRITICAL") {         Write-Host "[$timestamp] " -NoNewline;         Write-Host $Message -ForegroundColor Red;     }     elseif ($Message -match "^WARNING") {         Write-Host "[$timestamp] " -NoNewline;         Write-Host $Message -ForegroundColor Yellow;     }     elseif ($Message -match "^SUCCESS|COMPLETED|✓") {         Write-Host "[$timestamp] " -NoNewline;         Write-Host $Message -ForegroundColor Green;     }     elseif ($Message -match "^INFO|PROGRESS") {         Write-Host "[$timestamp] " -NoNewline;         Write-Host $Message -ForegroundColor Cyan;     }     else {         Write-Host "[$timestamp] $Message";     } }; & "C:\Users\AliAmani\Miniconda3\envs\bids\python.exe" "scrapers/01_BuySpeed_01.py" --days 1 2>&1 | ForEach-Object {     Format-ScraperOutput $_;     $host.ui.RawUI.WindowTitle = "Scraper - 01_BuySpeed_01.py - Running..."; }; $exitCode = $LASTEXITCODE; Stop-Transcript; if ($exitCode -eq 0) {     Rename-Item -Path "scrapers\logs\01_BuySpeed_01_IN_PROGRESS.log" -NewName "scrapers\logs\01_BuySpeed_01_COMPLETED.log" -Force; } else {     Rename-Item -Path "scrapers\logs\01_BuySpeed_01_IN_PROGRESS.log" -NewName "scrapers\logs\01_BuySpeed_01_FAILED.log" -Force; } Write-Host "`n=== Final Status ===" -ForegroundColor Cyan; Write-Host "End Time: " -NoNewline; Write-Host $(Get-Date -Format "HH:mm:ss") -ForegroundColor Yellow; Write-Host "Duration: " -NoNewline; Write-Host $([math]::Round(((Get-Date) - (Get-Date "11:16:14")).TotalMinutes, 2)) -NoNewline -ForegroundColor Yellow; Write-Host " minutes"; if ($exitCode -eq 0) {     Write-Host "Status: " -NoNewline;     Write-Host "Completed Successfully" -ForegroundColor Green;     $host.ui.RawUI.WindowTitle = "Scraper - 01_BuySpeed_01.py - Completed ✓"; } else {     Write-Host "Status: " -NoNewline;     Write-Host "Failed" -ForegroundColor Red;     $host.ui.RawUI.WindowTitle = "Scraper - 01_BuySpeed_01.py - Failed ✗";     Write-Host "Exit Code: $exitCode" -ForegroundColor Red; } Write-Host "==============================" -ForegroundColor Cyan; exit $exitCode; 
Process ID: 29316
PSVersion: 5.1.26100.2161
PSEdition: Desktop
PSCompatibleVersions: 1.0, 2.0, 3.0, 4.0, 5.0, 5.1.26100.2161
BuildVersion: 10.0.26100.2161
CLRVersion: 4.0.30319.42000
WSManStackVersion: 3.0
PSRemotingProtocolVersion: 2.3
SerializationVersion: 1.1.0.1
**********************
Transcript started, output file is scrapers\logs\01_BuySpeed_01_IN_PROGRESS.log

=== Scraper Status ===
Script: 01_BuySpeed_01.py
Status: Running
Start Time: 11:16:14
Log File: scrapers\logs\01_BuySpeed_01_IN_PROGRESS.log
==============================
[11:16:18] 📅 Date range calculated: 2025-01-21 to 2025-01-22
[11:16:18] 🚀 Multi-Site Bids Extraction Started
[11:16:18] 📅 Looking for bids from 2025-01-21 to 2025-01-22
[11:16:18]
📁 Saving data in folder: D:\PPH\web-scraping\2025-01-21\01_BuySpeed_01_IN_PROGRESS
[11:16:18]
📁 Temporary download folder: D:\PPH\web-scraping\2025-01-21\01_BuySpeed_01_IN_PROGRESS\01_BuySpeed_01
[11:16:35] ✅ Successfully loaded site: https://www.commbuys.com/bso/view/search/external/advancedSearchBid.xhtml?openBids=true
[11:16:46] Element click was intercepted. The page might not be in the expected state.
[11:16:46]
✅ Completed advanced search
[11:16:46] 📄 Processing Page 1
[11:16:49] 🔗 Found bid link: https://www.commbuys.com/bso/external/bidDetail.sdo?docId=BD-24-1627-BOS17-BOS17-111756&external=true&parentUrl=close
[11:16:49] 🔗 Found bid link: https://www.commbuys.com/bso/external/bidDetail.sdo?docId=BD-24-1270-TOF01-TOF01-111754&external=true&parentUrl=close
[11:16:49] 🔗 Found bid link: https://www.commbuys.com/bso/external/bidDetail.sdo?docId=BD-25-1166-COS01-COS01-111749&external=true&parentUrl=close
[11:16:49] 🔗 Found bid link: https://www.commbuys.com/bso/external/bidDetail.sdo?docId=BD-25-1507-FHA01-JJB01-111744&external=true&parentUrl=close
[11:16:49] 🔗 Found bid link: https://www.commbuys.com/bso/external/bidDetail.sdo?docId=BD-25-1059-MAOIG-MAOIG-111742&external=true&parentUrl=close
[11:16:49] 🔗 Found bid link: https://www.commbuys.com/bso/external/bidDetail.sdo?docId=BD-25-1142-30000-300-111741&external=true&parentUrl=close
[11:16:49] 🔗 Found bid link: https://www.commbuys.com/bso/external/bidDetail.sdo?docId=BD-24-1154-PUCH1-PUCH1-111738&external=true&parentUrl=close
[11:16:49] 🔗 Found bid link: https://www.commbuys.com/bso/external/bidDetail.sdo?docId=BD-23-1163-PD888-PD888-111731&external=true&parentUrl=close
[11:16:49] 🔗 Found bid link: https://www.commbuys.com/bso/external/bidDetail.sdo?docId=BD-25-1290-LFDPW-DPW-111729&external=true&parentUrl=close
[11:16:49] 🔗 Found bid link: https://www.commbuys.com/bso/external/bidDetail.sdo?docId=BD-25-1019-DCP04-BID01-111726&external=true&parentUrl=close
[11:16:49] 🔗 Found bid link: https://www.commbuys.com/bso/external/bidDetail.sdo?docId=BD-25-1019-DCP04-BID01-111723&external=true&parentUrl=close
[11:16:50] 🔗 Found bid link: https://www.commbuys.com/bso/external/bidDetail.sdo?docId=BD-25-1030-0H100-0H002-111721&external=true&parentUrl=close
[11:16:50] 🔗 Found bid link: https://www.commbuys.com/bso/external/bidDetail.sdo?docId=BD-25-1429-TABOS-TABOS-111717&external=true&parentUrl=close
[11:16:50] 🔗 Found bid link: https://www.commbuys.com/bso/external/bidDetail.sdo?docId=BD-25-1030-0H100-0H002-111716&external=true&parentUrl=close
[11:16:50] 🔗 Found bid link: https://www.commbuys.com/bso/external/bidDetail.sdo?docId=BD-23-1163-PD888-PD888-111715&external=true&parentUrl=close
[11:16:50] 🔗 Found bid link: https://www.commbuys.com/bso/external/bidDetail.sdo?docId=BD-22-1221-P0001-P0001-111713&external=true&parentUrl=close
[11:16:50] 🔗 Found bid link: https://www.commbuys.com/bso/external/bidDetail.sdo?docId=BD-25-1167-PUR02-PUR01-111712&external=true&parentUrl=close
[11:16:50] 🔗 Found bid link: https://www.commbuys.com/bso/external/bidDetail.sdo?docId=BD-25-1167-PUR02-PUR01-111711&external=true&parentUrl=close
[11:16:50] 🔗 Found bid link: https://www.commbuys.com/bso/external/bidDetail.sdo?docId=BD-25-1030-0H100-0H002-111709&external=true&parentUrl=close
[11:16:50] 🔗 Found bid link: https://www.commbuys.com/bso/external/bidDetail.sdo?docId=BD-25-1030-0H100-0H002-111705&external=true&parentUrl=close
[11:16:50] 🔗 Found bid link: https://www.commbuys.com/bso/external/bidDetail.sdo?docId=BD-25-1030-0H100-0H002-111704&external=true&parentUrl=close
[11:16:50] 🔗 Found bid link: https://www.commbuys.com/bso/external/bidDetail.sdo?docId=BD-25-1020-DCRCU-DC250-111702&external=true&parentUrl=close
[11:16:50] 🔗 Found bid link: https://www.commbuys.com/bso/external/bidDetail.sdo?docId=BD-25-2021-NSRSD-NSRSD-111700&external=true&parentUrl=close
[11:16:50] 🔗 Found bid link: https://www.commbuys.com/bso/external/bidDetail.sdo?docId=BD-25-1142-101-101-111699&external=true&parentUrl=close
[11:16:50] 🔗 Found bid link: https://www.commbuys.com/bso/external/bidDetail.sdo?docId=BD-25-1030-0H100-0H002-111698&external=true&parentUrl=close
[11:16:54] 📄 Processing Page 2
[11:17:01] 📄 Processing Page 3
PS>TerminatingError(): "The pipeline has been stopped."
>> TerminatingError(): "The pipeline has been stopped."
PS D:\PPH\web-scraping>
﻿**********************
Windows PowerShell transcript start
Start time: 20250122112525
Username: DESKTOP-IO2J2VQ\AliAmani
RunAs User: DESKTOP-IO2J2VQ\AliAmani
Configuration Name: 
Machine: DESKTOP-IO2J2VQ (Microsoft Windows NT 10.0.26100.0)
Host Application: powershell -NoExit -Command [Console]::OutputEncoding = [System.Text.Encoding]::UTF8; [Console]::InputEncoding = [System.Text.Encoding]::UTF8; $OutputEncoding = [System.Text.Encoding]::UTF8; $host.ui.RawUI.WindowTitle = "Scraper - 01_BuySpeed_01.py"; Start-Transcript -Path "scrapers\logs\01_BuySpeed_01_IN_PROGRESS.log" -Append; Write-Host "`n=== Scraper Status ===" -ForegroundColor Cyan; Write-Host "Script: 01_BuySpeed_01.py" -ForegroundColor Yellow; Write-Host "Status: Running" -ForegroundColor Green; Write-Host "Start Time: 11:25:22" -ForegroundColor Yellow; Write-Host "Log File: scrapers\logs\01_BuySpeed_01_IN_PROGRESS.log" -ForegroundColor Cyan; Write-Host "==============================`n"; function Format-ScraperOutput {     param($Message)     $timestamp = Get-Date -Format "HH:mm:ss";     if ($Message -match "^ERROR|FAILED|CRITICAL") {         Write-Host "[$timestamp] " -NoNewline;         Write-Host $Message -ForegroundColor Red;     }     elseif ($Message -match "^WARNING") {         Write-Host "[$timestamp] " -NoNewline;         Write-Host $Message -ForegroundColor Yellow;     }     elseif ($Message -match "^SUCCESS|COMPLETED|✓") {         Write-Host "[$timestamp] " -NoNewline;         Write-Host $Message -ForegroundColor Green;     }     elseif ($Message -match "^INFO|PROGRESS") {         Write-Host "[$timestamp] " -NoNewline;         Write-Host $Message -ForegroundColor Cyan;     }     else {         Write-Host "[$timestamp] $Message";     } }; & "C:\Users\AliAmani\Miniconda3\envs\bids\python.exe" "scrapers/01_BuySpeed_01.py" --days 1 2>&1 | ForEach-Object {     Format-ScraperOutput $_;     $host.ui.RawUI.WindowTitle = "Scraper - 01_BuySpeed_01.py - Running..."; }; $exitCode = $LASTEXITCODE; Stop-Transcript; if ($exitCode -eq 0) {     Rename-Item -Path "scrapers\logs\01_BuySpeed_01_IN_PROGRESS.log" -NewName "scrapers\logs\01_BuySpeed_01_COMPLETED.log" -Force; } else {     Rename-Item -Path "scrapers\logs\01_BuySpeed_01_IN_PROGRESS.log" -NewName "scrapers\logs\01_BuySpeed_01_FAILED.log" -Force; } Write-Host "`n=== Final Status ===" -ForegroundColor Cyan; Write-Host "End Time: " -NoNewline; Write-Host $(Get-Date -Format "HH:mm:ss") -ForegroundColor Yellow; Write-Host "Duration: " -NoNewline; Write-Host $([math]::Round(((Get-Date) - (Get-Date "11:25:22")).TotalMinutes, 2)) -NoNewline -ForegroundColor Yellow; Write-Host " minutes"; if ($exitCode -eq 0) {     Write-Host "Status: " -NoNewline;     Write-Host "Completed Successfully" -ForegroundColor Green;     $host.ui.RawUI.WindowTitle = "Scraper - 01_BuySpeed_01.py - Completed ✓"; } else {     Write-Host "Status: " -NoNewline;     Write-Host "Failed" -ForegroundColor Red;     $host.ui.RawUI.WindowTitle = "Scraper - 01_BuySpeed_01.py - Failed ✗";     Write-Host "Exit Code: $exitCode" -ForegroundColor Red; } Write-Host "==============================" -ForegroundColor Cyan; exit $exitCode; 
Process ID: 14080
PSVersion: 5.1.26100.2161
PSEdition: Desktop
PSCompatibleVersions: 1.0, 2.0, 3.0, 4.0, 5.0, 5.1.26100.2161
BuildVersion: 10.0.26100.2161
CLRVersion: 4.0.30319.42000
WSManStackVersion: 3.0
PSRemotingProtocolVersion: 2.3
SerializationVersion: 1.1.0.1
**********************
Transcript started, output file is scrapers\logs\01_BuySpeed_01_IN_PROGRESS.log

=== Scraper Status ===
Script: 01_BuySpeed_01.py
Status: Running
Start Time: 11:25:22
Log File: scrapers\logs\01_BuySpeed_01_IN_PROGRESS.log
==============================
[11:25:26] 📅 Date range calculated: 2025-01-21 to 2025-01-22
[11:25:26] 🚀 Multi-Site Bids Extraction Started
[11:25:26] 📅 Looking for bids from 2025-01-21 to 2025-01-22
[11:25:26]
📁 Saving data in folder: D:\PPH\web-scraping\2025-01-21\01_BuySpeed_01_IN_PROGRESS
[11:25:26]
📁 Temporary download folder: D:\PPH\web-scraping\2025-01-21\01_BuySpeed_01_IN_PROGRESS\01_BuySpeed_01
PS>TerminatingError(): "The pipeline has been stopped."
>> TerminatingError(): "The pipeline has been stopped."
PS D:\PPH\web-scraping>
**********************
Windows PowerShell transcript start
Start time: 20250122114617
Username: DESKTOP-IO2J2VQ\AliAmani
RunAs User: DESKTOP-IO2J2VQ\AliAmani
Configuration Name: 
Machine: DESKTOP-IO2J2VQ (Microsoft Windows NT 10.0.26100.0)
Host Application: powershell -NoExit -Command [Console]::OutputEncoding = [System.Text.Encoding]::UTF8; [Console]::InputEncoding = [System.Text.Encoding]::UTF8; $OutputEncoding = [System.Text.Encoding]::UTF8; $host.ui.RawUI.WindowTitle = "Scraper - 01_BuySpeed_01.py"; Start-Transcript -Path "scrapers\logs\01_BuySpeed_01_IN_PROGRESS.log" -Append; Write-Host "`n=== Scraper Status ===" -ForegroundColor Cyan; Write-Host "Script: 01_BuySpeed_01.py" -ForegroundColor Yellow; Write-Host "Status: Running" -ForegroundColor Green; Write-Host "Start Time: 11:46:15" -ForegroundColor Yellow; Write-Host "Log File: scrapers\logs\01_BuySpeed_01_IN_PROGRESS.log" -ForegroundColor Cyan; Write-Host "==============================`n"; function Format-ScraperOutput {     param($Message)     $timestamp = Get-Date -Format "HH:mm:ss";     if ($Message -match "^ERROR|FAILED|CRITICAL") {         Write-Host "[$timestamp] " -NoNewline;         Write-Host $Message -ForegroundColor Red;     }     elseif ($Message -match "^WARNING") {         Write-Host "[$timestamp] " -NoNewline;         Write-Host $Message -ForegroundColor Yellow;     }     elseif ($Message -match "^SUCCESS|COMPLETED|✓") {         Write-Host "[$timestamp] " -NoNewline;         Write-Host $Message -ForegroundColor Green;     }     elseif ($Message -match "^INFO|PROGRESS") {         Write-Host "[$timestamp] " -NoNewline;         Write-Host $Message -ForegroundColor Cyan;     }     else {         Write-Host "[$timestamp] $Message";     } }; & "C:\Users\AliAmani\Miniconda3\envs\bids\python.exe" "scrapers/01_BuySpeed_01.py" --days 1 2>&1 | ForEach-Object {     Format-ScraperOutput $_;     $host.ui.RawUI.WindowTitle = "Scraper - 01_BuySpeed_01.py - Running..."; }; $exitCode = $LASTEXITCODE; Stop-Transcript; if ($exitCode -eq 0) {     Rename-Item -Path "scrapers\logs\01_BuySpeed_01_IN_PROGRESS.log" -NewName "scrapers\logs\01_BuySpeed_01_COMPLETED.log" -Force; } else {     Rename-Item -Path "scrapers\logs\01_BuySpeed_01_IN_PROGRESS.log" -NewName "scrapers\logs\01_BuySpeed_01_FAILED.log" -Force; } Write-Host "`n=== Final Status ===" -ForegroundColor Cyan; Write-Host "End Time: " -NoNewline; Write-Host $(Get-Date -Format "HH:mm:ss") -ForegroundColor Yellow; Write-Host "Duration: " -NoNewline; Write-Host $([math]::Round(((Get-Date) - (Get-Date "11:46:15")).TotalMinutes, 2)) -NoNewline -ForegroundColor Yellow; Write-Host " minutes"; if ($exitCode -eq 0) {     Write-Host "Status: " -NoNewline;     Write-Host "Completed Successfully" -ForegroundColor Green;     $host.ui.RawUI.WindowTitle = "Scraper - 01_BuySpeed_01.py - Completed ✓"; } else {     Write-Host "Status: " -NoNewline;     Write-Host "Failed" -ForegroundColor Red;     $host.ui.RawUI.WindowTitle = "Scraper - 01_BuySpeed_01.py - Failed ✗";     Write-Host "Exit Code: $exitCode" -ForegroundColor Red; } Write-Host "==============================" -ForegroundColor Cyan; exit $exitCode; 
Process ID: 11636
PSVersion: 5.1.26100.2161
PSEdition: Desktop
PSCompatibleVersions: 1.0, 2.0, 3.0, 4.0, 5.0, 5.1.26100.2161
BuildVersion: 10.0.26100.2161
CLRVersion: 4.0.30319.42000
WSManStackVersion: 3.0
PSRemotingProtocolVersion: 2.3
SerializationVersion: 1.1.0.1
**********************
Transcript started, output file is scrapers\logs\01_BuySpeed_01_IN_PROGRESS.log

=== Scraper Status ===
Script: 01_BuySpeed_01.py
Status: Running
Start Time: 11:46:15
Log File: scrapers\logs\01_BuySpeed_01_IN_PROGRESS.log
==============================
[11:46:18] 📅 Date range calculated: 2025-01-21 to 2025-01-22
[11:46:18] 🚀 Multi-Site Bids Extraction Started
[11:46:18] 📅 Looking for bids from 2025-01-21 to 2025-01-22
[11:46:18]
📁 Saving data in folder: D:\PPH\web-scraping\2025-01-21\01_BuySpeed_01_IN_PROGRESS
[11:46:18]
📁 Temporary download folder: D:\PPH\web-scraping\2025-01-21\01_BuySpeed_01_IN_PROGRESS\01_BuySpeed_01
PS>TerminatingError(): "The pipeline has been stopped."
>> TerminatingError(): "The pipeline has been stopped."
PS D:\PPH\web-scraping>
**********************
Windows PowerShell transcript start
Start time: 20250122120925
Username: DESKTOP-IO2J2VQ\AliAmani
RunAs User: DESKTOP-IO2J2VQ\AliAmani
Configuration Name: 
Machine: DESKTOP-IO2J2VQ (Microsoft Windows NT 10.0.26100.0)
Host Application: powershell -NoExit -Command [Console]::OutputEncoding = [System.Text.Encoding]::UTF8; [Console]::InputEncoding = [System.Text.Encoding]::UTF8; $OutputEncoding = [System.Text.Encoding]::UTF8; $host.ui.RawUI.WindowTitle = "Scraper - 01_BuySpeed_01.py"; Start-Transcript -Path "scrapers\logs\01_BuySpeed_01_IN_PROGRESS.log" -Append; Write-Host "`n=== Scraper Status ===" -ForegroundColor Cyan; Write-Host "Script: 01_BuySpeed_01.py" -ForegroundColor Yellow; Write-Host "Status: Running" -ForegroundColor Green; Write-Host "Start Time: 12:09:22" -ForegroundColor Yellow; Write-Host "Log File: scrapers\logs\01_BuySpeed_01_IN_PROGRESS.log" -ForegroundColor Cyan; Write-Host "==============================`n"; function Format-ScraperOutput {     param($Message)     $timestamp = Get-Date -Format "HH:mm:ss";     if ($Message -match "^ERROR|FAILED|CRITICAL") {         Write-Host "[$timestamp] " -NoNewline;         Write-Host $Message -ForegroundColor Red;     }     elseif ($Message -match "^WARNING") {         Write-Host "[$timestamp] " -NoNewline;         Write-Host $Message -ForegroundColor Yellow;     }     elseif ($Message -match "^SUCCESS|COMPLETED|✓") {         Write-Host "[$timestamp] " -NoNewline;         Write-Host $Message -ForegroundColor Green;     }     elseif ($Message -match "^INFO|PROGRESS") {         Write-Host "[$timestamp] " -NoNewline;         Write-Host $Message -ForegroundColor Cyan;     }     else {         Write-Host "[$timestamp] $Message";     } }; & "C:\Users\AliAmani\Miniconda3\envs\bids\python.exe" "scrapers/01_BuySpeed_01.py" --days 1 2>&1 | ForEach-Object {     Format-ScraperOutput $_;     $host.ui.RawUI.WindowTitle = "Scraper - 01_BuySpeed_01.py - Running..."; }; $exitCode = $LASTEXITCODE; Stop-Transcript; if ($exitCode -eq 0) {     Rename-Item -Path "scrapers\logs\01_BuySpeed_01_IN_PROGRESS.log" -NewName "scrapers\logs\01_BuySpeed_01_COMPLETED.log" -Force; } else {     Rename-Item -Path "scrapers\logs\01_BuySpeed_01_IN_PROGRESS.log" -NewName "scrapers\logs\01_BuySpeed_01_FAILED.log" -Force; } Write-Host "`n=== Final Status ===" -ForegroundColor Cyan; Write-Host "End Time: " -NoNewline; Write-Host $(Get-Date -Format "HH:mm:ss") -ForegroundColor Yellow; Write-Host "Duration: " -NoNewline; Write-Host $([math]::Round(((Get-Date) - (Get-Date "12:09:22")).TotalMinutes, 2)) -NoNewline -ForegroundColor Yellow; Write-Host " minutes"; if ($exitCode -eq 0) {     Write-Host "Status: " -NoNewline;     Write-Host "Completed Successfully" -ForegroundColor Green;     $host.ui.RawUI.WindowTitle = "Scraper - 01_BuySpeed_01.py - Completed ✓"; } else {     Write-Host "Status: " -NoNewline;     Write-Host "Failed" -ForegroundColor Red;     $host.ui.RawUI.WindowTitle = "Scraper - 01_BuySpeed_01.py - Failed ✗";     Write-Host "Exit Code: $exitCode" -ForegroundColor Red; } Write-Host "==============================" -ForegroundColor Cyan; exit $exitCode; 
Process ID: 2760
PSVersion: 5.1.26100.2161
PSEdition: Desktop
PSCompatibleVersions: 1.0, 2.0, 3.0, 4.0, 5.0, 5.1.26100.2161
BuildVersion: 10.0.26100.2161
CLRVersion: 4.0.30319.42000
WSManStackVersion: 3.0
PSRemotingProtocolVersion: 2.3
SerializationVersion: 1.1.0.1
**********************
Transcript started, output file is scrapers\logs\01_BuySpeed_01_IN_PROGRESS.log

=== Scraper Status ===
Script: 01_BuySpeed_01.py
Status: Running
Start Time: 12:09:22
Log File: scrapers\logs\01_BuySpeed_01_IN_PROGRESS.log
==============================
[12:09:26] 📅 Date range calculated: 2025-01-21 to 2025-01-22
[12:09:26] 🚀 Multi-Site Bids Extraction Started
[12:09:26] 📅 Looking for bids from 2025-01-21 to 2025-01-22
[12:09:26]
📁 Saving data in folder: D:\PPH\web-scraping\2025-01-21\01_BuySpeed_01_IN_PROGRESS
[12:09:26]
📁 Temporary download folder: D:\PPH\web-scraping\2025-01-21\01_BuySpeed_01_IN_PROGRESS\01_BuySpeed_01
[12:09:51] ✅ Successfully loaded site: https://www.commbuys.com/bso/view/search/external/advancedSearchBid.xhtml?openBids=true
[12:10:02] Element click was intercepted. The page might not be in the expected state.
[12:10:02]
✅ Completed advanced search
[12:10:02] 📄 Processing Page 1
PS>TerminatingError(): "The pipeline has been stopped."
>> TerminatingError(): "The pipeline has been stopped."
PS D:\PPH\web-scraping>
