**********************
Windows PowerShell transcript start
Start time: 20250122040458
Username: DESKTOP-IO2J2VQ\AliAmani
RunAs User: DESKTOP-IO2J2VQ\AliAmani
Configuration Name: 
Machine: DESKTOP-IO2J2VQ (Microsoft Windows NT 10.0.26100.0)
Host Application: powershell -NoExit -Command [Console]::OutputEncoding = [System.Text.Encoding]::UTF8; [Console]::InputEncoding = [System.Text.Encoding]::UTF8; $OutputEncoding = [System.Text.Encoding]::UTF8; $host.ui.RawUI.WindowTitle = "Scraper - 01_BuySpeed_02.py"; Start-Transcript -Path "scrapers\logs\01_BuySpeed_02_IN_PROGRESS.log" -Append; Write-Host "`n=== Scraper Status ===" -ForegroundColor Cyan; Write-Host "Script: 01_BuySpeed_02.py" -ForegroundColor Yellow; Write-Host "Status: Running" -ForegroundColor Green; Write-Host "Start Time: 04:04:56" -ForegroundColor Yellow; Write-Host "Log File: scrapers\logs\01_BuySpeed_02_IN_PROGRESS.log" -ForegroundColor Cyan; Write-Host "==============================`n"; function Format-ScraperOutput {     param($Message)     $timestamp = Get-Date -Format "HH:mm:ss";     if ($Message -match "^ERROR|FAILED|CRITICAL") {         Write-Host "[$timestamp] " -NoNewline;         Write-Host $Message -ForegroundColor Red;     }     elseif ($Message -match "^WARNING") {         Write-Host "[$timestamp] " -NoNewline;         Write-Host $Message -ForegroundColor Yellow;     }     elseif ($Message -match "^SUCCESS|COMPLETED|✓") {         Write-Host "[$timestamp] " -NoNewline;         Write-Host $Message -ForegroundColor Green;     }     elseif ($Message -match "^INFO|PROGRESS") {         Write-Host "[$timestamp] " -NoNewline;         Write-Host $Message -ForegroundColor Cyan;     }     else {         Write-Host "[$timestamp] $Message";     } }; & "C:\Users\AliAmani\Miniconda3\envs\bids\python.exe" "scrapers/01_BuySpeed_02.py" --days 1 2>&1 | ForEach-Object {     Format-ScraperOutput $_;     $host.ui.RawUI.WindowTitle = "Scraper - 01_BuySpeed_02.py - Running..."; }; $exitCode = $LASTEXITCODE; Stop-Transcript; if ($exitCode -eq 0) {     Rename-Item -Path "scrapers\logs\01_BuySpeed_02_IN_PROGRESS.log" -NewName "scrapers\logs\01_BuySpeed_02_COMPLETED.log" -Force; } else {     Rename-Item -Path "scrapers\logs\01_BuySpeed_02_IN_PROGRESS.log" -NewName "scrapers\logs\01_BuySpeed_02_FAILED.log" -Force; } Write-Host "`n=== Final Status ===" -ForegroundColor Cyan; Write-Host "End Time: " -NoNewline; Write-Host $(Get-Date -Format "HH:mm:ss") -ForegroundColor Yellow; Write-Host "Duration: " -NoNewline; Write-Host $([math]::Round(((Get-Date) - (Get-Date "04:04:56")).TotalMinutes, 2)) -NoNewline -ForegroundColor Yellow; Write-Host " minutes"; if ($exitCode -eq 0) {     Write-Host "Status: " -NoNewline;     Write-Host "Completed Successfully" -ForegroundColor Green;     $host.ui.RawUI.WindowTitle = "Scraper - 01_BuySpeed_02.py - Completed ✓"; } else {     Write-Host "Status: " -NoNewline;     Write-Host "Failed" -ForegroundColor Red;     $host.ui.RawUI.WindowTitle = "Scraper - 01_BuySpeed_02.py - Failed ✗";     Write-Host "Exit Code: $exitCode" -ForegroundColor Red; } Write-Host "==============================" -ForegroundColor Cyan; exit $exitCode; 
Process ID: 11012
PSVersion: 5.1.26100.2161
PSEdition: Desktop
PSCompatibleVersions: 1.0, 2.0, 3.0, 4.0, 5.0, 5.1.26100.2161
BuildVersion: 10.0.26100.2161
CLRVersion: 4.0.30319.42000
WSManStackVersion: 3.0
PSRemotingProtocolVersion: 2.3
SerializationVersion: 1.1.0.1
**********************
Transcript started, output file is scrapers\logs\01_BuySpeed_02_IN_PROGRESS.log

=== Scraper Status ===
Script: 01_BuySpeed_02.py
Status: Running
Start Time: 04:04:56
Log File: scrapers\logs\01_BuySpeed_02_IN_PROGRESS.log
==============================
[04:04:59] 📅 Date range calculated: 2025-01-21 to 2025-01-22
[04:04:59] 🚀 Multi-Site Bids Extraction Started
[04:04:59] 📅 Looking for bids from 2025-01-21 to 2025-01-22
[04:04:59]
📁 Saving data in folder: D:\PPH\web-scraping\2025-01-21\01_BuySpeed_02_IN_PROGRESS
[04:04:59]
📁 Temporary download folder: D:\PPH\web-scraping\2025-01-21\01_BuySpeed_02_IN_PROGRESS\01_BuySpeed_02
PS>TerminatingError(): "The pipeline has been stopped."
>> TerminatingError(): "The pipeline has been stopped."
PS D:\PPH\web-scraping>
**********************
Windows PowerShell transcript start
Start time: 20250122042953
Username: DESKTOP-IO2J2VQ\AliAmani
RunAs User: DESKTOP-IO2J2VQ\AliAmani
Configuration Name: 
Machine: DESKTOP-IO2J2VQ (Microsoft Windows NT 10.0.26100.0)
Host Application: powershell -NoExit -Command [Console]::OutputEncoding = [System.Text.Encoding]::UTF8; [Console]::InputEncoding = [System.Text.Encoding]::UTF8; $OutputEncoding = [System.Text.Encoding]::UTF8; $host.ui.RawUI.WindowTitle = "Scraper - 01_BuySpeed_02.py"; Start-Transcript -Path "scrapers\logs\01_BuySpeed_02_IN_PROGRESS.log" -Append; Write-Host "`n=== Scraper Status ===" -ForegroundColor Cyan; Write-Host "Script: 01_BuySpeed_02.py" -ForegroundColor Yellow; Write-Host "Status: Running" -ForegroundColor Green; Write-Host "Start Time: 04:29:50" -ForegroundColor Yellow; Write-Host "Log File: scrapers\logs\01_BuySpeed_02_IN_PROGRESS.log" -ForegroundColor Cyan; Write-Host "==============================`n"; function Format-ScraperOutput {     param($Message)     $timestamp = Get-Date -Format "HH:mm:ss";     if ($Message -match "^ERROR|FAILED|CRITICAL") {         Write-Host "[$timestamp] " -NoNewline;         Write-Host $Message -ForegroundColor Red;     }     elseif ($Message -match "^WARNING") {         Write-Host "[$timestamp] " -NoNewline;         Write-Host $Message -ForegroundColor Yellow;     }     elseif ($Message -match "^SUCCESS|COMPLETED|✓") {         Write-Host "[$timestamp] " -NoNewline;         Write-Host $Message -ForegroundColor Green;     }     elseif ($Message -match "^INFO|PROGRESS") {         Write-Host "[$timestamp] " -NoNewline;         Write-Host $Message -ForegroundColor Cyan;     }     else {         Write-Host "[$timestamp] $Message";     } }; & "C:\Users\AliAmani\Miniconda3\envs\bids\python.exe" "scrapers/01_BuySpeed_02.py" --days 2 2>&1 | ForEach-Object {     Format-ScraperOutput $_;     $host.ui.RawUI.WindowTitle = "Scraper - 01_BuySpeed_02.py - Running..."; }; $exitCode = $LASTEXITCODE; Stop-Transcript; if ($exitCode -eq 0) {     Rename-Item -Path "scrapers\logs\01_BuySpeed_02_IN_PROGRESS.log" -NewName "scrapers\logs\01_BuySpeed_02_COMPLETED.log" -Force; } else {     Rename-Item -Path "scrapers\logs\01_BuySpeed_02_IN_PROGRESS.log" -NewName "scrapers\logs\01_BuySpeed_02_FAILED.log" -Force; } Write-Host "`n=== Final Status ===" -ForegroundColor Cyan; Write-Host "End Time: " -NoNewline; Write-Host $(Get-Date -Format "HH:mm:ss") -ForegroundColor Yellow; Write-Host "Duration: " -NoNewline; Write-Host $([math]::Round(((Get-Date) - (Get-Date "04:29:50")).TotalMinutes, 2)) -NoNewline -ForegroundColor Yellow; Write-Host " minutes"; if ($exitCode -eq 0) {     Write-Host "Status: " -NoNewline;     Write-Host "Completed Successfully" -ForegroundColor Green;     $host.ui.RawUI.WindowTitle = "Scraper - 01_BuySpeed_02.py - Completed ✓"; } else {     Write-Host "Status: " -NoNewline;     Write-Host "Failed" -ForegroundColor Red;     $host.ui.RawUI.WindowTitle = "Scraper - 01_BuySpeed_02.py - Failed ✗";     Write-Host "Exit Code: $exitCode" -ForegroundColor Red; } Write-Host "==============================" -ForegroundColor Cyan; exit $exitCode; 
Process ID: 8920
PSVersion: 5.1.26100.2161
PSEdition: Desktop
PSCompatibleVersions: 1.0, 2.0, 3.0, 4.0, 5.0, 5.1.26100.2161
BuildVersion: 10.0.26100.2161
CLRVersion: 4.0.30319.42000
WSManStackVersion: 3.0
PSRemotingProtocolVersion: 2.3
SerializationVersion: 1.1.0.1
**********************
Transcript started, output file is scrapers\logs\01_BuySpeed_02_IN_PROGRESS.log

=== Scraper Status ===
Script: 01_BuySpeed_02.py
Status: Running
Start Time: 04:29:50
Log File: scrapers\logs\01_BuySpeed_02_IN_PROGRESS.log
==============================
[04:29:54] 📅 Date range calculated: 2025-01-20 to 2025-01-22
[04:29:54] 🚀 Multi-Site Bids Extraction Started
[04:29:54] 📅 Looking for bids from 2025-01-20 to 2025-01-22
[04:29:54]
📁 Saving data in folder: D:\PPH\web-scraping\2025-01-21\01_BuySpeed_02_IN_PROGRESS
[04:29:54]
📁 Temporary download folder: D:\PPH\web-scraping\2025-01-21\01_BuySpeed_02_IN_PROGRESS\01_BuySpeed_02
[04:30:25] ✅ Successfully loaded site: https://oregonbuys.gov/bso/view/search/external/advancedSearchBid.xhtml?openBids=true
[04:30:36] Element click was intercepted. The page might not be in the expected state.
[04:30:36]
✅ Completed advanced search
[04:30:36] 📄 Processing Page 1
[04:30:39] 🔗 Found bid link: https://oregonbuys.gov/bso/external/bidDetail.sdo?docId=S-KS0043-00012613&external=true&parentUrl=close
[04:30:39] 🔗 Found bid link: https://oregonbuys.gov/bso/external/bidDetail.sdo?docId=S-C01010-00012612&external=true&parentUrl=close
[04:30:39] 🔗 Found bid link: https://oregonbuys.gov/bso/external/bidDetail.sdo?docId=S-73000-00012610&external=true&parentUrl=close
[04:30:39] 🔗 Found bid link: https://oregonbuys.gov/bso/external/bidDetail.sdo?docId=S-73000-00012609&external=true&parentUrl=close
[04:30:39] 🔗 Found bid link: https://oregonbuys.gov/bso/external/bidDetail.sdo?docId=S-62900-00012608&external=true&parentUrl=close
[04:30:39] 🔗 Found bid link: https://oregonbuys.gov/bso/external/bidDetail.sdo?docId=S-29100-00012607&external=true&parentUrl=close
[04:30:39] 🔗 Found bid link: https://oregonbuys.gov/bso/external/bidDetail.sdo?docId=S-R33123-00012604&external=true&parentUrl=close
[04:30:39] 🔗 Found bid link: https://oregonbuys.gov/bso/external/bidDetail.sdo?docId=S-15000-00012603&external=true&parentUrl=close
[04:30:39] 🔗 Found bid link: https://oregonbuys.gov/bso/external/bidDetail.sdo?docId=S-Q10050-00012601&external=true&parentUrl=close
[04:30:39] 🔗 Found bid link: https://oregonbuys.gov/bso/external/bidDetail.sdo?docId=S-C20414-00012599&external=true&parentUrl=close
[04:30:39] 🔗 Found bid link: https://oregonbuys.gov/bso/external/bidDetail.sdo?docId=S-C20414-00012598&external=true&parentUrl=close
[04:30:40] 🔗 Found bid link: https://oregonbuys.gov/bso/external/bidDetail.sdo?docId=S-25700-00012597&external=true&parentUrl=close
[04:30:40] 🔗 Found bid link: https://oregonbuys.gov/bso/external/bidDetail.sdo?docId=S-P00400-00012595&external=true&parentUrl=close
[04:30:40] 🔗 Found bid link: https://oregonbuys.gov/bso/external/bidDetail.sdo?docId=S-KE0010-00012594&external=true&parentUrl=close
[04:30:40] 🔗 Found bid link: https://oregonbuys.gov/bso/external/bidDetail.sdo?docId=S-C01510-00012593&external=true&parentUrl=close
[04:30:40] 🔗 Found bid link: https://oregonbuys.gov/bso/external/bidDetail.sdo?docId=S-C01510-00012592&external=true&parentUrl=close
[04:30:40] 🔗 Found bid link: https://oregonbuys.gov/bso/external/bidDetail.sdo?docId=S-58100-00012591&external=true&parentUrl=close
[04:30:40] 🔗 Found bid link: https://oregonbuys.gov/bso/external/bidDetail.sdo?docId=S-10700-00012590&external=true&parentUrl=close
[04:30:40] 🔗 Found bid link: https://oregonbuys.gov/bso/external/bidDetail.sdo?docId=S-C03342-00012589&external=true&parentUrl=close
[04:30:40] 🔗 Found bid link: https://oregonbuys.gov/bso/external/bidDetail.sdo?docId=S-P34048-00012587&external=true&parentUrl=close
[04:30:40] 🔗 Found bid link: https://oregonbuys.gov/bso/external/bidDetail.sdo?docId=S-63400-00012586&external=true&parentUrl=close
[04:30:40] 🔗 Found bid link: https://oregonbuys.gov/bso/external/bidDetail.sdo?docId=S-63400-00012584&external=true&parentUrl=close
[04:30:40] 🔗 Found bid link: https://oregonbuys.gov/bso/external/bidDetail.sdo?docId=S-C01010-00012583&external=true&parentUrl=close
[04:30:40] 🔗 Found bid link: https://oregonbuys.gov/bso/external/bidDetail.sdo?docId=S-62900-00012582&external=true&parentUrl=close
[04:30:40] 🔗 Found bid link: https://oregonbuys.gov/bso/external/bidDetail.sdo?docId=S-P17926-00012576&external=true&parentUrl=close
[04:30:44] 📄 Processing Page 2
[04:30:48] 🔗 Found bid link: https://oregonbuys.gov/bso/external/bidDetail.sdo?docId=S-X06100-00012574&external=true&parentUrl=close
[04:30:48] 🔗 Found bid link: https://oregonbuys.gov/bso/external/bidDetail.sdo?docId=S-63400-00012573&external=true&parentUrl=close
[04:30:48] 🔗 Found bid link: https://oregonbuys.gov/bso/external/bidDetail.sdo?docId=S-44000-00012572&external=true&parentUrl=close
[04:30:48] 🔗 Found bid link: https://oregonbuys.gov/bso/external/bidDetail.sdo?docId=S-C03342-00012571&external=true&parentUrl=close
[04:30:48] 🔗 Found bid link: https://oregonbuys.gov/bso/external/bidDetail.sdo?docId=S-C01010-00012568&external=true&parentUrl=close
[04:30:48] 🔗 Found bid link: https://oregonbuys.gov/bso/external/bidDetail.sdo?docId=S-63500-00012567&external=true&parentUrl=close
[04:30:48] 🔗 Found bid link: https://oregonbuys.gov/bso/external/bidDetail.sdo?docId=S-10000-00012566&external=true&parentUrl=close
[04:30:48] 🔗 Found bid link: https://oregonbuys.gov/bso/external/bidDetail.sdo?docId=S-P34048-00012563&external=true&parentUrl=close
[04:30:48] 🔗 Found bid link: https://oregonbuys.gov/bso/external/bidDetail.sdo?docId=S-10700-00012562&external=true&parentUrl=close
[04:30:48] 🔗 Found bid link: https://oregonbuys.gov/bso/external/bidDetail.sdo?docId=S-73000-00012560&external=true&parentUrl=close
[04:30:48] 🔗 Found bid link: https://oregonbuys.gov/bso/external/bidDetail.sdo?docId=S-34000-00012559&external=true&parentUrl=close
[04:30:48] 🔗 Found bid link: https://oregonbuys.gov/bso/external/bidDetail.sdo?docId=S-25900-00012557&external=true&parentUrl=close
[04:30:48] 🔗 Found bid link: https://oregonbuys.gov/bso/external/bidDetail.sdo?docId=S-C01010-00012553&external=true&parentUrl=close
[04:30:48] 🔗 Found bid link: https://oregonbuys.gov/bso/external/bidDetail.sdo?docId=S-29100-00012551&external=true&parentUrl=close
[04:30:48] 🔗 Found bid link: https://oregonbuys.gov/bso/external/bidDetail.sdo?docId=S-580501-00012549&external=true&parentUrl=close
[04:30:48] 🔗 Found bid link: https://oregonbuys.gov/bso/external/bidDetail.sdo?docId=S-580501-00012548&external=true&parentUrl=close
[04:30:48] 🔗 Found bid link: https://oregonbuys.gov/bso/external/bidDetail.sdo?docId=S-580501-00012547&external=true&parentUrl=close
[04:30:48] 🔗 Found bid link: https://oregonbuys.gov/bso/external/bidDetail.sdo?docId=S-580501-00012546&external=true&parentUrl=close
[04:30:48] 🔗 Found bid link: https://oregonbuys.gov/bso/external/bidDetail.sdo?docId=S-580501-00012545&external=true&parentUrl=close
[04:30:48] 🔗 Found bid link: https://oregonbuys.gov/bso/external/bidDetail.sdo?docId=S-580501-00012544&external=true&parentUrl=close
[04:30:48] 🔗 Found bid link: https://oregonbuys.gov/bso/external/bidDetail.sdo?docId=S-R20640-00012541&external=true&parentUrl=close
[04:30:48] 🔗 Found bid link: https://oregonbuys.gov/bso/external/bidDetail.sdo?docId=S-P00100-00012540&external=true&parentUrl=close
[04:30:48] 🔗 Found bid link: https://oregonbuys.gov/bso/external/bidDetail.sdo?docId=S-P34048-00012539&external=true&parentUrl=close
[04:30:48] 🔗 Found bid link: https://oregonbuys.gov/bso/external/bidDetail.sdo?docId=S-KB0020-00012537&external=true&parentUrl=close
[04:30:48] 🔗 Found bid link: https://oregonbuys.gov/bso/external/bidDetail.sdo?docId=S-435000-00012535&external=true&parentUrl=close
[04:30:48]
[04:30:48] 📊 Found 50 bids
[04:30:48]
[04:30:48] 🔍 Processing bid 1/50
[04:30:48] 🔗 URL: https://oregonbuys.gov/bso/external/bidDetail.sdo?docId=S-KS0043-00012613&external=true&parentUrl=close
[04:30:48]
[04:30:48] 📄 Processing bid page: https://oregonbuys.gov/bso/external/bidDetail.sdo?docId=S-KS0043-00012613&external=true&parentUrl=close
**********************
Windows PowerShell transcript start
Start time: 20250122102958
Username: DESKTOP-IO2J2VQ\AliAmani
RunAs User: DESKTOP-IO2J2VQ\AliAmani
Configuration Name: 
Machine: DESKTOP-IO2J2VQ (Microsoft Windows NT 10.0.26100.0)
Host Application: powershell -NoExit -Command [Console]::OutputEncoding = [System.Text.Encoding]::UTF8; [Console]::InputEncoding = [System.Text.Encoding]::UTF8; $OutputEncoding = [System.Text.Encoding]::UTF8; $host.ui.RawUI.WindowTitle = "Scraper - 01_BuySpeed_02.py"; Start-Transcript -Path "scrapers\logs\01_BuySpeed_02_IN_PROGRESS.log" -Append; Write-Host "`n=== Scraper Status ===" -ForegroundColor Cyan; Write-Host "Script: 01_BuySpeed_02.py" -ForegroundColor Yellow; Write-Host "Status: Running" -ForegroundColor Green; Write-Host "Start Time: 10:29:55" -ForegroundColor Yellow; Write-Host "Log File: scrapers\logs\01_BuySpeed_02_IN_PROGRESS.log" -ForegroundColor Cyan; Write-Host "==============================`n"; function Format-ScraperOutput {     param($Message)     $timestamp = Get-Date -Format "HH:mm:ss";     if ($Message -match "^ERROR|FAILED|CRITICAL") {         Write-Host "[$timestamp] " -NoNewline;         Write-Host $Message -ForegroundColor Red;     }     elseif ($Message -match "^WARNING") {         Write-Host "[$timestamp] " -NoNewline;         Write-Host $Message -ForegroundColor Yellow;     }     elseif ($Message -match "^SUCCESS|COMPLETED|✓") {         Write-Host "[$timestamp] " -NoNewline;         Write-Host $Message -ForegroundColor Green;     }     elseif ($Message -match "^INFO|PROGRESS") {         Write-Host "[$timestamp] " -NoNewline;         Write-Host $Message -ForegroundColor Cyan;     }     else {         Write-Host "[$timestamp] $Message";     } }; & "C:\Users\AliAmani\Miniconda3\envs\bids\python.exe" "scrapers/01_BuySpeed_02.py" --days 1 2>&1 | ForEach-Object {     Format-ScraperOutput $_;     $host.ui.RawUI.WindowTitle = "Scraper - 01_BuySpeed_02.py - Running..."; }; $exitCode = $LASTEXITCODE; Stop-Transcript; if ($exitCode -eq 0) {     Rename-Item -Path "scrapers\logs\01_BuySpeed_02_IN_PROGRESS.log" -NewName "scrapers\logs\01_BuySpeed_02_COMPLETED.log" -Force; } else {     Rename-Item -Path "scrapers\logs\01_BuySpeed_02_IN_PROGRESS.log" -NewName "scrapers\logs\01_BuySpeed_02_FAILED.log" -Force; } Write-Host "`n=== Final Status ===" -ForegroundColor Cyan; Write-Host "End Time: " -NoNewline; Write-Host $(Get-Date -Format "HH:mm:ss") -ForegroundColor Yellow; Write-Host "Duration: " -NoNewline; Write-Host $([math]::Round(((Get-Date) - (Get-Date "10:29:55")).TotalMinutes, 2)) -NoNewline -ForegroundColor Yellow; Write-Host " minutes"; if ($exitCode -eq 0) {     Write-Host "Status: " -NoNewline;     Write-Host "Completed Successfully" -ForegroundColor Green;     $host.ui.RawUI.WindowTitle = "Scraper - 01_BuySpeed_02.py - Completed ✓"; } else {     Write-Host "Status: " -NoNewline;     Write-Host "Failed" -ForegroundColor Red;     $host.ui.RawUI.WindowTitle = "Scraper - 01_BuySpeed_02.py - Failed ✗";     Write-Host "Exit Code: $exitCode" -ForegroundColor Red; } Write-Host "==============================" -ForegroundColor Cyan; exit $exitCode; 
Process ID: 31136
PSVersion: 5.1.26100.2161
PSEdition: Desktop
PSCompatibleVersions: 1.0, 2.0, 3.0, 4.0, 5.0, 5.1.26100.2161
BuildVersion: 10.0.26100.2161
CLRVersion: 4.0.30319.42000
WSManStackVersion: 3.0
PSRemotingProtocolVersion: 2.3
SerializationVersion: 1.1.0.1
**********************
Transcript started, output file is scrapers\logs\01_BuySpeed_02_IN_PROGRESS.log

=== Scraper Status ===
Script: 01_BuySpeed_02.py
Status: Running
Start Time: 10:29:55
Log File: scrapers\logs\01_BuySpeed_02_IN_PROGRESS.log
==============================
[10:29:59] 📅 Date range calculated: 2025-01-21 to 2025-01-22
[10:29:59] 🚀 Multi-Site Bids Extraction Started
[10:29:59] 📅 Looking for bids from 2025-01-21 to 2025-01-22
[10:29:59]
📁 Saving data in folder: D:\PPH\web-scraping\2025-01-21\01_BuySpeed_02_IN_PROGRESS
[10:29:59]
📁 Temporary download folder: D:\PPH\web-scraping\2025-01-21\01_BuySpeed_02_IN_PROGRESS\01_BuySpeed_02
[10:30:19] ✅ Successfully loaded site: https://oregonbuys.gov/bso/view/search/external/advancedSearchBid.xhtml?openBids=true
[10:30:30] Element click was intercepted. The page might not be in the expected state.
[10:30:30]
✅ Completed advanced search
[10:30:30] 📄 Processing Page 1
PS>TerminatingError(): "The pipeline has been stopped."
>> TerminatingError(): "The pipeline has been stopped."
PS D:\PPH\web-scraping>
**********************
Windows PowerShell transcript start
Start time: 20250122104045
Username: DESKTOP-IO2J2VQ\AliAmani
RunAs User: DESKTOP-IO2J2VQ\AliAmani
Configuration Name: 
Machine: DESKTOP-IO2J2VQ (Microsoft Windows NT 10.0.26100.0)
Host Application: powershell -NoExit -Command [Console]::OutputEncoding = [System.Text.Encoding]::UTF8; [Console]::InputEncoding = [System.Text.Encoding]::UTF8; $OutputEncoding = [System.Text.Encoding]::UTF8; $host.ui.RawUI.WindowTitle = "Scraper - 01_BuySpeed_02.py"; Start-Transcript -Path "scrapers\logs\01_BuySpeed_02_IN_PROGRESS.log" -Append; Write-Host "`n=== Scraper Status ===" -ForegroundColor Cyan; Write-Host "Script: 01_BuySpeed_02.py" -ForegroundColor Yellow; Write-Host "Status: Running" -ForegroundColor Green; Write-Host "Start Time: 10:40:43" -ForegroundColor Yellow; Write-Host "Log File: scrapers\logs\01_BuySpeed_02_IN_PROGRESS.log" -ForegroundColor Cyan; Write-Host "==============================`n"; function Format-ScraperOutput {     param($Message)     $timestamp = Get-Date -Format "HH:mm:ss";     if ($Message -match "^ERROR|FAILED|CRITICAL") {         Write-Host "[$timestamp] " -NoNewline;         Write-Host $Message -ForegroundColor Red;     }     elseif ($Message -match "^WARNING") {         Write-Host "[$timestamp] " -NoNewline;         Write-Host $Message -ForegroundColor Yellow;     }     elseif ($Message -match "^SUCCESS|COMPLETED|✓") {         Write-Host "[$timestamp] " -NoNewline;         Write-Host $Message -ForegroundColor Green;     }     elseif ($Message -match "^INFO|PROGRESS") {         Write-Host "[$timestamp] " -NoNewline;         Write-Host $Message -ForegroundColor Cyan;     }     else {         Write-Host "[$timestamp] $Message";     } }; & "C:\Users\AliAmani\Miniconda3\envs\bids\python.exe" "scrapers/01_BuySpeed_02.py" --days 1 2>&1 | ForEach-Object {     Format-ScraperOutput $_;     $host.ui.RawUI.WindowTitle = "Scraper - 01_BuySpeed_02.py - Running..."; }; $exitCode = $LASTEXITCODE; Stop-Transcript; if ($exitCode -eq 0) {     Rename-Item -Path "scrapers\logs\01_BuySpeed_02_IN_PROGRESS.log" -NewName "scrapers\logs\01_BuySpeed_02_COMPLETED.log" -Force; } else {     Rename-Item -Path "scrapers\logs\01_BuySpeed_02_IN_PROGRESS.log" -NewName "scrapers\logs\01_BuySpeed_02_FAILED.log" -Force; } Write-Host "`n=== Final Status ===" -ForegroundColor Cyan; Write-Host "End Time: " -NoNewline; Write-Host $(Get-Date -Format "HH:mm:ss") -ForegroundColor Yellow; Write-Host "Duration: " -NoNewline; Write-Host $([math]::Round(((Get-Date) - (Get-Date "10:40:43")).TotalMinutes, 2)) -NoNewline -ForegroundColor Yellow; Write-Host " minutes"; if ($exitCode -eq 0) {     Write-Host "Status: " -NoNewline;     Write-Host "Completed Successfully" -ForegroundColor Green;     $host.ui.RawUI.WindowTitle = "Scraper - 01_BuySpeed_02.py - Completed ✓"; } else {     Write-Host "Status: " -NoNewline;     Write-Host "Failed" -ForegroundColor Red;     $host.ui.RawUI.WindowTitle = "Scraper - 01_BuySpeed_02.py - Failed ✗";     Write-Host "Exit Code: $exitCode" -ForegroundColor Red; } Write-Host "==============================" -ForegroundColor Cyan; exit $exitCode; 
Process ID: 8116
PSVersion: 5.1.26100.2161
PSEdition: Desktop
PSCompatibleVersions: 1.0, 2.0, 3.0, 4.0, 5.0, 5.1.26100.2161
BuildVersion: 10.0.26100.2161
CLRVersion: 4.0.30319.42000
WSManStackVersion: 3.0
PSRemotingProtocolVersion: 2.3
SerializationVersion: 1.1.0.1
**********************
Transcript started, output file is scrapers\logs\01_BuySpeed_02_IN_PROGRESS.log

=== Scraper Status ===
Script: 01_BuySpeed_02.py
Status: Running
Start Time: 10:40:43
Log File: scrapers\logs\01_BuySpeed_02_IN_PROGRESS.log
==============================
[10:40:46] 📅 Date range calculated: 2025-01-21 to 2025-01-22
[10:40:46] 🚀 Multi-Site Bids Extraction Started
[10:40:46] 📅 Looking for bids from 2025-01-21 to 2025-01-22
[10:40:46]
📁 Saving data in folder: D:\PPH\web-scraping\2025-01-21\01_BuySpeed_02_IN_PROGRESS
[10:40:46]
📁 Temporary download folder: D:\PPH\web-scraping\2025-01-21\01_BuySpeed_02_IN_PROGRESS\01_BuySpeed_02
[10:40:51] ✅ Successfully loaded site: https://oregonbuys.gov/bso/view/search/external/advancedSearchBid.xhtml?openBids=true
PS>TerminatingError(): "The pipeline has been stopped."
>> TerminatingError(): "The pipeline has been stopped."
PS D:\PPH\web-scraping>
**********************
Windows PowerShell transcript start
Start time: 20250122105054
Username: DESKTOP-IO2J2VQ\AliAmani
RunAs User: DESKTOP-IO2J2VQ\AliAmani
Configuration Name: 
Machine: DESKTOP-IO2J2VQ (Microsoft Windows NT 10.0.26100.0)
Host Application: powershell -NoExit -Command [Console]::OutputEncoding = [System.Text.Encoding]::UTF8; [Console]::InputEncoding = [System.Text.Encoding]::UTF8; $OutputEncoding = [System.Text.Encoding]::UTF8; $host.ui.RawUI.WindowTitle = "Scraper - 01_BuySpeed_02.py"; Start-Transcript -Path "scrapers\logs\01_BuySpeed_02_IN_PROGRESS.log" -Append; Write-Host "`n=== Scraper Status ===" -ForegroundColor Cyan; Write-Host "Script: 01_BuySpeed_02.py" -ForegroundColor Yellow; Write-Host "Status: Running" -ForegroundColor Green; Write-Host "Start Time: 10:50:50" -ForegroundColor Yellow; Write-Host "Log File: scrapers\logs\01_BuySpeed_02_IN_PROGRESS.log" -ForegroundColor Cyan; Write-Host "==============================`n"; function Format-ScraperOutput {     param($Message)     $timestamp = Get-Date -Format "HH:mm:ss";     if ($Message -match "^ERROR|FAILED|CRITICAL") {         Write-Host "[$timestamp] " -NoNewline;         Write-Host $Message -ForegroundColor Red;     }     elseif ($Message -match "^WARNING") {         Write-Host "[$timestamp] " -NoNewline;         Write-Host $Message -ForegroundColor Yellow;     }     elseif ($Message -match "^SUCCESS|COMPLETED|✓") {         Write-Host "[$timestamp] " -NoNewline;         Write-Host $Message -ForegroundColor Green;     }     elseif ($Message -match "^INFO|PROGRESS") {         Write-Host "[$timestamp] " -NoNewline;         Write-Host $Message -ForegroundColor Cyan;     }     else {         Write-Host "[$timestamp] $Message";     } }; & "C:\Users\AliAmani\Miniconda3\envs\bids\python.exe" "scrapers/01_BuySpeed_02.py" --days 1 2>&1 | ForEach-Object {     Format-ScraperOutput $_;     $host.ui.RawUI.WindowTitle = "Scraper - 01_BuySpeed_02.py - Running..."; }; $exitCode = $LASTEXITCODE; Stop-Transcript; if ($exitCode -eq 0) {     Rename-Item -Path "scrapers\logs\01_BuySpeed_02_IN_PROGRESS.log" -NewName "scrapers\logs\01_BuySpeed_02_COMPLETED.log" -Force; } else {     Rename-Item -Path "scrapers\logs\01_BuySpeed_02_IN_PROGRESS.log" -NewName "scrapers\logs\01_BuySpeed_02_FAILED.log" -Force; } Write-Host "`n=== Final Status ===" -ForegroundColor Cyan; Write-Host "End Time: " -NoNewline; Write-Host $(Get-Date -Format "HH:mm:ss") -ForegroundColor Yellow; Write-Host "Duration: " -NoNewline; Write-Host $([math]::Round(((Get-Date) - (Get-Date "10:50:50")).TotalMinutes, 2)) -NoNewline -ForegroundColor Yellow; Write-Host " minutes"; if ($exitCode -eq 0) {     Write-Host "Status: " -NoNewline;     Write-Host "Completed Successfully" -ForegroundColor Green;     $host.ui.RawUI.WindowTitle = "Scraper - 01_BuySpeed_02.py - Completed ✓"; } else {     Write-Host "Status: " -NoNewline;     Write-Host "Failed" -ForegroundColor Red;     $host.ui.RawUI.WindowTitle = "Scraper - 01_BuySpeed_02.py - Failed ✗";     Write-Host "Exit Code: $exitCode" -ForegroundColor Red; } Write-Host "==============================" -ForegroundColor Cyan; exit $exitCode; 
Process ID: 23172
PSVersion: 5.1.26100.2161
PSEdition: Desktop
PSCompatibleVersions: 1.0, 2.0, 3.0, 4.0, 5.0, 5.1.26100.2161
BuildVersion: 10.0.26100.2161
CLRVersion: 4.0.30319.42000
WSManStackVersion: 3.0
PSRemotingProtocolVersion: 2.3
SerializationVersion: 1.1.0.1
**********************
Transcript started, output file is scrapers\logs\01_BuySpeed_02_IN_PROGRESS.log

=== Scraper Status ===
Script: 01_BuySpeed_02.py
Status: Running
Start Time: 10:50:50
Log File: scrapers\logs\01_BuySpeed_02_IN_PROGRESS.log
==============================
[10:50:54] 📅 Date range calculated: 2025-01-21 to 2025-01-22
[10:50:54] 🚀 Multi-Site Bids Extraction Started
[10:50:54] 📅 Looking for bids from 2025-01-21 to 2025-01-22
[10:50:54]
📁 Saving data in folder: D:\PPH\web-scraping\2025-01-21\01_BuySpeed_02_IN_PROGRESS
[10:50:54]
📁 Temporary download folder: D:\PPH\web-scraping\2025-01-21\01_BuySpeed_02_IN_PROGRESS\01_BuySpeed_02
[10:51:13] ✅ Successfully loaded site: https://oregonbuys.gov/bso/view/search/external/advancedSearchBid.xhtml?openBids=true
[10:51:24] Element click was intercepted. The page might not be in the expected state.
[10:51:24]
✅ Completed advanced search
[10:51:24] 📄 Processing Page 1
[10:51:27] 🔗 Found bid link: https://oregonbuys.gov/bso/external/bidDetail.sdo?docId=S-KS0043-00012613&external=true&parentUrl=close
[10:51:27] 🔗 Found bid link: https://oregonbuys.gov/bso/external/bidDetail.sdo?docId=S-C01010-00012612&external=true&parentUrl=close
[10:51:27] 🔗 Found bid link: https://oregonbuys.gov/bso/external/bidDetail.sdo?docId=S-73000-00012610&external=true&parentUrl=close
[10:51:27] 🔗 Found bid link: https://oregonbuys.gov/bso/external/bidDetail.sdo?docId=S-73000-00012609&external=true&parentUrl=close
[10:51:27] 🔗 Found bid link: https://oregonbuys.gov/bso/external/bidDetail.sdo?docId=S-62900-00012608&external=true&parentUrl=close
[10:51:27] 🔗 Found bid link: https://oregonbuys.gov/bso/external/bidDetail.sdo?docId=S-29100-00012607&external=true&parentUrl=close
[10:51:27] 🔗 Found bid link: https://oregonbuys.gov/bso/external/bidDetail.sdo?docId=S-R33123-00012604&external=true&parentUrl=close
[10:51:27] 🔗 Found bid link: https://oregonbuys.gov/bso/external/bidDetail.sdo?docId=S-15000-00012603&external=true&parentUrl=close
[10:51:27] 🔗 Found bid link: https://oregonbuys.gov/bso/external/bidDetail.sdo?docId=S-Q10050-00012601&external=true&parentUrl=close
[10:51:27] 🔗 Found bid link: https://oregonbuys.gov/bso/external/bidDetail.sdo?docId=S-C20414-00012599&external=true&parentUrl=close
[10:51:27] 🔗 Found bid link: https://oregonbuys.gov/bso/external/bidDetail.sdo?docId=S-C20414-00012598&external=true&parentUrl=close
[10:51:27] 🔗 Found bid link: https://oregonbuys.gov/bso/external/bidDetail.sdo?docId=S-25700-00012597&external=true&parentUrl=close
[10:51:27] 🔗 Found bid link: https://oregonbuys.gov/bso/external/bidDetail.sdo?docId=S-P00400-00012595&external=true&parentUrl=close
[10:51:27] 🔗 Found bid link: https://oregonbuys.gov/bso/external/bidDetail.sdo?docId=S-KE0010-00012594&external=true&parentUrl=close
[10:51:27] 🔗 Found bid link: https://oregonbuys.gov/bso/external/bidDetail.sdo?docId=S-C01510-00012593&external=true&parentUrl=close
[10:51:27] 🔗 Found bid link: https://oregonbuys.gov/bso/external/bidDetail.sdo?docId=S-C01510-00012592&external=true&parentUrl=close
[10:51:27] 🔗 Found bid link: https://oregonbuys.gov/bso/external/bidDetail.sdo?docId=S-58100-00012591&external=true&parentUrl=close
[10:51:27] 🔗 Found bid link: https://oregonbuys.gov/bso/external/bidDetail.sdo?docId=S-10700-00012590&external=true&parentUrl=close
[10:51:27] 🔗 Found bid link: https://oregonbuys.gov/bso/external/bidDetail.sdo?docId=S-C03342-00012589&external=true&parentUrl=close
[10:51:27] 🔗 Found bid link: https://oregonbuys.gov/bso/external/bidDetail.sdo?docId=S-P34048-00012587&external=true&parentUrl=close
[10:51:27] 🔗 Found bid link: https://oregonbuys.gov/bso/external/bidDetail.sdo?docId=S-63400-00012586&external=true&parentUrl=close
[10:51:27] 🔗 Found bid link: https://oregonbuys.gov/bso/external/bidDetail.sdo?docId=S-63400-00012584&external=true&parentUrl=close
[10:51:27] 🔗 Found bid link: https://oregonbuys.gov/bso/external/bidDetail.sdo?docId=S-C01010-00012583&external=true&parentUrl=close
[10:51:27] 🔗 Found bid link: https://oregonbuys.gov/bso/external/bidDetail.sdo?docId=S-62900-00012582&external=true&parentUrl=close
[10:51:27] 🔗 Found bid link: https://oregonbuys.gov/bso/external/bidDetail.sdo?docId=S-P17926-00012576&external=true&parentUrl=close
[10:51:32] 📄 Processing Page 2
[10:51:35] 🔗 Found bid link: https://oregonbuys.gov/bso/external/bidDetail.sdo?docId=S-X06100-00012574&external=true&parentUrl=close
[10:51:35] 🔗 Found bid link: https://oregonbuys.gov/bso/external/bidDetail.sdo?docId=S-63400-00012573&external=true&parentUrl=close
[10:51:35] 🔗 Found bid link: https://oregonbuys.gov/bso/external/bidDetail.sdo?docId=S-44000-00012572&external=true&parentUrl=close
[10:51:35] 🔗 Found bid link: https://oregonbuys.gov/bso/external/bidDetail.sdo?docId=S-C03342-00012571&external=true&parentUrl=close
[10:51:35] 🔗 Found bid link: https://oregonbuys.gov/bso/external/bidDetail.sdo?docId=S-C01010-00012568&external=true&parentUrl=close
[10:51:35] 🔗 Found bid link: https://oregonbuys.gov/bso/external/bidDetail.sdo?docId=S-63500-00012567&external=true&parentUrl=close
[10:51:35] 🔗 Found bid link: https://oregonbuys.gov/bso/external/bidDetail.sdo?docId=S-10000-00012566&external=true&parentUrl=close
[10:51:35] 🔗 Found bid link: https://oregonbuys.gov/bso/external/bidDetail.sdo?docId=S-P34048-00012563&external=true&parentUrl=close
[10:51:35] 🔗 Found bid link: https://oregonbuys.gov/bso/external/bidDetail.sdo?docId=S-10700-00012562&external=true&parentUrl=close
[10:51:35] 🔗 Found bid link: https://oregonbuys.gov/bso/external/bidDetail.sdo?docId=S-73000-00012560&external=true&parentUrl=close
[10:51:35] 🔗 Found bid link: https://oregonbuys.gov/bso/external/bidDetail.sdo?docId=S-34000-00012559&external=true&parentUrl=close
[10:51:35] 🔗 Found bid link: https://oregonbuys.gov/bso/external/bidDetail.sdo?docId=S-25900-00012557&external=true&parentUrl=close
[10:51:35] 🔗 Found bid link: https://oregonbuys.gov/bso/external/bidDetail.sdo?docId=S-C01010-00012553&external=true&parentUrl=close
[10:51:35] 🔗 Found bid link: https://oregonbuys.gov/bso/external/bidDetail.sdo?docId=S-29100-00012551&external=true&parentUrl=close
[10:51:35] 🔗 Found bid link: https://oregonbuys.gov/bso/external/bidDetail.sdo?docId=S-580501-00012549&external=true&parentUrl=close
[10:51:35] 🔗 Found bid link: https://oregonbuys.gov/bso/external/bidDetail.sdo?docId=S-580501-00012548&external=true&parentUrl=close
[10:51:35] 🔗 Found bid link: https://oregonbuys.gov/bso/external/bidDetail.sdo?docId=S-580501-00012547&external=true&parentUrl=close
[10:51:35] 🔗 Found bid link: https://oregonbuys.gov/bso/external/bidDetail.sdo?docId=S-580501-00012546&external=true&parentUrl=close
[10:51:35] 🔗 Found bid link: https://oregonbuys.gov/bso/external/bidDetail.sdo?docId=S-580501-00012545&external=true&parentUrl=close
[10:51:35] 🔗 Found bid link: https://oregonbuys.gov/bso/external/bidDetail.sdo?docId=S-580501-00012544&external=true&parentUrl=close
[10:51:35] 🔗 Found bid link: https://oregonbuys.gov/bso/external/bidDetail.sdo?docId=S-R20640-00012541&external=true&parentUrl=close
[10:51:35] 🔗 Found bid link: https://oregonbuys.gov/bso/external/bidDetail.sdo?docId=S-P00100-00012540&external=true&parentUrl=close
[10:51:35] 🔗 Found bid link: https://oregonbuys.gov/bso/external/bidDetail.sdo?docId=S-P34048-00012539&external=true&parentUrl=close
[10:51:35] 🔗 Found bid link: https://oregonbuys.gov/bso/external/bidDetail.sdo?docId=S-KB0020-00012537&external=true&parentUrl=close
[10:51:35] 🔗 Found bid link: https://oregonbuys.gov/bso/external/bidDetail.sdo?docId=S-435000-00012535&external=true&parentUrl=close
[10:51:35]
[10:51:35] 📊 Found 50 bids
[10:51:35]
[10:51:35] 🔍 Processing bid 1/50
[10:51:35] 🔗 URL: https://oregonbuys.gov/bso/external/bidDetail.sdo?docId=S-KS0043-00012613&external=true&parentUrl=close
[10:51:35]
[10:51:35] 📄 Processing bid page: https://oregonbuys.gov/bso/external/bidDetail.sdo?docId=S-KS0043-00012613&external=true&parentUrl=close
PS>TerminatingError(): "The pipeline has been stopped."
>> TerminatingError(): "The pipeline has been stopped."
PS D:\PPH\web-scraping>
**********************
Windows PowerShell transcript start
Start time: 20250122110224
Username: DESKTOP-IO2J2VQ\AliAmani
RunAs User: DESKTOP-IO2J2VQ\AliAmani
Configuration Name: 
Machine: DESKTOP-IO2J2VQ (Microsoft Windows NT 10.0.26100.0)
Host Application: powershell -NoExit -Command [Console]::OutputEncoding = [System.Text.Encoding]::UTF8; [Console]::InputEncoding = [System.Text.Encoding]::UTF8; $OutputEncoding = [System.Text.Encoding]::UTF8; $host.ui.RawUI.WindowTitle = "Scraper - 01_BuySpeed_02.py"; Start-Transcript -Path "scrapers\logs\01_BuySpeed_02_IN_PROGRESS.log" -Append; Write-Host "`n=== Scraper Status ===" -ForegroundColor Cyan; Write-Host "Script: 01_BuySpeed_02.py" -ForegroundColor Yellow; Write-Host "Status: Running" -ForegroundColor Green; Write-Host "Start Time: 11:02:21" -ForegroundColor Yellow; Write-Host "Log File: scrapers\logs\01_BuySpeed_02_IN_PROGRESS.log" -ForegroundColor Cyan; Write-Host "==============================`n"; function Format-ScraperOutput {     param($Message)     $timestamp = Get-Date -Format "HH:mm:ss";     if ($Message -match "^ERROR|FAILED|CRITICAL") {         Write-Host "[$timestamp] " -NoNewline;         Write-Host $Message -ForegroundColor Red;     }     elseif ($Message -match "^WARNING") {         Write-Host "[$timestamp] " -NoNewline;         Write-Host $Message -ForegroundColor Yellow;     }     elseif ($Message -match "^SUCCESS|COMPLETED|✓") {         Write-Host "[$timestamp] " -NoNewline;         Write-Host $Message -ForegroundColor Green;     }     elseif ($Message -match "^INFO|PROGRESS") {         Write-Host "[$timestamp] " -NoNewline;         Write-Host $Message -ForegroundColor Cyan;     }     else {         Write-Host "[$timestamp] $Message";     } }; & "C:\Users\AliAmani\Miniconda3\envs\bids\python.exe" "scrapers/01_BuySpeed_02.py" --days 1 2>&1 | ForEach-Object {     Format-ScraperOutput $_;     $host.ui.RawUI.WindowTitle = "Scraper - 01_BuySpeed_02.py - Running..."; }; $exitCode = $LASTEXITCODE; Stop-Transcript; if ($exitCode -eq 0) {     Rename-Item -Path "scrapers\logs\01_BuySpeed_02_IN_PROGRESS.log" -NewName "scrapers\logs\01_BuySpeed_02_COMPLETED.log" -Force; } else {     Rename-Item -Path "scrapers\logs\01_BuySpeed_02_IN_PROGRESS.log" -NewName "scrapers\logs\01_BuySpeed_02_FAILED.log" -Force; } Write-Host "`n=== Final Status ===" -ForegroundColor Cyan; Write-Host "End Time: " -NoNewline; Write-Host $(Get-Date -Format "HH:mm:ss") -ForegroundColor Yellow; Write-Host "Duration: " -NoNewline; Write-Host $([math]::Round(((Get-Date) - (Get-Date "11:02:21")).TotalMinutes, 2)) -NoNewline -ForegroundColor Yellow; Write-Host " minutes"; if ($exitCode -eq 0) {     Write-Host "Status: " -NoNewline;     Write-Host "Completed Successfully" -ForegroundColor Green;     $host.ui.RawUI.WindowTitle = "Scraper - 01_BuySpeed_02.py - Completed ✓"; } else {     Write-Host "Status: " -NoNewline;     Write-Host "Failed" -ForegroundColor Red;     $host.ui.RawUI.WindowTitle = "Scraper - 01_BuySpeed_02.py - Failed ✗";     Write-Host "Exit Code: $exitCode" -ForegroundColor Red; } Write-Host "==============================" -ForegroundColor Cyan; exit $exitCode; 
Process ID: 26860
PSVersion: 5.1.26100.2161
PSEdition: Desktop
PSCompatibleVersions: 1.0, 2.0, 3.0, 4.0, 5.0, 5.1.26100.2161
BuildVersion: 10.0.26100.2161
CLRVersion: 4.0.30319.42000
WSManStackVersion: 3.0
PSRemotingProtocolVersion: 2.3
SerializationVersion: 1.1.0.1
**********************
Transcript started, output file is scrapers\logs\01_BuySpeed_02_IN_PROGRESS.log

=== Scraper Status ===
Script: 01_BuySpeed_02.py
Status: Running
Start Time: 11:02:21
Log File: scrapers\logs\01_BuySpeed_02_IN_PROGRESS.log
==============================
[11:02:24] 📅 Date range calculated: 2025-01-21 to 2025-01-22
[11:02:25] 🚀 Multi-Site Bids Extraction Started
[11:02:25] 📅 Looking for bids from 2025-01-21 to 2025-01-22
[11:02:25]
📁 Saving data in folder: D:\PPH\web-scraping\2025-01-21\01_BuySpeed_02_IN_PROGRESS
[11:02:25]
📁 Temporary download folder: D:\PPH\web-scraping\2025-01-21\01_BuySpeed_02_IN_PROGRESS\01_BuySpeed_02
**********************
Windows PowerShell transcript start
Start time: 20250122110506
Username: DESKTOP-IO2J2VQ\AliAmani
RunAs User: DESKTOP-IO2J2VQ\AliAmani
Configuration Name: 
Machine: DESKTOP-IO2J2VQ (Microsoft Windows NT 10.0.26100.0)
Host Application: powershell -NoExit -Command [Console]::OutputEncoding = [System.Text.Encoding]::UTF8; [Console]::InputEncoding = [System.Text.Encoding]::UTF8; $OutputEncoding = [System.Text.Encoding]::UTF8; $host.ui.RawUI.WindowTitle = "Scraper - 01_BuySpeed_02.py"; Start-Transcript -Path "scrapers\logs\01_BuySpeed_02_IN_PROGRESS.log" -Append; Write-Host "`n=== Scraper Status ===" -ForegroundColor Cyan; Write-Host "Script: 01_BuySpeed_02.py" -ForegroundColor Yellow; Write-Host "Status: Running" -ForegroundColor Green; Write-Host "Start Time: 11:05:04" -ForegroundColor Yellow; Write-Host "Log File: scrapers\logs\01_BuySpeed_02_IN_PROGRESS.log" -ForegroundColor Cyan; Write-Host "==============================`n"; function Format-ScraperOutput {     param($Message)     $timestamp = Get-Date -Format "HH:mm:ss";     if ($Message -match "^ERROR|FAILED|CRITICAL") {         Write-Host "[$timestamp] " -NoNewline;         Write-Host $Message -ForegroundColor Red;     }     elseif ($Message -match "^WARNING") {         Write-Host "[$timestamp] " -NoNewline;         Write-Host $Message -ForegroundColor Yellow;     }     elseif ($Message -match "^SUCCESS|COMPLETED|✓") {         Write-Host "[$timestamp] " -NoNewline;         Write-Host $Message -ForegroundColor Green;     }     elseif ($Message -match "^INFO|PROGRESS") {         Write-Host "[$timestamp] " -NoNewline;         Write-Host $Message -ForegroundColor Cyan;     }     else {         Write-Host "[$timestamp] $Message";     } }; & "C:\Users\AliAmani\Miniconda3\envs\bids\python.exe" "scrapers/01_BuySpeed_02.py" --days 1 2>&1 | ForEach-Object {     Format-ScraperOutput $_;     $host.ui.RawUI.WindowTitle = "Scraper - 01_BuySpeed_02.py - Running..."; }; $exitCode = $LASTEXITCODE; Stop-Transcript; if ($exitCode -eq 0) {     Rename-Item -Path "scrapers\logs\01_BuySpeed_02_IN_PROGRESS.log" -NewName "scrapers\logs\01_BuySpeed_02_COMPLETED.log" -Force; } else {     Rename-Item -Path "scrapers\logs\01_BuySpeed_02_IN_PROGRESS.log" -NewName "scrapers\logs\01_BuySpeed_02_FAILED.log" -Force; } Write-Host "`n=== Final Status ===" -ForegroundColor Cyan; Write-Host "End Time: " -NoNewline; Write-Host $(Get-Date -Format "HH:mm:ss") -ForegroundColor Yellow; Write-Host "Duration: " -NoNewline; Write-Host $([math]::Round(((Get-Date) - (Get-Date "11:05:04")).TotalMinutes, 2)) -NoNewline -ForegroundColor Yellow; Write-Host " minutes"; if ($exitCode -eq 0) {     Write-Host "Status: " -NoNewline;     Write-Host "Completed Successfully" -ForegroundColor Green;     $host.ui.RawUI.WindowTitle = "Scraper - 01_BuySpeed_02.py - Completed ✓"; } else {     Write-Host "Status: " -NoNewline;     Write-Host "Failed" -ForegroundColor Red;     $host.ui.RawUI.WindowTitle = "Scraper - 01_BuySpeed_02.py - Failed ✗";     Write-Host "Exit Code: $exitCode" -ForegroundColor Red; } Write-Host "==============================" -ForegroundColor Cyan; exit $exitCode; 
Process ID: 26408
PSVersion: 5.1.26100.2161
PSEdition: Desktop
PSCompatibleVersions: 1.0, 2.0, 3.0, 4.0, 5.0, 5.1.26100.2161
BuildVersion: 10.0.26100.2161
CLRVersion: 4.0.30319.42000
WSManStackVersion: 3.0
PSRemotingProtocolVersion: 2.3
SerializationVersion: 1.1.0.1
**********************
Transcript started, output file is scrapers\logs\01_BuySpeed_02_IN_PROGRESS.log

=== Scraper Status ===
Script: 01_BuySpeed_02.py
Status: Running
Start Time: 11:05:04
Log File: scrapers\logs\01_BuySpeed_02_IN_PROGRESS.log
==============================
[11:05:07] 📅 Date range calculated: 2025-01-21 to 2025-01-22
[11:05:07] 🚀 Multi-Site Bids Extraction Started
[11:05:07] 📅 Looking for bids from 2025-01-21 to 2025-01-22
[11:05:07]
📁 Saving data in folder: D:\PPH\web-scraping\2025-01-21\01_BuySpeed_02_IN_PROGRESS
[11:05:07]
📁 Temporary download folder: D:\PPH\web-scraping\2025-01-21\01_BuySpeed_02_IN_PROGRESS\01_BuySpeed_02
PS>TerminatingError(): "The pipeline has been stopped."
>> TerminatingError(): "The pipeline has been stopped."
PS D:\PPH\web-scraping>
﻿**********************
Windows PowerShell transcript start
Start time: 20250122111618
Username: DESKTOP-IO2J2VQ\AliAmani
RunAs User: DESKTOP-IO2J2VQ\AliAmani
Configuration Name: 
Machine: DESKTOP-IO2J2VQ (Microsoft Windows NT 10.0.26100.0)
Host Application: powershell -NoExit -Command [Console]::OutputEncoding = [System.Text.Encoding]::UTF8; [Console]::InputEncoding = [System.Text.Encoding]::UTF8; $OutputEncoding = [System.Text.Encoding]::UTF8; $host.ui.RawUI.WindowTitle = "Scraper - 01_BuySpeed_02.py"; Start-Transcript -Path "scrapers\logs\01_BuySpeed_02_IN_PROGRESS.log" -Append; Write-Host "`n=== Scraper Status ===" -ForegroundColor Cyan; Write-Host "Script: 01_BuySpeed_02.py" -ForegroundColor Yellow; Write-Host "Status: Running" -ForegroundColor Green; Write-Host "Start Time: 11:16:14" -ForegroundColor Yellow; Write-Host "Log File: scrapers\logs\01_BuySpeed_02_IN_PROGRESS.log" -ForegroundColor Cyan; Write-Host "==============================`n"; function Format-ScraperOutput {     param($Message)     $timestamp = Get-Date -Format "HH:mm:ss";     if ($Message -match "^ERROR|FAILED|CRITICAL") {         Write-Host "[$timestamp] " -NoNewline;         Write-Host $Message -ForegroundColor Red;     }     elseif ($Message -match "^WARNING") {         Write-Host "[$timestamp] " -NoNewline;         Write-Host $Message -ForegroundColor Yellow;     }     elseif ($Message -match "^SUCCESS|COMPLETED|✓") {         Write-Host "[$timestamp] " -NoNewline;         Write-Host $Message -ForegroundColor Green;     }     elseif ($Message -match "^INFO|PROGRESS") {         Write-Host "[$timestamp] " -NoNewline;         Write-Host $Message -ForegroundColor Cyan;     }     else {         Write-Host "[$timestamp] $Message";     } }; & "C:\Users\AliAmani\Miniconda3\envs\bids\python.exe" "scrapers/01_BuySpeed_02.py" --days 1 2>&1 | ForEach-Object {     Format-ScraperOutput $_;     $host.ui.RawUI.WindowTitle = "Scraper - 01_BuySpeed_02.py - Running..."; }; $exitCode = $LASTEXITCODE; Stop-Transcript; if ($exitCode -eq 0) {     Rename-Item -Path "scrapers\logs\01_BuySpeed_02_IN_PROGRESS.log" -NewName "scrapers\logs\01_BuySpeed_02_COMPLETED.log" -Force; } else {     Rename-Item -Path "scrapers\logs\01_BuySpeed_02_IN_PROGRESS.log" -NewName "scrapers\logs\01_BuySpeed_02_FAILED.log" -Force; } Write-Host "`n=== Final Status ===" -ForegroundColor Cyan; Write-Host "End Time: " -NoNewline; Write-Host $(Get-Date -Format "HH:mm:ss") -ForegroundColor Yellow; Write-Host "Duration: " -NoNewline; Write-Host $([math]::Round(((Get-Date) - (Get-Date "11:16:14")).TotalMinutes, 2)) -NoNewline -ForegroundColor Yellow; Write-Host " minutes"; if ($exitCode -eq 0) {     Write-Host "Status: " -NoNewline;     Write-Host "Completed Successfully" -ForegroundColor Green;     $host.ui.RawUI.WindowTitle = "Scraper - 01_BuySpeed_02.py - Completed ✓"; } else {     Write-Host "Status: " -NoNewline;     Write-Host "Failed" -ForegroundColor Red;     $host.ui.RawUI.WindowTitle = "Scraper - 01_BuySpeed_02.py - Failed ✗";     Write-Host "Exit Code: $exitCode" -ForegroundColor Red; } Write-Host "==============================" -ForegroundColor Cyan; exit $exitCode; 
Process ID: 17364
PSVersion: 5.1.26100.2161
PSEdition: Desktop
PSCompatibleVersions: 1.0, 2.0, 3.0, 4.0, 5.0, 5.1.26100.2161
BuildVersion: 10.0.26100.2161
CLRVersion: 4.0.30319.42000
WSManStackVersion: 3.0
PSRemotingProtocolVersion: 2.3
SerializationVersion: 1.1.0.1
**********************
Transcript started, output file is scrapers\logs\01_BuySpeed_02_IN_PROGRESS.log

=== Scraper Status ===
Script: 01_BuySpeed_02.py
Status: Running
Start Time: 11:16:14
Log File: scrapers\logs\01_BuySpeed_02_IN_PROGRESS.log
==============================
[11:16:18] 📅 Date range calculated: 2025-01-21 to 2025-01-22
[11:16:18] 🚀 Multi-Site Bids Extraction Started
[11:16:18] 📅 Looking for bids from 2025-01-21 to 2025-01-22
[11:16:18]
📁 Saving data in folder: D:\PPH\web-scraping\2025-01-21\01_BuySpeed_02_IN_PROGRESS
[11:16:18]
📁 Temporary download folder: D:\PPH\web-scraping\2025-01-21\01_BuySpeed_02_IN_PROGRESS\01_BuySpeed_02
[11:16:36] ✅ Successfully loaded site: https://oregonbuys.gov/bso/view/search/external/advancedSearchBid.xhtml?openBids=true
[11:16:47] Element click was intercepted. The page might not be in the expected state.
[11:16:47]
✅ Completed advanced search
[11:16:47] 📄 Processing Page 1
[11:16:50] 🔗 Found bid link: https://oregonbuys.gov/bso/external/bidDetail.sdo?docId=S-KS0043-00012613&external=true&parentUrl=close
[11:16:50] 🔗 Found bid link: https://oregonbuys.gov/bso/external/bidDetail.sdo?docId=S-C01010-00012612&external=true&parentUrl=close
[11:16:50] 🔗 Found bid link: https://oregonbuys.gov/bso/external/bidDetail.sdo?docId=S-73000-00012610&external=true&parentUrl=close
[11:16:50] 🔗 Found bid link: https://oregonbuys.gov/bso/external/bidDetail.sdo?docId=S-73000-00012609&external=true&parentUrl=close
[11:16:50] 🔗 Found bid link: https://oregonbuys.gov/bso/external/bidDetail.sdo?docId=S-62900-00012608&external=true&parentUrl=close
[11:16:50] 🔗 Found bid link: https://oregonbuys.gov/bso/external/bidDetail.sdo?docId=S-29100-00012607&external=true&parentUrl=close
[11:16:50] 🔗 Found bid link: https://oregonbuys.gov/bso/external/bidDetail.sdo?docId=S-R33123-00012604&external=true&parentUrl=close
[11:16:50] 🔗 Found bid link: https://oregonbuys.gov/bso/external/bidDetail.sdo?docId=S-15000-00012603&external=true&parentUrl=close
[11:16:50] 🔗 Found bid link: https://oregonbuys.gov/bso/external/bidDetail.sdo?docId=S-Q10050-00012601&external=true&parentUrl=close
[11:16:50] 🔗 Found bid link: https://oregonbuys.gov/bso/external/bidDetail.sdo?docId=S-C20414-00012599&external=true&parentUrl=close
[11:16:50] 🔗 Found bid link: https://oregonbuys.gov/bso/external/bidDetail.sdo?docId=S-C20414-00012598&external=true&parentUrl=close
[11:16:50] 🔗 Found bid link: https://oregonbuys.gov/bso/external/bidDetail.sdo?docId=S-25700-00012597&external=true&parentUrl=close
[11:16:50] 🔗 Found bid link: https://oregonbuys.gov/bso/external/bidDetail.sdo?docId=S-P00400-00012595&external=true&parentUrl=close
[11:16:50] 🔗 Found bid link: https://oregonbuys.gov/bso/external/bidDetail.sdo?docId=S-KE0010-00012594&external=true&parentUrl=close
[11:16:50] 🔗 Found bid link: https://oregonbuys.gov/bso/external/bidDetail.sdo?docId=S-C01510-00012593&external=true&parentUrl=close
[11:16:50] 🔗 Found bid link: https://oregonbuys.gov/bso/external/bidDetail.sdo?docId=S-C01510-00012592&external=true&parentUrl=close
[11:16:50] 🔗 Found bid link: https://oregonbuys.gov/bso/external/bidDetail.sdo?docId=S-58100-00012591&external=true&parentUrl=close
[11:16:50] 🔗 Found bid link: https://oregonbuys.gov/bso/external/bidDetail.sdo?docId=S-10700-00012590&external=true&parentUrl=close
[11:16:50] 🔗 Found bid link: https://oregonbuys.gov/bso/external/bidDetail.sdo?docId=S-C03342-00012589&external=true&parentUrl=close
[11:16:50] 🔗 Found bid link: https://oregonbuys.gov/bso/external/bidDetail.sdo?docId=S-P34048-00012587&external=true&parentUrl=close
[11:16:51] 🔗 Found bid link: https://oregonbuys.gov/bso/external/bidDetail.sdo?docId=S-63400-00012586&external=true&parentUrl=close
[11:16:51] 🔗 Found bid link: https://oregonbuys.gov/bso/external/bidDetail.sdo?docId=S-63400-00012584&external=true&parentUrl=close
[11:16:51] 🔗 Found bid link: https://oregonbuys.gov/bso/external/bidDetail.sdo?docId=S-C01010-00012583&external=true&parentUrl=close
[11:16:51] 🔗 Found bid link: https://oregonbuys.gov/bso/external/bidDetail.sdo?docId=S-62900-00012582&external=true&parentUrl=close
[11:16:51] 🔗 Found bid link: https://oregonbuys.gov/bso/external/bidDetail.sdo?docId=S-P17926-00012576&external=true&parentUrl=close
[11:16:55] 📄 Processing Page 2
[11:17:04] 🔗 Found bid link: https://oregonbuys.gov/bso/external/bidDetail.sdo?docId=S-X06100-00012574&external=true&parentUrl=close
[11:17:04] 🔗 Found bid link: https://oregonbuys.gov/bso/external/bidDetail.sdo?docId=S-63400-00012573&external=true&parentUrl=close
[11:17:04] 🔗 Found bid link: https://oregonbuys.gov/bso/external/bidDetail.sdo?docId=S-44000-00012572&external=true&parentUrl=close
[11:17:04] 🔗 Found bid link: https://oregonbuys.gov/bso/external/bidDetail.sdo?docId=S-C03342-00012571&external=true&parentUrl=close
[11:17:04] 🔗 Found bid link: https://oregonbuys.gov/bso/external/bidDetail.sdo?docId=S-C01010-00012568&external=true&parentUrl=close
[11:17:04] 🔗 Found bid link: https://oregonbuys.gov/bso/external/bidDetail.sdo?docId=S-63500-00012567&external=true&parentUrl=close
[11:17:04] 🔗 Found bid link: https://oregonbuys.gov/bso/external/bidDetail.sdo?docId=S-10000-00012566&external=true&parentUrl=close
[11:17:04] 🔗 Found bid link: https://oregonbuys.gov/bso/external/bidDetail.sdo?docId=S-P34048-00012563&external=true&parentUrl=close
[11:17:04] 🔗 Found bid link: https://oregonbuys.gov/bso/external/bidDetail.sdo?docId=S-10700-00012562&external=true&parentUrl=close
[11:17:04] 🔗 Found bid link: https://oregonbuys.gov/bso/external/bidDetail.sdo?docId=S-73000-00012560&external=true&parentUrl=close
[11:17:04] 🔗 Found bid link: https://oregonbuys.gov/bso/external/bidDetail.sdo?docId=S-34000-00012559&external=true&parentUrl=close
[11:17:04] 🔗 Found bid link: https://oregonbuys.gov/bso/external/bidDetail.sdo?docId=S-25900-00012557&external=true&parentUrl=close
[11:17:04] 🔗 Found bid link: https://oregonbuys.gov/bso/external/bidDetail.sdo?docId=S-C01010-00012553&external=true&parentUrl=close
[11:17:04] 🔗 Found bid link: https://oregonbuys.gov/bso/external/bidDetail.sdo?docId=S-29100-00012551&external=true&parentUrl=close
[11:17:04] 🔗 Found bid link: https://oregonbuys.gov/bso/external/bidDetail.sdo?docId=S-580501-00012549&external=true&parentUrl=close
[11:17:04] 🔗 Found bid link: https://oregonbuys.gov/bso/external/bidDetail.sdo?docId=S-580501-00012548&external=true&parentUrl=close
[11:17:04] 🔗 Found bid link: https://oregonbuys.gov/bso/external/bidDetail.sdo?docId=S-580501-00012547&external=true&parentUrl=close
[11:17:04] 🔗 Found bid link: https://oregonbuys.gov/bso/external/bidDetail.sdo?docId=S-580501-00012546&external=true&parentUrl=close
[11:17:04] 🔗 Found bid link: https://oregonbuys.gov/bso/external/bidDetail.sdo?docId=S-580501-00012545&external=true&parentUrl=close
[11:17:04] 🔗 Found bid link: https://oregonbuys.gov/bso/external/bidDetail.sdo?docId=S-580501-00012544&external=true&parentUrl=close
[11:17:04] 🔗 Found bid link: https://oregonbuys.gov/bso/external/bidDetail.sdo?docId=S-R20640-00012541&external=true&parentUrl=close
[11:17:04] 🔗 Found bid link: https://oregonbuys.gov/bso/external/bidDetail.sdo?docId=S-P00100-00012540&external=true&parentUrl=close
[11:17:04] 🔗 Found bid link: https://oregonbuys.gov/bso/external/bidDetail.sdo?docId=S-P34048-00012539&external=true&parentUrl=close
[11:17:04] 🔗 Found bid link: https://oregonbuys.gov/bso/external/bidDetail.sdo?docId=S-KB0020-00012537&external=true&parentUrl=close
[11:17:04] 🔗 Found bid link: https://oregonbuys.gov/bso/external/bidDetail.sdo?docId=S-435000-00012535&external=true&parentUrl=close
[11:17:04]
[11:17:04] 📊 Found 50 bids
[11:17:04]
[11:17:04] 🔍 Processing bid 1/50
[11:17:04] 🔗 URL: https://oregonbuys.gov/bso/external/bidDetail.sdo?docId=S-KS0043-00012613&external=true&parentUrl=close
[11:17:04]
[11:17:04] 📄 Processing bid page: https://oregonbuys.gov/bso/external/bidDetail.sdo?docId=S-KS0043-00012613&external=true&parentUrl=close
PS>TerminatingError(): "The pipeline has been stopped."
>> TerminatingError(): "The pipeline has been stopped."
PS D:\PPH\web-scraping>
﻿**********************
Windows PowerShell transcript start
Start time: 20250122112525
Username: DESKTOP-IO2J2VQ\AliAmani
RunAs User: DESKTOP-IO2J2VQ\AliAmani
Configuration Name: 
Machine: DESKTOP-IO2J2VQ (Microsoft Windows NT 10.0.26100.0)
Host Application: powershell -NoExit -Command [Console]::OutputEncoding = [System.Text.Encoding]::UTF8; [Console]::InputEncoding = [System.Text.Encoding]::UTF8; $OutputEncoding = [System.Text.Encoding]::UTF8; $host.ui.RawUI.WindowTitle = "Scraper - 01_BuySpeed_02.py"; Start-Transcript -Path "scrapers\logs\01_BuySpeed_02_IN_PROGRESS.log" -Append; Write-Host "`n=== Scraper Status ===" -ForegroundColor Cyan; Write-Host "Script: 01_BuySpeed_02.py" -ForegroundColor Yellow; Write-Host "Status: Running" -ForegroundColor Green; Write-Host "Start Time: 11:25:22" -ForegroundColor Yellow; Write-Host "Log File: scrapers\logs\01_BuySpeed_02_IN_PROGRESS.log" -ForegroundColor Cyan; Write-Host "==============================`n"; function Format-ScraperOutput {     param($Message)     $timestamp = Get-Date -Format "HH:mm:ss";     if ($Message -match "^ERROR|FAILED|CRITICAL") {         Write-Host "[$timestamp] " -NoNewline;         Write-Host $Message -ForegroundColor Red;     }     elseif ($Message -match "^WARNING") {         Write-Host "[$timestamp] " -NoNewline;         Write-Host $Message -ForegroundColor Yellow;     }     elseif ($Message -match "^SUCCESS|COMPLETED|✓") {         Write-Host "[$timestamp] " -NoNewline;         Write-Host $Message -ForegroundColor Green;     }     elseif ($Message -match "^INFO|PROGRESS") {         Write-Host "[$timestamp] " -NoNewline;         Write-Host $Message -ForegroundColor Cyan;     }     else {         Write-Host "[$timestamp] $Message";     } }; & "C:\Users\AliAmani\Miniconda3\envs\bids\python.exe" "scrapers/01_BuySpeed_02.py" --days 1 2>&1 | ForEach-Object {     Format-ScraperOutput $_;     $host.ui.RawUI.WindowTitle = "Scraper - 01_BuySpeed_02.py - Running..."; }; $exitCode = $LASTEXITCODE; Stop-Transcript; if ($exitCode -eq 0) {     Rename-Item -Path "scrapers\logs\01_BuySpeed_02_IN_PROGRESS.log" -NewName "scrapers\logs\01_BuySpeed_02_COMPLETED.log" -Force; } else {     Rename-Item -Path "scrapers\logs\01_BuySpeed_02_IN_PROGRESS.log" -NewName "scrapers\logs\01_BuySpeed_02_FAILED.log" -Force; } Write-Host "`n=== Final Status ===" -ForegroundColor Cyan; Write-Host "End Time: " -NoNewline; Write-Host $(Get-Date -Format "HH:mm:ss") -ForegroundColor Yellow; Write-Host "Duration: " -NoNewline; Write-Host $([math]::Round(((Get-Date) - (Get-Date "11:25:22")).TotalMinutes, 2)) -NoNewline -ForegroundColor Yellow; Write-Host " minutes"; if ($exitCode -eq 0) {     Write-Host "Status: " -NoNewline;     Write-Host "Completed Successfully" -ForegroundColor Green;     $host.ui.RawUI.WindowTitle = "Scraper - 01_BuySpeed_02.py - Completed ✓"; } else {     Write-Host "Status: " -NoNewline;     Write-Host "Failed" -ForegroundColor Red;     $host.ui.RawUI.WindowTitle = "Scraper - 01_BuySpeed_02.py - Failed ✗";     Write-Host "Exit Code: $exitCode" -ForegroundColor Red; } Write-Host "==============================" -ForegroundColor Cyan; exit $exitCode; 
Process ID: 29536
PSVersion: 5.1.26100.2161
PSEdition: Desktop
PSCompatibleVersions: 1.0, 2.0, 3.0, 4.0, 5.0, 5.1.26100.2161
BuildVersion: 10.0.26100.2161
CLRVersion: 4.0.30319.42000
WSManStackVersion: 3.0
PSRemotingProtocolVersion: 2.3
SerializationVersion: 1.1.0.1
**********************
Transcript started, output file is scrapers\logs\01_BuySpeed_02_IN_PROGRESS.log

=== Scraper Status ===
Script: 01_BuySpeed_02.py
Status: Running
Start Time: 11:25:22
Log File: scrapers\logs\01_BuySpeed_02_IN_PROGRESS.log
==============================
[11:25:25] 📅 Date range calculated: 2025-01-21 to 2025-01-22
[11:25:25] 🚀 Multi-Site Bids Extraction Started
[11:25:25] 📅 Looking for bids from 2025-01-21 to 2025-01-22
[11:25:25]
📁 Saving data in folder: D:\PPH\web-scraping\2025-01-21\01_BuySpeed_02_IN_PROGRESS
[11:25:25]
📁 Temporary download folder: D:\PPH\web-scraping\2025-01-21\01_BuySpeed_02_IN_PROGRESS\01_BuySpeed_02
[11:25:43] ✅ Successfully loaded site: https://oregonbuys.gov/bso/view/search/external/advancedSearchBid.xhtml?openBids=true
PS>TerminatingError(): "The pipeline has been stopped."
>> TerminatingError(): "The pipeline has been stopped."
PS D:\PPH\web-scraping>
**********************
Windows PowerShell transcript start
Start time: 20250122114617
Username: DESKTOP-IO2J2VQ\AliAmani
RunAs User: DESKTOP-IO2J2VQ\AliAmani
Configuration Name: 
Machine: DESKTOP-IO2J2VQ (Microsoft Windows NT 10.0.26100.0)
Host Application: powershell -NoExit -Command [Console]::OutputEncoding = [System.Text.Encoding]::UTF8; [Console]::InputEncoding = [System.Text.Encoding]::UTF8; $OutputEncoding = [System.Text.Encoding]::UTF8; $host.ui.RawUI.WindowTitle = "Scraper - 01_BuySpeed_02.py"; Start-Transcript -Path "scrapers\logs\01_BuySpeed_02_IN_PROGRESS.log" -Append; Write-Host "`n=== Scraper Status ===" -ForegroundColor Cyan; Write-Host "Script: 01_BuySpeed_02.py" -ForegroundColor Yellow; Write-Host "Status: Running" -ForegroundColor Green; Write-Host "Start Time: 11:46:15" -ForegroundColor Yellow; Write-Host "Log File: scrapers\logs\01_BuySpeed_02_IN_PROGRESS.log" -ForegroundColor Cyan; Write-Host "==============================`n"; function Format-ScraperOutput {     param($Message)     $timestamp = Get-Date -Format "HH:mm:ss";     if ($Message -match "^ERROR|FAILED|CRITICAL") {         Write-Host "[$timestamp] " -NoNewline;         Write-Host $Message -ForegroundColor Red;     }     elseif ($Message -match "^WARNING") {         Write-Host "[$timestamp] " -NoNewline;         Write-Host $Message -ForegroundColor Yellow;     }     elseif ($Message -match "^SUCCESS|COMPLETED|✓") {         Write-Host "[$timestamp] " -NoNewline;         Write-Host $Message -ForegroundColor Green;     }     elseif ($Message -match "^INFO|PROGRESS") {         Write-Host "[$timestamp] " -NoNewline;         Write-Host $Message -ForegroundColor Cyan;     }     else {         Write-Host "[$timestamp] $Message";     } }; & "C:\Users\AliAmani\Miniconda3\envs\bids\python.exe" "scrapers/01_BuySpeed_02.py" --days 1 2>&1 | ForEach-Object {     Format-ScraperOutput $_;     $host.ui.RawUI.WindowTitle = "Scraper - 01_BuySpeed_02.py - Running..."; }; $exitCode = $LASTEXITCODE; Stop-Transcript; if ($exitCode -eq 0) {     Rename-Item -Path "scrapers\logs\01_BuySpeed_02_IN_PROGRESS.log" -NewName "scrapers\logs\01_BuySpeed_02_COMPLETED.log" -Force; } else {     Rename-Item -Path "scrapers\logs\01_BuySpeed_02_IN_PROGRESS.log" -NewName "scrapers\logs\01_BuySpeed_02_FAILED.log" -Force; } Write-Host "`n=== Final Status ===" -ForegroundColor Cyan; Write-Host "End Time: " -NoNewline; Write-Host $(Get-Date -Format "HH:mm:ss") -ForegroundColor Yellow; Write-Host "Duration: " -NoNewline; Write-Host $([math]::Round(((Get-Date) - (Get-Date "11:46:15")).TotalMinutes, 2)) -NoNewline -ForegroundColor Yellow; Write-Host " minutes"; if ($exitCode -eq 0) {     Write-Host "Status: " -NoNewline;     Write-Host "Completed Successfully" -ForegroundColor Green;     $host.ui.RawUI.WindowTitle = "Scraper - 01_BuySpeed_02.py - Completed ✓"; } else {     Write-Host "Status: " -NoNewline;     Write-Host "Failed" -ForegroundColor Red;     $host.ui.RawUI.WindowTitle = "Scraper - 01_BuySpeed_02.py - Failed ✗";     Write-Host "Exit Code: $exitCode" -ForegroundColor Red; } Write-Host "==============================" -ForegroundColor Cyan; exit $exitCode; 
Process ID: 16748
PSVersion: 5.1.26100.2161
PSEdition: Desktop
PSCompatibleVersions: 1.0, 2.0, 3.0, 4.0, 5.0, 5.1.26100.2161
BuildVersion: 10.0.26100.2161
CLRVersion: 4.0.30319.42000
WSManStackVersion: 3.0
PSRemotingProtocolVersion: 2.3
SerializationVersion: 1.1.0.1
**********************
Transcript started, output file is scrapers\logs\01_BuySpeed_02_IN_PROGRESS.log

=== Scraper Status ===
Script: 01_BuySpeed_02.py
Status: Running
Start Time: 11:46:15
Log File: scrapers\logs\01_BuySpeed_02_IN_PROGRESS.log
==============================
[11:46:18] 📅 Date range calculated: 2025-01-21 to 2025-01-22
[11:46:18] 🚀 Multi-Site Bids Extraction Started
[11:46:18] 📅 Looking for bids from 2025-01-21 to 2025-01-22
[11:46:18]
📁 Saving data in folder: D:\PPH\web-scraping\2025-01-21\01_BuySpeed_02_IN_PROGRESS
[11:46:18]
📁 Temporary download folder: D:\PPH\web-scraping\2025-01-21\01_BuySpeed_02_IN_PROGRESS\01_BuySpeed_02
PS>TerminatingError(): "The pipeline has been stopped."
>> TerminatingError(): "The pipeline has been stopped."
PS D:\PPH\web-scraping>
