**********************
Windows PowerShell transcript start
Start time: 20250122105955
Username: DESKTOP-IO2J2VQ\AliAmani
RunAs User: DESKTOP-IO2J2VQ\AliAmani
Configuration Name: 
Machine: DESKTOP-IO2J2VQ (Microsoft Windows NT 10.0.26100.0)
Host Application: powershell -NoExit -Command [Console]::OutputEncoding = [System.Text.Encoding]::UTF8; [Console]::InputEncoding = [System.Text.Encoding]::UTF8; $OutputEncoding = [System.Text.Encoding]::UTF8; $host.ui.RawUI.WindowTitle = "Scraper - 05_NYSCR.py"; Start-Transcript -Path "scrapers\logs\05_NYSCR_IN_PROGRESS.log" -Append; Write-Host "`n=== Scraper Status ===" -ForegroundColor Cyan; Write-Host "Script: 05_NYSCR.py" -ForegroundColor Yellow; Write-Host "Status: Running" -ForegroundColor Green; Write-Host "Start Time: 10:59:51" -ForegroundColor Yellow; Write-Host "Log File: scrapers\logs\05_NYSCR_IN_PROGRESS.log" -ForegroundColor Cyan; Write-Host "==============================`n"; function Format-ScraperOutput {     param($Message)     $timestamp = Get-Date -Format "HH:mm:ss";     if ($Message -match "^ERROR|FAILED|CRITICAL") {         Write-Host "[$timestamp] " -NoNewline;         Write-Host $Message -ForegroundColor Red;     }     elseif ($Message -match "^WARNING") {         Write-Host "[$timestamp] " -NoNewline;         Write-Host $Message -ForegroundColor Yellow;     }     elseif ($Message -match "^SUCCESS|COMPLETED|✓") {         Write-Host "[$timestamp] " -NoNewline;         Write-Host $Message -ForegroundColor Green;     }     elseif ($Message -match "^INFO|PROGRESS") {         Write-Host "[$timestamp] " -NoNewline;         Write-Host $Message -ForegroundColor Cyan;     }     else {         Write-Host "[$timestamp] $Message";     } }; & "C:\Users\AliAmani\Miniconda3\envs\bids\python.exe" "scrapers/05_NYSCR.py" --days 1 2>&1 | ForEach-Object {     Format-ScraperOutput $_;     $host.ui.RawUI.WindowTitle = "Scraper - 05_NYSCR.py - Running..."; }; $exitCode = $LASTEXITCODE; Stop-Transcript; if ($exitCode -eq 0) {     Rename-Item -Path "scrapers\logs\05_NYSCR_IN_PROGRESS.log" -NewName "scrapers\logs\05_NYSCR_COMPLETED.log" -Force; } else {     Rename-Item -Path "scrapers\logs\05_NYSCR_IN_PROGRESS.log" -NewName "scrapers\logs\05_NYSCR_FAILED.log" -Force; } Write-Host "`n=== Final Status ===" -ForegroundColor Cyan; Write-Host "End Time: " -NoNewline; Write-Host $(Get-Date -Format "HH:mm:ss") -ForegroundColor Yellow; Write-Host "Duration: " -NoNewline; Write-Host $([math]::Round(((Get-Date) - (Get-Date "10:59:51")).TotalMinutes, 2)) -NoNewline -ForegroundColor Yellow; Write-Host " minutes"; if ($exitCode -eq 0) {     Write-Host "Status: " -NoNewline;     Write-Host "Completed Successfully" -ForegroundColor Green;     $host.ui.RawUI.WindowTitle = "Scraper - 05_NYSCR.py - Completed ✓"; } else {     Write-Host "Status: " -NoNewline;     Write-Host "Failed" -ForegroundColor Red;     $host.ui.RawUI.WindowTitle = "Scraper - 05_NYSCR.py - Failed ✗";     Write-Host "Exit Code: $exitCode" -ForegroundColor Red; } Write-Host "==============================" -ForegroundColor Cyan; exit $exitCode; 
Process ID: 22044
PSVersion: 5.1.26100.2161
PSEdition: Desktop
PSCompatibleVersions: 1.0, 2.0, 3.0, 4.0, 5.0, 5.1.26100.2161
BuildVersion: 10.0.26100.2161
CLRVersion: 4.0.30319.42000
WSManStackVersion: 3.0
PSRemotingProtocolVersion: 2.3
SerializationVersion: 1.1.0.1
**********************
Transcript started, output file is scrapers\logs\05_NYSCR_IN_PROGRESS.log

=== Scraper Status ===
Script: 05_NYSCR.py
Status: Running
Start Time: 10:59:51
Log File: scrapers\logs\05_NYSCR_IN_PROGRESS.log
==============================
[10:59:58] Bids Extraction Started (looking back 1 days)
[10:59:58]
📁 Saving data in folder: D:\PPH\web-scraping\2025-01-21\05_NYSCR_IN_PROGRESS
**********************
Windows PowerShell transcript start
Start time: 20250122110225
Username: DESKTOP-IO2J2VQ\AliAmani
RunAs User: DESKTOP-IO2J2VQ\AliAmani
Configuration Name: 
Machine: DESKTOP-IO2J2VQ (Microsoft Windows NT 10.0.26100.0)
Host Application: powershell -NoExit -Command [Console]::OutputEncoding = [System.Text.Encoding]::UTF8; [Console]::InputEncoding = [System.Text.Encoding]::UTF8; $OutputEncoding = [System.Text.Encoding]::UTF8; $host.ui.RawUI.WindowTitle = "Scraper - 05_NYSCR.py"; Start-Transcript -Path "scrapers\logs\05_NYSCR_IN_PROGRESS.log" -Append; Write-Host "`n=== Scraper Status ===" -ForegroundColor Cyan; Write-Host "Script: 05_NYSCR.py" -ForegroundColor Yellow; Write-Host "Status: Running" -ForegroundColor Green; Write-Host "Start Time: 11:02:21" -ForegroundColor Yellow; Write-Host "Log File: scrapers\logs\05_NYSCR_IN_PROGRESS.log" -ForegroundColor Cyan; Write-Host "==============================`n"; function Format-ScraperOutput {     param($Message)     $timestamp = Get-Date -Format "HH:mm:ss";     if ($Message -match "^ERROR|FAILED|CRITICAL") {         Write-Host "[$timestamp] " -NoNewline;         Write-Host $Message -ForegroundColor Red;     }     elseif ($Message -match "^WARNING") {         Write-Host "[$timestamp] " -NoNewline;         Write-Host $Message -ForegroundColor Yellow;     }     elseif ($Message -match "^SUCCESS|COMPLETED|✓") {         Write-Host "[$timestamp] " -NoNewline;         Write-Host $Message -ForegroundColor Green;     }     elseif ($Message -match "^INFO|PROGRESS") {         Write-Host "[$timestamp] " -NoNewline;         Write-Host $Message -ForegroundColor Cyan;     }     else {         Write-Host "[$timestamp] $Message";     } }; & "C:\Users\AliAmani\Miniconda3\envs\bids\python.exe" "scrapers/05_NYSCR.py" --days 1 2>&1 | ForEach-Object {     Format-ScraperOutput $_;     $host.ui.RawUI.WindowTitle = "Scraper - 05_NYSCR.py - Running..."; }; $exitCode = $LASTEXITCODE; Stop-Transcript; if ($exitCode -eq 0) {     Rename-Item -Path "scrapers\logs\05_NYSCR_IN_PROGRESS.log" -NewName "scrapers\logs\05_NYSCR_COMPLETED.log" -Force; } else {     Rename-Item -Path "scrapers\logs\05_NYSCR_IN_PROGRESS.log" -NewName "scrapers\logs\05_NYSCR_FAILED.log" -Force; } Write-Host "`n=== Final Status ===" -ForegroundColor Cyan; Write-Host "End Time: " -NoNewline; Write-Host $(Get-Date -Format "HH:mm:ss") -ForegroundColor Yellow; Write-Host "Duration: " -NoNewline; Write-Host $([math]::Round(((Get-Date) - (Get-Date "11:02:21")).TotalMinutes, 2)) -NoNewline -ForegroundColor Yellow; Write-Host " minutes"; if ($exitCode -eq 0) {     Write-Host "Status: " -NoNewline;     Write-Host "Completed Successfully" -ForegroundColor Green;     $host.ui.RawUI.WindowTitle = "Scraper - 05_NYSCR.py - Completed ✓"; } else {     Write-Host "Status: " -NoNewline;     Write-Host "Failed" -ForegroundColor Red;     $host.ui.RawUI.WindowTitle = "Scraper - 05_NYSCR.py - Failed ✗";     Write-Host "Exit Code: $exitCode" -ForegroundColor Red; } Write-Host "==============================" -ForegroundColor Cyan; exit $exitCode; 
Process ID: 30836
PSVersion: 5.1.26100.2161
PSEdition: Desktop
PSCompatibleVersions: 1.0, 2.0, 3.0, 4.0, 5.0, 5.1.26100.2161
BuildVersion: 10.0.26100.2161
CLRVersion: 4.0.30319.42000
WSManStackVersion: 3.0
PSRemotingProtocolVersion: 2.3
SerializationVersion: 1.1.0.1
**********************
Transcript started, output file is scrapers\logs\05_NYSCR_IN_PROGRESS.log

=== Scraper Status ===
Script: 05_NYSCR.py
Status: Running
Start Time: 11:02:21
Log File: scrapers\logs\05_NYSCR_IN_PROGRESS.log
==============================
[11:02:27] Bids Extraction Started (looking back 1 days)
[11:02:27]
📁 Saving data in folder: D:\PPH\web-scraping\2025-01-21\05_NYSCR_IN_PROGRESS
**********************
Windows PowerShell transcript start
Start time: 20250122113741
Username: DESKTOP-IO2J2VQ\AliAmani
RunAs User: DESKTOP-IO2J2VQ\AliAmani
Configuration Name: 
Machine: DESKTOP-IO2J2VQ (Microsoft Windows NT 10.0.26100.0)
Host Application: powershell -NoExit -Command [Console]::OutputEncoding = [System.Text.Encoding]::UTF8; [Console]::InputEncoding = [System.Text.Encoding]::UTF8; $OutputEncoding = [System.Text.Encoding]::UTF8; $host.ui.RawUI.WindowTitle = "Scraper - 05_NYSCR.py"; Start-Transcript -Path "scrapers\logs\05_NYSCR_IN_PROGRESS.log" -Append; Write-Host "`n=== Scraper Status ===" -ForegroundColor Cyan; Write-Host "Script: 05_NYSCR.py" -ForegroundColor Yellow; Write-Host "Status: Running" -ForegroundColor Green; Write-Host "Start Time: 11:37:38" -ForegroundColor Yellow; Write-Host "Log File: scrapers\logs\05_NYSCR_IN_PROGRESS.log" -ForegroundColor Cyan; Write-Host "==============================`n"; function Format-ScraperOutput {     param($Message)     $timestamp = Get-Date -Format "HH:mm:ss";     if ($Message -match "^ERROR|FAILED|CRITICAL") {         Write-Host "[$timestamp] " -NoNewline;         Write-Host $Message -ForegroundColor Red;     }     elseif ($Message -match "^WARNING") {         Write-Host "[$timestamp] " -NoNewline;         Write-Host $Message -ForegroundColor Yellow;     }     elseif ($Message -match "^SUCCESS|COMPLETED|✓") {         Write-Host "[$timestamp] " -NoNewline;         Write-Host $Message -ForegroundColor Green;     }     elseif ($Message -match "^INFO|PROGRESS") {         Write-Host "[$timestamp] " -NoNewline;         Write-Host $Message -ForegroundColor Cyan;     }     else {         Write-Host "[$timestamp] $Message";     } }; & "C:\Users\AliAmani\Miniconda3\envs\bids\python.exe" "scrapers/05_NYSCR.py" --days 1 2>&1 | ForEach-Object {     Format-ScraperOutput $_;     $host.ui.RawUI.WindowTitle = "Scraper - 05_NYSCR.py - Running..."; }; $exitCode = $LASTEXITCODE; Stop-Transcript; if ($exitCode -eq 0) {     Rename-Item -Path "scrapers\logs\05_NYSCR_IN_PROGRESS.log" -NewName "scrapers\logs\05_NYSCR_COMPLETED.log" -Force; } else {     Rename-Item -Path "scrapers\logs\05_NYSCR_IN_PROGRESS.log" -NewName "scrapers\logs\05_NYSCR_FAILED.log" -Force; } Write-Host "`n=== Final Status ===" -ForegroundColor Cyan; Write-Host "End Time: " -NoNewline; Write-Host $(Get-Date -Format "HH:mm:ss") -ForegroundColor Yellow; Write-Host "Duration: " -NoNewline; Write-Host $([math]::Round(((Get-Date) - (Get-Date "11:37:38")).TotalMinutes, 2)) -NoNewline -ForegroundColor Yellow; Write-Host " minutes"; if ($exitCode -eq 0) {     Write-Host "Status: " -NoNewline;     Write-Host "Completed Successfully" -ForegroundColor Green;     $host.ui.RawUI.WindowTitle = "Scraper - 05_NYSCR.py - Completed ✓"; } else {     Write-Host "Status: " -NoNewline;     Write-Host "Failed" -ForegroundColor Red;     $host.ui.RawUI.WindowTitle = "Scraper - 05_NYSCR.py - Failed ✗";     Write-Host "Exit Code: $exitCode" -ForegroundColor Red; } Write-Host "==============================" -ForegroundColor Cyan; exit $exitCode; 
Process ID: 29184
PSVersion: 5.1.26100.2161
PSEdition: Desktop
PSCompatibleVersions: 1.0, 2.0, 3.0, 4.0, 5.0, 5.1.26100.2161
BuildVersion: 10.0.26100.2161
CLRVersion: 4.0.30319.42000
WSManStackVersion: 3.0
PSRemotingProtocolVersion: 2.3
SerializationVersion: 1.1.0.1
**********************
Transcript started, output file is scrapers\logs\05_NYSCR_IN_PROGRESS.log

=== Scraper Status ===
Script: 05_NYSCR.py
Status: Running
Start Time: 11:37:38
Log File: scrapers\logs\05_NYSCR_IN_PROGRESS.log
==============================
[11:37:43] Bids Extraction Started (looking back 1 days)
[11:37:43]
📁 Saving data in folder: D:\PPH\web-scraping\2025-01-21\05_NYSCR_IN_PROGRESS
[11:38:37]
Successfully logged in.
[11:38:37] Selecting ad types...
[11:38:40] Selected ad type: type1 (value: 0)
[11:38:45] Selected ad type: type2 (value: 10)
[11:38:50] Selected ad type: type3 (value: 20)
[11:38:55] Selected ad type: type6 (value: 50)
[11:39:00] Selected ad type: type7 (value: 60)
[11:39:05] Selected ad type: type8 (value: 100)
[11:39:07]
Ad types selection completed
[11:39:14] Current Page Number: 1
**********************
Windows PowerShell transcript start
Start time: 20250122115052
Username: DESKTOP-IO2J2VQ\AliAmani
RunAs User: DESKTOP-IO2J2VQ\AliAmani
Configuration Name: 
Machine: DESKTOP-IO2J2VQ (Microsoft Windows NT 10.0.26100.0)
Host Application: powershell -NoExit -Command [Console]::OutputEncoding = [System.Text.Encoding]::UTF8; [Console]::InputEncoding = [System.Text.Encoding]::UTF8; $OutputEncoding = [System.Text.Encoding]::UTF8; $host.ui.RawUI.WindowTitle = "Scraper - 05_NYSCR.py"; Start-Transcript -Path "scrapers\logs\05_NYSCR_IN_PROGRESS.log" -Append; Write-Host "`n=== Scraper Status ===" -ForegroundColor Cyan; Write-Host "Script: 05_NYSCR.py" -ForegroundColor Yellow; Write-Host "Status: Running" -ForegroundColor Green; Write-Host "Start Time: 11:50:49" -ForegroundColor Yellow; Write-Host "Log File: scrapers\logs\05_NYSCR_IN_PROGRESS.log" -ForegroundColor Cyan; Write-Host "==============================`n"; function Format-ScraperOutput {     param($Message)     $timestamp = Get-Date -Format "HH:mm:ss";     if ($Message -match "^ERROR|FAILED|CRITICAL") {         Write-Host "[$timestamp] " -NoNewline;         Write-Host $Message -ForegroundColor Red;     }     elseif ($Message -match "^WARNING") {         Write-Host "[$timestamp] " -NoNewline;         Write-Host $Message -ForegroundColor Yellow;     }     elseif ($Message -match "^SUCCESS|COMPLETED|✓") {         Write-Host "[$timestamp] " -NoNewline;         Write-Host $Message -ForegroundColor Green;     }     elseif ($Message -match "^INFO|PROGRESS") {         Write-Host "[$timestamp] " -NoNewline;         Write-Host $Message -ForegroundColor Cyan;     }     else {         Write-Host "[$timestamp] $Message";     } }; & "C:\Users\AliAmani\Miniconda3\envs\bids\python.exe" "scrapers/05_NYSCR.py" --days 1 2>&1 | ForEach-Object {     Format-ScraperOutput $_;     $host.ui.RawUI.WindowTitle = "Scraper - 05_NYSCR.py - Running..."; }; $exitCode = $LASTEXITCODE; Stop-Transcript; if ($exitCode -eq 0) {     Rename-Item -Path "scrapers\logs\05_NYSCR_IN_PROGRESS.log" -NewName "scrapers\logs\05_NYSCR_COMPLETED.log" -Force; } else {     Rename-Item -Path "scrapers\logs\05_NYSCR_IN_PROGRESS.log" -NewName "scrapers\logs\05_NYSCR_FAILED.log" -Force; } Write-Host "`n=== Final Status ===" -ForegroundColor Cyan; Write-Host "End Time: " -NoNewline; Write-Host $(Get-Date -Format "HH:mm:ss") -ForegroundColor Yellow; Write-Host "Duration: " -NoNewline; Write-Host $([math]::Round(((Get-Date) - (Get-Date "11:50:49")).TotalMinutes, 2)) -NoNewline -ForegroundColor Yellow; Write-Host " minutes"; if ($exitCode -eq 0) {     Write-Host "Status: " -NoNewline;     Write-Host "Completed Successfully" -ForegroundColor Green;     $host.ui.RawUI.WindowTitle = "Scraper - 05_NYSCR.py - Completed ✓"; } else {     Write-Host "Status: " -NoNewline;     Write-Host "Failed" -ForegroundColor Red;     $host.ui.RawUI.WindowTitle = "Scraper - 05_NYSCR.py - Failed ✗";     Write-Host "Exit Code: $exitCode" -ForegroundColor Red; } Write-Host "==============================" -ForegroundColor Cyan; exit $exitCode; 
Process ID: 16132
PSVersion: 5.1.26100.2161
PSEdition: Desktop
PSCompatibleVersions: 1.0, 2.0, 3.0, 4.0, 5.0, 5.1.26100.2161
BuildVersion: 10.0.26100.2161
CLRVersion: 4.0.30319.42000
WSManStackVersion: 3.0
PSRemotingProtocolVersion: 2.3
SerializationVersion: 1.1.0.1
**********************
Transcript started, output file is scrapers\logs\05_NYSCR_IN_PROGRESS.log

=== Scraper Status ===
Script: 05_NYSCR.py
Status: Running
Start Time: 11:50:49
Log File: scrapers\logs\05_NYSCR_IN_PROGRESS.log
==============================
[11:50:53] Bids Extraction Started (looking back 1 days)
[11:50:53]
📁 Saving data in folder: D:\PPH\web-scraping\2025-01-21\05_NYSCR_IN_PROGRESS
PS>TerminatingError(): "The pipeline has been stopped."
>> TerminatingError(): "The pipeline has been stopped."
PS D:\PPH\web-scraping>
