**********************
Windows PowerShell transcript start
Start time: 20250122105956
Username: DESKTOP-IO2J2VQ\AliAmani
RunAs User: DESKTOP-IO2J2VQ\AliAmani
Configuration Name: 
Machine: DESKTOP-IO2J2VQ (Microsoft Windows NT 10.0.26100.0)
Host Application: powershell -NoExit -Command [Console]::OutputEncoding = [System.Text.Encoding]::UTF8; [Console]::InputEncoding = [System.Text.Encoding]::UTF8; $OutputEncoding = [System.Text.Encoding]::UTF8; $host.ui.RawUI.WindowTitle = "Scraper - 08_SFCityPartner.py"; Start-Transcript -Path "scrapers\logs\08_SFCityPartner_IN_PROGRESS.log" -Append; Write-Host "`n=== Scraper Status ===" -ForegroundColor Cyan; Write-Host "Script: 08_SFCityPartner.py" -ForegroundColor Yellow; Write-Host "Status: Running" -ForegroundColor Green; Write-Host "Start Time: 10:59:51" -ForegroundColor Yellow; Write-Host "Log File: scrapers\logs\08_SFCityPartner_IN_PROGRESS.log" -ForegroundColor Cyan; Write-Host "==============================`n"; function Format-ScraperOutput {     param($Message)     $timestamp = Get-Date -Format "HH:mm:ss";     if ($Message -match "^ERROR|FAILED|CRITICAL") {         Write-Host "[$timestamp] " -NoNewline;         Write-Host $Message -ForegroundColor Red;     }     elseif ($Message -match "^WARNING") {         Write-Host "[$timestamp] " -NoNewline;         Write-Host $Message -ForegroundColor Yellow;     }     elseif ($Message -match "^SUCCESS|COMPLETED|✓") {         Write-Host "[$timestamp] " -NoNewline;         Write-Host $Message -ForegroundColor Green;     }     elseif ($Message -match "^INFO|PROGRESS") {         Write-Host "[$timestamp] " -NoNewline;         Write-Host $Message -ForegroundColor Cyan;     }     else {         Write-Host "[$timestamp] $Message";     } }; & "C:\Users\AliAmani\Miniconda3\envs\bids\python.exe" "scrapers/08_SFCityPartner.py" --days 1 2>&1 | ForEach-Object {     Format-ScraperOutput $_;     $host.ui.RawUI.WindowTitle = "Scraper - 08_SFCityPartner.py - Running..."; }; $exitCode = $LASTEXITCODE; Stop-Transcript; if ($exitCode -eq 0) {     Rename-Item -Path "scrapers\logs\08_SFCityPartner_IN_PROGRESS.log" -NewName "scrapers\logs\08_SFCityPartner_COMPLETED.log" -Force; } else {     Rename-Item -Path "scrapers\logs\08_SFCityPartner_IN_PROGRESS.log" -NewName "scrapers\logs\08_SFCityPartner_FAILED.log" -Force; } Write-Host "`n=== Final Status ===" -ForegroundColor Cyan; Write-Host "End Time: " -NoNewline; Write-Host $(Get-Date -Format "HH:mm:ss") -ForegroundColor Yellow; Write-Host "Duration: " -NoNewline; Write-Host $([math]::Round(((Get-Date) - (Get-Date "10:59:51")).TotalMinutes, 2)) -NoNewline -ForegroundColor Yellow; Write-Host " minutes"; if ($exitCode -eq 0) {     Write-Host "Status: " -NoNewline;     Write-Host "Completed Successfully" -ForegroundColor Green;     $host.ui.RawUI.WindowTitle = "Scraper - 08_SFCityPartner.py - Completed ✓"; } else {     Write-Host "Status: " -NoNewline;     Write-Host "Failed" -ForegroundColor Red;     $host.ui.RawUI.WindowTitle = "Scraper - 08_SFCityPartner.py - Failed ✗";     Write-Host "Exit Code: $exitCode" -ForegroundColor Red; } Write-Host "==============================" -ForegroundColor Cyan; exit $exitCode; 
Process ID: 33188
PSVersion: 5.1.26100.2161
PSEdition: Desktop
PSCompatibleVersions: 1.0, 2.0, 3.0, 4.0, 5.0, 5.1.26100.2161
BuildVersion: 10.0.26100.2161
CLRVersion: 4.0.30319.42000
WSManStackVersion: 3.0
PSRemotingProtocolVersion: 2.3
SerializationVersion: 1.1.0.1
**********************
Transcript started, output file is scrapers\logs\08_SFCityPartner_IN_PROGRESS.log

=== Scraper Status ===
Script: 08_SFCityPartner.py
Status: Running
Start Time: 10:59:51
Log File: scrapers\logs\08_SFCityPartner_IN_PROGRESS.log
==============================
[10:59:57] Traceback (most recent call last):
[10:59:57]   File "D:\PPH\web-scraping\scrapers\08_SFCityPartner.py", line 126, in <module>
[10:59:57]     main()
[10:59:57]   File "D:\PPH\web-scraping\scrapers\08_SFCityPartner.py", line 75, in main
[10:59:57]     print("\U0001f680 Starting SF City Partner Multi-Run Scraper")
[10:59:57]   File "C:\Users\AliAmani\Miniconda3\envs\bids\Lib\encodings\cp1252.py", line 19, in encode
[10:59:57]     return codecs.charmap_encode(input,self.errors,encoding_table)[0]
[10:59:57]            ^^^^^^^^^^^^^^^^^^^^^^^^^^^^^^^^^^^^^^^^^^^^^^^^^^^^^^^
[10:59:57] UnicodeEncodeError: 'charmap' codec can't encode character '\U0001f680' in position 0: character maps to <undefined>
**********************
Windows PowerShell transcript end
End time: 20250122105957
**********************
**********************
Windows PowerShell transcript start
Start time: 20250122110227
Username: DESKTOP-IO2J2VQ\AliAmani
RunAs User: DESKTOP-IO2J2VQ\AliAmani
Configuration Name: 
Machine: DESKTOP-IO2J2VQ (Microsoft Windows NT 10.0.26100.0)
Host Application: powershell -NoExit -Command [Console]::OutputEncoding = [System.Text.Encoding]::UTF8; [Console]::InputEncoding = [System.Text.Encoding]::UTF8; $OutputEncoding = [System.Text.Encoding]::UTF8; $host.ui.RawUI.WindowTitle = "Scraper - 08_SFCityPartner.py"; Start-Transcript -Path "scrapers\logs\08_SFCityPartner_IN_PROGRESS.log" -Append; Write-Host "`n=== Scraper Status ===" -ForegroundColor Cyan; Write-Host "Script: 08_SFCityPartner.py" -ForegroundColor Yellow; Write-Host "Status: Running" -ForegroundColor Green; Write-Host "Start Time: 11:02:21" -ForegroundColor Yellow; Write-Host "Log File: scrapers\logs\08_SFCityPartner_IN_PROGRESS.log" -ForegroundColor Cyan; Write-Host "==============================`n"; function Format-ScraperOutput {     param($Message)     $timestamp = Get-Date -Format "HH:mm:ss";     if ($Message -match "^ERROR|FAILED|CRITICAL") {         Write-Host "[$timestamp] " -NoNewline;         Write-Host $Message -ForegroundColor Red;     }     elseif ($Message -match "^WARNING") {         Write-Host "[$timestamp] " -NoNewline;         Write-Host $Message -ForegroundColor Yellow;     }     elseif ($Message -match "^SUCCESS|COMPLETED|✓") {         Write-Host "[$timestamp] " -NoNewline;         Write-Host $Message -ForegroundColor Green;     }     elseif ($Message -match "^INFO|PROGRESS") {         Write-Host "[$timestamp] " -NoNewline;         Write-Host $Message -ForegroundColor Cyan;     }     else {         Write-Host "[$timestamp] $Message";     } }; & "C:\Users\AliAmani\Miniconda3\envs\bids\python.exe" "scrapers/08_SFCityPartner.py" --days 1 2>&1 | ForEach-Object {     Format-ScraperOutput $_;     $host.ui.RawUI.WindowTitle = "Scraper - 08_SFCityPartner.py - Running..."; }; $exitCode = $LASTEXITCODE; Stop-Transcript; if ($exitCode -eq 0) {     Rename-Item -Path "scrapers\logs\08_SFCityPartner_IN_PROGRESS.log" -NewName "scrapers\logs\08_SFCityPartner_COMPLETED.log" -Force; } else {     Rename-Item -Path "scrapers\logs\08_SFCityPartner_IN_PROGRESS.log" -NewName "scrapers\logs\08_SFCityPartner_FAILED.log" -Force; } Write-Host "`n=== Final Status ===" -ForegroundColor Cyan; Write-Host "End Time: " -NoNewline; Write-Host $(Get-Date -Format "HH:mm:ss") -ForegroundColor Yellow; Write-Host "Duration: " -NoNewline; Write-Host $([math]::Round(((Get-Date) - (Get-Date "11:02:21")).TotalMinutes, 2)) -NoNewline -ForegroundColor Yellow; Write-Host " minutes"; if ($exitCode -eq 0) {     Write-Host "Status: " -NoNewline;     Write-Host "Completed Successfully" -ForegroundColor Green;     $host.ui.RawUI.WindowTitle = "Scraper - 08_SFCityPartner.py - Completed ✓"; } else {     Write-Host "Status: " -NoNewline;     Write-Host "Failed" -ForegroundColor Red;     $host.ui.RawUI.WindowTitle = "Scraper - 08_SFCityPartner.py - Failed ✗";     Write-Host "Exit Code: $exitCode" -ForegroundColor Red; } Write-Host "==============================" -ForegroundColor Cyan; exit $exitCode; 
Process ID: 17720
PSVersion: 5.1.26100.2161
PSEdition: Desktop
PSCompatibleVersions: 1.0, 2.0, 3.0, 4.0, 5.0, 5.1.26100.2161
BuildVersion: 10.0.26100.2161
CLRVersion: 4.0.30319.42000
WSManStackVersion: 3.0
PSRemotingProtocolVersion: 2.3
SerializationVersion: 1.1.0.1
**********************
Transcript started, output file is scrapers\logs\08_SFCityPartner_IN_PROGRESS.log

=== Scraper Status ===
Script: 08_SFCityPartner.py
Status: Running
Start Time: 11:02:21
Log File: scrapers\logs\08_SFCityPartner_IN_PROGRESS.log
==============================
[11:02:27] Traceback (most recent call last):
[11:02:27]   File "D:\PPH\web-scraping\scrapers\08_SFCityPartner.py", line 126, in <module>
[11:02:27]     main()
[11:02:27]   File "D:\PPH\web-scraping\scrapers\08_SFCityPartner.py", line 75, in main
[11:02:27]     print("\U0001f680 Starting SF City Partner Multi-Run Scraper")
[11:02:27]   File "C:\Users\AliAmani\Miniconda3\envs\bids\Lib\encodings\cp1252.py", line 19, in encode
[11:02:27]     return codecs.charmap_encode(input,self.errors,encoding_table)[0]
[11:02:27]            ^^^^^^^^^^^^^^^^^^^^^^^^^^^^^^^^^^^^^^^^^^^^^^^^^^^^^^^
[11:02:27] UnicodeEncodeError: 'charmap' codec can't encode character '\U0001f680' in position 0: character maps to <undefined>
**********************
Windows PowerShell transcript end
End time: 20250122110227
**********************
**********************
Windows PowerShell transcript start
Start time: 20250122113740
Username: DESKTOP-IO2J2VQ\AliAmani
RunAs User: DESKTOP-IO2J2VQ\AliAmani
Configuration Name: 
Machine: DESKTOP-IO2J2VQ (Microsoft Windows NT 10.0.26100.0)
Host Application: powershell -NoExit -Command [Console]::OutputEncoding = [System.Text.Encoding]::UTF8; [Console]::InputEncoding = [System.Text.Encoding]::UTF8; $OutputEncoding = [System.Text.Encoding]::UTF8; $host.ui.RawUI.WindowTitle = "Scraper - 08_SFCityPartner.py"; Start-Transcript -Path "scrapers\logs\08_SFCityPartner_IN_PROGRESS.log" -Append; Write-Host "`n=== Scraper Status ===" -ForegroundColor Cyan; Write-Host "Script: 08_SFCityPartner.py" -ForegroundColor Yellow; Write-Host "Status: Running" -ForegroundColor Green; Write-Host "Start Time: 11:37:38" -ForegroundColor Yellow; Write-Host "Log File: scrapers\logs\08_SFCityPartner_IN_PROGRESS.log" -ForegroundColor Cyan; Write-Host "==============================`n"; function Format-ScraperOutput {     param($Message)     $timestamp = Get-Date -Format "HH:mm:ss";     if ($Message -match "^ERROR|FAILED|CRITICAL") {         Write-Host "[$timestamp] " -NoNewline;         Write-Host $Message -ForegroundColor Red;     }     elseif ($Message -match "^WARNING") {         Write-Host "[$timestamp] " -NoNewline;         Write-Host $Message -ForegroundColor Yellow;     }     elseif ($Message -match "^SUCCESS|COMPLETED|✓") {         Write-Host "[$timestamp] " -NoNewline;         Write-Host $Message -ForegroundColor Green;     }     elseif ($Message -match "^INFO|PROGRESS") {         Write-Host "[$timestamp] " -NoNewline;         Write-Host $Message -ForegroundColor Cyan;     }     else {         Write-Host "[$timestamp] $Message";     } }; & "C:\Users\AliAmani\Miniconda3\envs\bids\python.exe" "scrapers/08_SFCityPartner.py" --days 1 2>&1 | ForEach-Object {     Format-ScraperOutput $_;     $host.ui.RawUI.WindowTitle = "Scraper - 08_SFCityPartner.py - Running..."; }; $exitCode = $LASTEXITCODE; Stop-Transcript; if ($exitCode -eq 0) {     Rename-Item -Path "scrapers\logs\08_SFCityPartner_IN_PROGRESS.log" -NewName "scrapers\logs\08_SFCityPartner_COMPLETED.log" -Force; } else {     Rename-Item -Path "scrapers\logs\08_SFCityPartner_IN_PROGRESS.log" -NewName "scrapers\logs\08_SFCityPartner_FAILED.log" -Force; } Write-Host "`n=== Final Status ===" -ForegroundColor Cyan; Write-Host "End Time: " -NoNewline; Write-Host $(Get-Date -Format "HH:mm:ss") -ForegroundColor Yellow; Write-Host "Duration: " -NoNewline; Write-Host $([math]::Round(((Get-Date) - (Get-Date "11:37:38")).TotalMinutes, 2)) -NoNewline -ForegroundColor Yellow; Write-Host " minutes"; if ($exitCode -eq 0) {     Write-Host "Status: " -NoNewline;     Write-Host "Completed Successfully" -ForegroundColor Green;     $host.ui.RawUI.WindowTitle = "Scraper - 08_SFCityPartner.py - Completed ✓"; } else {     Write-Host "Status: " -NoNewline;     Write-Host "Failed" -ForegroundColor Red;     $host.ui.RawUI.WindowTitle = "Scraper - 08_SFCityPartner.py - Failed ✗";     Write-Host "Exit Code: $exitCode" -ForegroundColor Red; } Write-Host "==============================" -ForegroundColor Cyan; exit $exitCode; 
Process ID: 31504
PSVersion: 5.1.26100.2161
PSEdition: Desktop
PSCompatibleVersions: 1.0, 2.0, 3.0, 4.0, 5.0, 5.1.26100.2161
BuildVersion: 10.0.26100.2161
CLRVersion: 4.0.30319.42000
WSManStackVersion: 3.0
PSRemotingProtocolVersion: 2.3
SerializationVersion: 1.1.0.1
**********************
Transcript started, output file is scrapers\logs\08_SFCityPartner_IN_PROGRESS.log

=== Scraper Status ===
Script: 08_SFCityPartner.py
Status: Running
Start Time: 11:37:38
Log File: scrapers\logs\08_SFCityPartner_IN_PROGRESS.log
==============================
[11:37:40] Traceback (most recent call last):
[11:37:40]   File "D:\PPH\web-scraping\scrapers\08_SFCityPartner.py", line 126, in <module>
[11:37:40]     main()
[11:37:40]   File "D:\PPH\web-scraping\scrapers\08_SFCityPartner.py", line 75, in main
[11:37:40]     print("\U0001f680 Starting SF City Partner Multi-Run Scraper")
[11:37:40]   File "C:\Users\AliAmani\Miniconda3\envs\bids\Lib\encodings\cp1252.py", line 19, in encode
[11:37:40]     return codecs.charmap_encode(input,self.errors,encoding_table)[0]
[11:37:40]            ^^^^^^^^^^^^^^^^^^^^^^^^^^^^^^^^^^^^^^^^^^^^^^^^^^^^^^^
[11:37:40] UnicodeEncodeError: 'charmap' codec can't encode character '\U0001f680' in position 0: character maps to <undefined>
**********************
Windows PowerShell transcript end
End time: 20250122113740
**********************
