**********************
Windows PowerShell transcript start
Start time: 20250122110004
Username: DESKTOP-IO2J2VQ\AliAmani
RunAs User: DESKTOP-IO2J2VQ\AliAmani
Configuration Name: 
Machine: DESKTOP-IO2J2VQ (Microsoft Windows NT 10.0.26100.0)
Host Application: powershell -NoExit -Command [Console]::OutputEncoding = [System.Text.Encoding]::UTF8; [Console]::InputEncoding = [System.Text.Encoding]::UTF8; $OutputEncoding = [System.Text.Encoding]::UTF8; $host.ui.RawUI.WindowTitle = "Scraper - 18_Ionwave.py"; Start-Transcript -Path "scrapers\logs\18_Ionwave_IN_PROGRESS.log" -Append; Write-Host "`n=== Scraper Status ===" -ForegroundColor Cyan; Write-Host "Script: 18_Ionwave.py" -ForegroundColor Yellow; Write-Host "Status: Running" -ForegroundColor Green; Write-Host "Start Time: 10:59:55" -ForegroundColor Yellow; Write-Host "Log File: scrapers\logs\18_Ionwave_IN_PROGRESS.log" -ForegroundColor Cyan; Write-Host "==============================`n"; function Format-ScraperOutput {     param($Message)     $timestamp = Get-Date -Format "HH:mm:ss";     if ($Message -match "^ERROR|FAILED|CRITICAL") {         Write-Host "[$timestamp] " -NoNewline;         Write-Host $Message -ForegroundColor Red;     }     elseif ($Message -match "^WARNING") {         Write-Host "[$timestamp] " -NoNewline;         Write-Host $Message -ForegroundColor Yellow;     }     elseif ($Message -match "^SUCCESS|COMPLETED|✓") {         Write-Host "[$timestamp] " -NoNewline;         Write-Host $Message -ForegroundColor Green;     }     elseif ($Message -match "^INFO|PROGRESS") {         Write-Host "[$timestamp] " -NoNewline;         Write-Host $Message -ForegroundColor Cyan;     }     else {         Write-Host "[$timestamp] $Message";     } }; & "C:\Users\AliAmani\Miniconda3\envs\bids\python.exe" "scrapers/18_Ionwave.py" --days 1 2>&1 | ForEach-Object {     Format-ScraperOutput $_;     $host.ui.RawUI.WindowTitle = "Scraper - 18_Ionwave.py - Running..."; }; $exitCode = $LASTEXITCODE; Stop-Transcript; if ($exitCode -eq 0) {     Rename-Item -Path "scrapers\logs\18_Ionwave_IN_PROGRESS.log" -NewName "scrapers\logs\18_Ionwave_COMPLETED.log" -Force; } else {     Rename-Item -Path "scrapers\logs\18_Ionwave_IN_PROGRESS.log" -NewName "scrapers\logs\18_Ionwave_FAILED.log" -Force; } Write-Host "`n=== Final Status ===" -ForegroundColor Cyan; Write-Host "End Time: " -NoNewline; Write-Host $(Get-Date -Format "HH:mm:ss") -ForegroundColor Yellow; Write-Host "Duration: " -NoNewline; Write-Host $([math]::Round(((Get-Date) - (Get-Date "10:59:55")).TotalMinutes, 2)) -NoNewline -ForegroundColor Yellow; Write-Host " minutes"; if ($exitCode -eq 0) {     Write-Host "Status: " -NoNewline;     Write-Host "Completed Successfully" -ForegroundColor Green;     $host.ui.RawUI.WindowTitle = "Scraper - 18_Ionwave.py - Completed ✓"; } else {     Write-Host "Status: " -NoNewline;     Write-Host "Failed" -ForegroundColor Red;     $host.ui.RawUI.WindowTitle = "Scraper - 18_Ionwave.py - Failed ✗";     Write-Host "Exit Code: $exitCode" -ForegroundColor Red; } Write-Host "==============================" -ForegroundColor Cyan; exit $exitCode; 
Process ID: 16000
PSVersion: 5.1.26100.2161
PSEdition: Desktop
PSCompatibleVersions: 1.0, 2.0, 3.0, 4.0, 5.0, 5.1.26100.2161
BuildVersion: 10.0.26100.2161
CLRVersion: 4.0.30319.42000
WSManStackVersion: 3.0
PSRemotingProtocolVersion: 2.3
SerializationVersion: 1.1.0.1
**********************
Transcript started, output file is scrapers\logs\18_Ionwave_IN_PROGRESS.log

=== Scraper Status ===
Script: 18_Ionwave.py
Status: Running
Start Time: 10:59:55
Log File: scrapers\logs\18_Ionwave_IN_PROGRESS.log
==============================
[11:00:06] Bids Extraction Started
[11:00:06] 2025-01-22 11:00:06,071 - INFO - [START] Bids Extraction Started
[11:00:06]
[11:00:06] Configuration:
[11:00:06] - Days to look back: 1
[11:00:06] - Working folder: D:\PPH\web-scraping\2025-01-21
[11:00:06] 2025-01-22 11:00:06,071 - INFO - [CONFIG] Days to look back: 1
[11:00:06]
[11:00:06] Total URLs to process: 34
[11:00:06] 2025-01-22 11:00:06,071 - INFO - [INFO] Total URLs to process: 34
[11:00:06] 2025-01-22 11:00:06,077 - INFO - [INFO] Excel file will be saved as: D:\PPH\web-scraping\2025-01-21\18_Ionwave.xlsx
[11:00:06]
[11:00:06] Processing URL 1/34
[11:00:06] URL: https://miamiu-ohiousourcing.ionwave.net/SourcingEvents.aspx?SourceType=1
[11:00:06]
2025-01-22 11:00:06,077 - INFO - [PROGRESS] Processing URL 1/34: https://miamiu-ohiousourcing.ionwave.net/SourcingEvents.aspx?SourceType=1
[11:00:06]
[11:00:06] Initializing WebDriver...
[11:00:06]
[11:00:06]
Configured download folder: D:\PPH\web-scraping\2025-01-21\18_Ionwave_IN_PROGRESS\18_Ionwave
[11:00:07] 2025-01-22 11:00:07,624 - INFO - [INFO] Accessing URL: https://miamiu-ohiousourcing.ionwave.net/SourcingEvents.aspx?SourceType=1
[11:00:07]
[11:00:07] Accessing URL: https://miamiu-ohiousourcing.ionwave.net/SourcingEvents.aspx?SourceType=1
**********************
Windows PowerShell transcript start
Start time: 20250122110234
Username: DESKTOP-IO2J2VQ\AliAmani
RunAs User: DESKTOP-IO2J2VQ\AliAmani
Configuration Name: 
Machine: DESKTOP-IO2J2VQ (Microsoft Windows NT 10.0.26100.0)
Host Application: powershell -NoExit -Command [Console]::OutputEncoding = [System.Text.Encoding]::UTF8; [Console]::InputEncoding = [System.Text.Encoding]::UTF8; $OutputEncoding = [System.Text.Encoding]::UTF8; $host.ui.RawUI.WindowTitle = "Scraper - 18_Ionwave.py"; Start-Transcript -Path "scrapers\logs\18_Ionwave_IN_PROGRESS.log" -Append; Write-Host "`n=== Scraper Status ===" -ForegroundColor Cyan; Write-Host "Script: 18_Ionwave.py" -ForegroundColor Yellow; Write-Host "Status: Running" -ForegroundColor Green; Write-Host "Start Time: 11:02:21" -ForegroundColor Yellow; Write-Host "Log File: scrapers\logs\18_Ionwave_IN_PROGRESS.log" -ForegroundColor Cyan; Write-Host "==============================`n"; function Format-ScraperOutput {     param($Message)     $timestamp = Get-Date -Format "HH:mm:ss";     if ($Message -match "^ERROR|FAILED|CRITICAL") {         Write-Host "[$timestamp] " -NoNewline;         Write-Host $Message -ForegroundColor Red;     }     elseif ($Message -match "^WARNING") {         Write-Host "[$timestamp] " -NoNewline;         Write-Host $Message -ForegroundColor Yellow;     }     elseif ($Message -match "^SUCCESS|COMPLETED|✓") {         Write-Host "[$timestamp] " -NoNewline;         Write-Host $Message -ForegroundColor Green;     }     elseif ($Message -match "^INFO|PROGRESS") {         Write-Host "[$timestamp] " -NoNewline;         Write-Host $Message -ForegroundColor Cyan;     }     else {         Write-Host "[$timestamp] $Message";     } }; & "C:\Users\AliAmani\Miniconda3\envs\bids\python.exe" "scrapers/18_Ionwave.py" --days 1 2>&1 | ForEach-Object {     Format-ScraperOutput $_;     $host.ui.RawUI.WindowTitle = "Scraper - 18_Ionwave.py - Running..."; }; $exitCode = $LASTEXITCODE; Stop-Transcript; if ($exitCode -eq 0) {     Rename-Item -Path "scrapers\logs\18_Ionwave_IN_PROGRESS.log" -NewName "scrapers\logs\18_Ionwave_COMPLETED.log" -Force; } else {     Rename-Item -Path "scrapers\logs\18_Ionwave_IN_PROGRESS.log" -NewName "scrapers\logs\18_Ionwave_FAILED.log" -Force; } Write-Host "`n=== Final Status ===" -ForegroundColor Cyan; Write-Host "End Time: " -NoNewline; Write-Host $(Get-Date -Format "HH:mm:ss") -ForegroundColor Yellow; Write-Host "Duration: " -NoNewline; Write-Host $([math]::Round(((Get-Date) - (Get-Date "11:02:21")).TotalMinutes, 2)) -NoNewline -ForegroundColor Yellow; Write-Host " minutes"; if ($exitCode -eq 0) {     Write-Host "Status: " -NoNewline;     Write-Host "Completed Successfully" -ForegroundColor Green;     $host.ui.RawUI.WindowTitle = "Scraper - 18_Ionwave.py - Completed ✓"; } else {     Write-Host "Status: " -NoNewline;     Write-Host "Failed" -ForegroundColor Red;     $host.ui.RawUI.WindowTitle = "Scraper - 18_Ionwave.py - Failed ✗";     Write-Host "Exit Code: $exitCode" -ForegroundColor Red; } Write-Host "==============================" -ForegroundColor Cyan; exit $exitCode; 
Process ID: 19256
PSVersion: 5.1.26100.2161
PSEdition: Desktop
PSCompatibleVersions: 1.0, 2.0, 3.0, 4.0, 5.0, 5.1.26100.2161
BuildVersion: 10.0.26100.2161
CLRVersion: 4.0.30319.42000
WSManStackVersion: 3.0
PSRemotingProtocolVersion: 2.3
SerializationVersion: 1.1.0.1
**********************
Transcript started, output file is scrapers\logs\18_Ionwave_IN_PROGRESS.log

=== Scraper Status ===
Script: 18_Ionwave.py
Status: Running
Start Time: 11:02:21
Log File: scrapers\logs\18_Ionwave_IN_PROGRESS.log
==============================
